[0.013s] Invoking command in '/home/dfx-rick/ctrl_ws/build/ctrl_ws': CMAKE_PREFIX_PATH=/opt/ros/foxy /usr/bin/cmake --build /home/dfx-rick/ctrl_ws/build/ctrl_ws -- -j4 -l4
[0.059s] [35m[1mScanning dependencies of target lqr_implement[0m
[0.073s] [ 50%] Built target lqr_base
[0.217s] [ 75%] [32mBuilding CXX object CMakeFiles/lqr_implement.dir/src/ctrl_node.cpp.o[0m
[2.366s] In file included from [01m[K/home/dfx-rick/ctrl_ws/src/ctrl_node.cpp:2[m[K:
[2.366s] /usr/include/c++/9/functional: In instantiation of ‘[01m[Kstruct std::_Bind_check_arity<void (ctrl_node::*)(std::shared_ptr<std_msgs::msg::Float32MultiArray_<std::allocator<void> > >), ctrl_node*>[m[K’:
[2.366s] [01m[K/usr/include/c++/9/functional:787:12:[m[K   required from ‘[01m[Kstruct std::_Bind_helper<false, void (ctrl_node::*)(std::shared_ptr<std_msgs::msg::Float32MultiArray_<std::allocator<void> > >), ctrl_node*>[m[K’
[2.366s] [01m[K/usr/include/c++/9/functional:808:5:[m[K   required by substitution of ‘[01m[Ktemplate<class _Func, class ... _BoundArgs> typename std::_Bind_helper<std::__is_socketlike<_Func>::value, _Func, _BoundArgs ...>::type std::bind(_Func&&, _BoundArgs&& ...) [with _Func = void (ctrl_node::*)(std::shared_ptr<std_msgs::msg::Float32MultiArray_<std::allocator<void> > >); _BoundArgs = {ctrl_node*}][m[K’
[2.366s] [01m[K/home/dfx-rick/ctrl_ws/src/ctrl_node.cpp:33:129:[m[K   required from here
[2.366s] [01m[K/usr/include/c++/9/functional:775:7:[m[K [01;31m[Kerror: [m[Kstatic assertion failed: Wrong number of arguments for pointer-to-member
[2.366s]   774 |       static_assert(_Varargs::[01;31m[Kvalue[m[K
[2.366s]       |                               [01;31m[K~~~~~[m[K
[2.366s]   775 | [01;31m[K      ? sizeof...(_BoundArgs) >= _Arity::value + 1[m[K
[2.366s]       |       [01;31m[K^~~~~~~~~~~~~~~~~~~~~~~~~~~~~~~~~~~~~~~~~~~~[m[K
[2.366s]   776 | [01;31m[K      : sizeof...(_BoundArgs) == _Arity::value + 1[m[K,
[2.366s]       |       [01;31m[K~~~~~~~~~~~~~~~~~~~~~~~~~~~~~~~~~~~~~~~~~~~~[m[K
[2.370s] [01m[K/home/dfx-rick/ctrl_ws/src/ctrl_node.cpp:[m[K In constructor ‘[01m[Kctrl_node::ctrl_node()[m[K’:
[2.371s] [01m[K/home/dfx-rick/ctrl_ws/src/ctrl_node.cpp:33:130:[m[K [01;31m[Kerror: [m[Kno matching function for call to ‘[01m[Kctrl_node::create_subscription<std_msgs::msg::Float32MultiArray>(const char [11], std::_Bind_helper<false, void (ctrl_node::*)(std::shared_ptr<std_msgs::msg::Float32MultiArray_<std::allocator<void> > >), ctrl_node*>::type)[m[K’
[2.371s]    33 | tiArray> ("StateTopic", std::bind(&ctrl_node::callback, this)[01;31m[K)[m[K;
[2.371s]       |                                                              [01;31m[K^[m[K
[2.371s] 
[2.371s] In file included from [01m[K/opt/ros/foxy/include/rclcpp/executors/single_threaded_executor.hpp:28[m[K,
[2.371s]                  from [01m[K/opt/ros/foxy/include/rclcpp/executors.hpp:22[m[K,
[2.371s]                  from [01m[K/opt/ros/foxy/include/rclcpp/rclcpp.hpp:146[m[K,
[2.371s]                  from [01m[K/home/dfx-rick/ctrl_ws/src/ctrl_node.cpp:6[m[K:
[2.372s] [01m[K/opt/ros/foxy/include/rclcpp/node.hpp:213:3:[m[K [01;36m[Knote: [m[Kcandidate: ‘[01m[Ktemplate<class MessageT, class CallbackT, class AllocatorT, class CallbackMessageT, class SubscriptionT, class MessageMemoryStrategyT> std::shared_ptr<SubscriptionT> rclcpp::Node::create_subscription(const string&, const rclcpp::QoS&, CallbackT&&, const rclcpp::SubscriptionOptionsWithAllocator<AllocatorT>&, typename MessageMemoryStrategyT::SharedPtr)[m[K’
[2.372s]   213 |   [01;36m[Kcreate_subscription[m[K(
[2.372s]       |   [01;36m[K^~~~~~~~~~~~~~~~~~~[m[K
[2.372s] [01m[K/opt/ros/foxy/include/rclcpp/node.hpp:213:3:[m[K [01;36m[Knote: [m[K  template argument deduction/substitution failed:
[2.372s] [01m[K/home/dfx-rick/ctrl_ws/src/ctrl_node.cpp:33:130:[m[K [01;36m[Knote: [m[K  candidate expects 5 arguments, 2 provided
[2.372s]    33 | tiArray> ("StateTopic", std::bind(&ctrl_node::callback, this)[01;36m[K)[m[K;
[2.372s]       |                                                              [01;36m[K^[m[K
[2.372s] 
[2.372s] [01m[K/home/dfx-rick/ctrl_ws/src/ctrl_node.cpp:34:131:[m[K [01;31m[Kerror: [m[Kno matching function for call to ‘[01m[Kctrl_node::create_subscription<std_msgs::msg::Float32MultiArray>(const char [9], std::_Bind_helper<false, void (ctrl_node::*)(std::shared_ptr<std_msgs::msg::Float32MultiArray_<std::allocator<void> > >), ctrl_node*>::type)[m[K’
[2.373s]    34 | iArray> ("Desstate", std::bind(&ctrl_node::descallback, this)[01;31m[K)[m[K;
[2.373s]       |                                                              [01;31m[K^[m[K
[2.373s] 
[2.373s] In file included from [01m[K/opt/ros/foxy/include/rclcpp/executors/single_threaded_executor.hpp:28[m[K,
[2.373s]                  from [01m[K/opt/ros/foxy/include/rclcpp/executors.hpp:22[m[K,
[2.373s]                  from [01m[K/opt/ros/foxy/include/rclcpp/rclcpp.hpp:146[m[K,
[2.373s]                  from [01m[K/home/dfx-rick/ctrl_ws/src/ctrl_node.cpp:6[m[K:
[2.373s] [01m[K/opt/ros/foxy/include/rclcpp/node.hpp:213:3:[m[K [01;36m[Knote: [m[Kcandidate: ‘[01m[Ktemplate<class MessageT, class CallbackT, class AllocatorT, class CallbackMessageT, class SubscriptionT, class MessageMemoryStrategyT> std::shared_ptr<SubscriptionT> rclcpp::Node::create_subscription(const string&, const rclcpp::QoS&, CallbackT&&, const rclcpp::SubscriptionOptionsWithAllocator<AllocatorT>&, typename MessageMemoryStrategyT::SharedPtr)[m[K’
[2.373s]   213 |   [01;36m[Kcreate_subscription[m[K(
[2.374s]       |   [01;36m[K^~~~~~~~~~~~~~~~~~~[m[K
[2.374s] [01m[K/opt/ros/foxy/include/rclcpp/node.hpp:213:3:[m[K [01;36m[Knote: [m[K  template argument deduction/substitution failed:
[2.374s] [01m[K/home/dfx-rick/ctrl_ws/src/ctrl_node.cpp:34:131:[m[K [01;36m[Knote: [m[K  candidate expects 5 arguments, 2 provided
[2.374s]    34 | iArray> ("Desstate", std::bind(&ctrl_node::descallback, this)[01;36m[K)[m[K;
[2.374s]       |                                                              [01;36m[K^[m[K
[2.374s] 
[2.402s] [01m[K/home/dfx-rick/ctrl_ws/src/ctrl_node.cpp:[m[K In member function ‘[01m[Kvoid ctrl_node::callback(std_msgs::msg::Float32MultiArray_<std::allocator<void> >::SharedPtr)[m[K’:
[2.402s] [01m[K/home/dfx-rick/ctrl_ws/src/ctrl_node.cpp:92:17:[m[K [01;31m[Kerror: [m[Kno match for ‘[01m[Koperator=[m[K’ (operand types are ‘[01m[Kstd_msgs::msg::Float32MultiArray_<std::allocator<void> >::_data_type[m[K’ {aka ‘[01m[Kstd::vector<float>[m[K’} and ‘[01m[KEigen::DenseCoeffsBase<Eigen::Matrix<double, -1, -1>, 1>::Scalar[m[K’ {aka ‘[01m[Kdouble[m[K’})
[2.402s]    92 |    ci.data=U(j,0[01;31m[K)[m[K;
[2.402s]       |                 [01;31m[K^[m[K
[2.402s] In file included from [01m[K/usr/include/c++/9/vector:72[m[K,
[2.402s]                  from [01m[K/usr/include/c++/9/functional:62[m[K,
[2.402s]                  from [01m[K/home/dfx-rick/ctrl_ws/src/ctrl_node.cpp:2[m[K:
[2.402s] [01m[K/usr/include/c++/9/bits/vector.tcc:198:5:[m[K [01;36m[Knote: [m[Kcandidate: ‘[01m[Kstd::vector<_Tp, _Alloc>& std::vector<_Tp, _Alloc>::operator=(const std::vector<_Tp, _Alloc>&) [with _Tp = float; _Alloc = std::allocator<float>][m[K’
[2.402s]   198 |     [01;36m[Kvector<_Tp, _Alloc>[m[K::
[2.402s]       |     [01;36m[K^~~~~~~~~~~~~~~~~~~[m[K
[2.403s] [01m[K/usr/include/c++/9/bits/vector.tcc:199:42:[m[K [01;36m[Knote: [m[K  no known conversion for argument 1 from ‘[01m[KEigen::DenseCoeffsBase<Eigen::Matrix<double, -1, -1>, 1>::Scalar[m[K’ {aka ‘[01m[Kdouble[m[K’} to ‘[01m[Kconst std::vector<float>&[m[K’
[2.403s]   199 |     operator=([01;36m[Kconst vector<_Tp, _Alloc>& __x[m[K)
[2.403s]       |               [01;36m[K~~~~~~~~~~~~~~~~~~~~~~~~~~~^~~[m[K
[2.403s] In file included from [01m[K/usr/include/c++/9/vector:67[m[K,
[2.403s]                  from [01m[K/usr/include/c++/9/functional:62[m[K,
[2.403s]                  from [01m[K/home/dfx-rick/ctrl_ws/src/ctrl_node.cpp:2[m[K:
[2.403s] [01m[K/usr/include/c++/9/bits/stl_vector.h:706:7:[m[K [01;36m[Knote: [m[Kcandidate: ‘[01m[Kstd::vector<_Tp, _Alloc>& std::vector<_Tp, _Alloc>::operator=(std::vector<_Tp, _Alloc>&&) [with _Tp = float; _Alloc = std::allocator<float>][m[K’
[2.403s]   706 |       [01;36m[Koperator[m[K=(vector&& __x) noexcept(_Alloc_traits::_S_nothrow_move())
[2.403s]       |       [01;36m[K^~~~~~~~[m[K
[2.403s] [01m[K/usr/include/c++/9/bits/stl_vector.h:706:26:[m[K [01;36m[Knote: [m[K  no known conversion for argument 1 from ‘[01m[KEigen::DenseCoeffsBase<Eigen::Matrix<double, -1, -1>, 1>::Scalar[m[K’ {aka ‘[01m[Kdouble[m[K’} to ‘[01m[Kstd::vector<float>&&[m[K’
[2.403s]   706 |       operator=([01;36m[Kvector&& __x[m[K) noexcept(_Alloc_traits::_S_nothrow_move())
[2.403s]       |                 [01;36m[K~~~~~~~~~^~~[m[K
[2.403s] [01m[K/usr/include/c++/9/bits/stl_vector.h:727:7:[m[K [01;36m[Knote: [m[Kcandidate: ‘[01m[Kstd::vector<_Tp, _Alloc>& std::vector<_Tp, _Alloc>::operator=(std::initializer_list<_Tp>) [with _Tp = float; _Alloc = std::allocator<float>][m[K’
[2.403s]   727 |       [01;36m[Koperator[m[K=(initializer_list<value_type> __l)
[2.403s]       |       [01;36m[K^~~~~~~~[m[K
[2.403s] [01m[K/usr/include/c++/9/bits/stl_vector.h:727:46:[m[K [01;36m[Knote: [m[K  no known conversion for argument 1 from ‘[01m[KEigen::DenseCoeffsBase<Eigen::Matrix<double, -1, -1>, 1>::Scalar[m[K’ {aka ‘[01m[Kdouble[m[K’} to ‘[01m[Kstd::initializer_list<float>[m[K’
[2.403s]   727 |       operator=([01;36m[Kinitializer_list<value_type> __l[m[K)
[2.404s]       |                 [01;36m[K~~~~~~~~~~~~~~~~~~~~~~~~~~~~~^~~[m[K
[2.408s] [01m[K/home/dfx-rick/ctrl_ws/src/ctrl_node.cpp:93:25:[m[K [01;31m[Kerror: [m[Kno matching function for call to ‘[01m[Krclcpp::Publisher<std_msgs::msg::Float32_<std::allocator<void> > >::publish(std_msgs::msg::Float32MultiArray&)[m[K’
[2.408s]    93 |    joints[j]->publish(ci[01;31m[K)[m[K;
[2.408s]       |                         [01;31m[K^[m[K
[2.408s] In file included from [01m[K/opt/ros/foxy/include/rclcpp/topic_statistics/subscription_topic_statistics.hpp:31[m[K,
[2.408s]                  from [01m[K/opt/ros/foxy/include/rclcpp/subscription.hpp:50[m[K,
[2.408s]                  from [01m[K/opt/ros/foxy/include/rclcpp/any_executable.hpp:25[m[K,
[2.408s]                  from [01m[K/opt/ros/foxy/include/rclcpp/memory_strategy.hpp:24[m[K,
[2.409s]                  from [01m[K/opt/ros/foxy/include/rclcpp/memory_strategies.hpp:18[m[K,
[2.409s]                  from [01m[K/opt/ros/foxy/include/rclcpp/executor_options.hpp:20[m[K,
[2.409s]                  from [01m[K/opt/ros/foxy/include/rclcpp/executor.hpp:33[m[K,
[2.409s]                  from [01m[K/opt/ros/foxy/include/rclcpp/executors/multi_threaded_executor.hpp:25[m[K,
[2.409s]                  from [01m[K/opt/ros/foxy/include/rclcpp/executors.hpp:21[m[K,
[2.409s]                  from [01m[K/opt/ros/foxy/include/rclcpp/rclcpp.hpp:146[m[K,
[2.409s]                  from [01m[K/home/dfx-rick/ctrl_ws/src/ctrl_node.cpp:6[m[K:
[2.409s] [01m[K/opt/ros/foxy/include/rclcpp/publisher.hpp:185:3:[m[K [01;36m[Knote: [m[Kcandidate: ‘[01m[Kvoid rclcpp::Publisher<MessageT, AllocatorT>::publish(std::unique_ptr<MessageT, typename std::conditional<std::is_same<typename std::allocator_traits<typename std::allocator_traits<_NodeAlloc>::rebind_traits<MessageT>::allocator_type>::rebind_alloc<MessageT>, typename std::allocator<void>::rebind<_Tp1>::other>::value, std::default_delete<_Tp>, rclcpp::allocator::AllocatorDeleter<typename std::allocator_traits<_NodeAlloc>::rebind_traits<MessageT>::allocator_type> >::type>) [with MessageT = std_msgs::msg::Float32_<std::allocator<void> >; AllocatorT = std::allocator<void>; typename std::conditional<std::is_same<typename std::allocator_traits<typename std::allocator_traits<_NodeAlloc>::rebind_traits<MessageT>::allocator_type>::rebind_alloc<MessageT>, typename std::allocator<void>::rebind<_Tp1>::other>::value, std::default_delete<_Tp>, rclcpp::allocator::AllocatorDeleter<typename std::allocator_traits<_NodeAlloc>::rebind_traits<MessageT>::allocator_type> >::type = std::default_delete<std_msgs::msg::Float32_<std::allocator<void> > >][m[K’
[2.409s]   185 |   [01;36m[Kpublish[m[K(std::unique_ptr<MessageT, MessageDeleter> msg)
[2.410s]       |   [01;36m[K^~~~~~~[m[K
[2.410s] [01m[K/opt/ros/foxy/include/rclcpp/publisher.hpp:185:53:[m[K [01;36m[Knote: [m[K  no known conversion for argument 1 from ‘[01m[Kstd_msgs::msg::Float32MultiArray[m[K’ {aka ‘[01m[Kstd_msgs::msg::Float32MultiArray_<std::allocator<void> >[m[K’} to ‘[01m[Kstd::unique_ptr<std_msgs::msg::Float32_<std::allocator<void> >, std::default_delete<std_msgs::msg::Float32_<std::allocator<void> > > >[m[K’
[2.410s]   185 |   publish([01;36m[Kstd::unique_ptr<MessageT, MessageDeleter> msg[m[K)
[2.410s]       |           [01;36m[K~~~~~~~~~~~~~~~~~~~~~~~~~~~~~~~~~~~~~~~~~~^~~[m[K
[2.410s] [01m[K/opt/ros/foxy/include/rclcpp/publisher.hpp:209:3:[m[K [01;36m[Knote: [m[Kcandidate: ‘[01m[Kvoid rclcpp::Publisher<MessageT, AllocatorT>::publish(const MessageT&) [with MessageT = std_msgs::msg::Float32_<std::allocator<void> >; AllocatorT = std::allocator<void>][m[K’
[2.410s]   209 |   [01;36m[Kpublish[m[K(const MessageT & msg)
[2.410s]       |   [01;36m[K^~~~~~~[m[K
[2.410s] [01m[K/opt/ros/foxy/include/rclcpp/publisher.hpp:209:28:[m[K [01;36m[Knote: [m[K  no known conversion for argument 1 from ‘[01m[Kstd_msgs::msg::Float32MultiArray[m[K’ {aka ‘[01m[Kstd_msgs::msg::Float32MultiArray_<std::allocator<void> >[m[K’} to ‘[01m[Kconst std_msgs::msg::Float32_<std::allocator<void> >&[m[K’
[2.410s]   209 |   publish([01;36m[Kconst MessageT & msg[m[K)
[2.411s]       |           [01;36m[K~~~~~~~~~~~~~~~~~^~~[m[K
[2.411s] [01m[K/opt/ros/foxy/include/rclcpp/publisher.hpp:226:3:[m[K [01;36m[Knote: [m[Kcandidate: ‘[01m[Kvoid rclcpp::Publisher<MessageT, AllocatorT>::publish(const rcl_serialized_message_t&) [with MessageT = std_msgs::msg::Float32_<std::allocator<void> >; AllocatorT = std::allocator<void>; rcl_serialized_message_t = rcutils_uint8_array_t][m[K’
[2.411s]   226 |   [01;36m[Kpublish[m[K(const rcl_serialized_message_t & serialized_msg)
[2.411s]       |   [01;36m[K^~~~~~~[m[K
[2.411s] [01m[K/opt/ros/foxy/include/rclcpp/publisher.hpp:226:44:[m[K [01;36m[Knote: [m[K  no known conversion for argument 1 from ‘[01m[Kstd_msgs::msg::Float32MultiArray[m[K’ {aka ‘[01m[Kstd_msgs::msg::Float32MultiArray_<std::allocator<void> >[m[K’} to ‘[01m[Kconst rcl_serialized_message_t&[m[K’ {aka ‘[01m[Kconst rcutils_uint8_array_t&[m[K’}
[2.411s]   226 |   publish([01;36m[Kconst rcl_serialized_message_t & serialized_msg[m[K)
[2.411s]       |           [01;36m[K~~~~~~~~~~~~~~~~~~~~~~~~~~~~~~~~~^~~~~~~~~~~~~~[m[K
[2.411s] [01m[K/opt/ros/foxy/include/rclcpp/publisher.hpp:232:3:[m[K [01;36m[Knote: [m[Kcandidate: ‘[01m[Kvoid rclcpp::Publisher<MessageT, AllocatorT>::publish(const rclcpp::SerializedMessage&) [with MessageT = std_msgs::msg::Float32_<std::allocator<void> >; AllocatorT = std::allocator<void>][m[K’
[2.411s]   232 |   [01;36m[Kpublish[m[K(const SerializedMessage & serialized_msg)
[2.412s]       |   [01;36m[K^~~~~~~[m[K
[2.412s] [01m[K/opt/ros/foxy/include/rclcpp/publisher.hpp:232:37:[m[K [01;36m[Knote: [m[K  no known conversion for argument 1 from ‘[01m[Kstd_msgs::msg::Float32MultiArray[m[K’ {aka ‘[01m[Kstd_msgs::msg::Float32MultiArray_<std::allocator<void> >[m[K’} to ‘[01m[Kconst rclcpp::SerializedMessage&[m[K’
[2.412s]   232 |   publish([01;36m[Kconst SerializedMessage & serialized_msg[m[K)
[2.413s]       |           [01;36m[K~~~~~~~~~~~~~~~~~~~~~~~~~~^~~~~~~~~~~~~~[m[K
[2.413s] [01m[K/opt/ros/foxy/include/rclcpp/publisher.hpp:246:3:[m[K [01;36m[Knote: [m[Kcandidate: ‘[01m[Kvoid rclcpp::Publisher<MessageT, AllocatorT>::publish(rclcpp::LoanedMessage<MessageT, AllocatorT>&&) [with MessageT = std_msgs::msg::Float32_<std::allocator<void> >; AllocatorT = std::allocator<void>][m[K’
[2.413s]   246 |   [01;36m[Kpublish[m[K(rclcpp::LoanedMessage<MessageT, AllocatorT> && loaned_msg)
[2.413s]       |   [01;36m[K^~~~~~~[m[K
[2.413s] [01m[K/opt/ros/foxy/include/rclcpp/publisher.hpp:246:58:[m[K [01;36m[Knote: [m[K  no known conversion for argument 1 from ‘[01m[Kstd_msgs::msg::Float32MultiArray[m[K’ {aka ‘[01m[Kstd_msgs::msg::Float32MultiArray_<std::allocator<void> >[m[K’} to ‘[01m[Krclcpp::LoanedMessage<std_msgs::msg::Float32_<std::allocator<void> >, std::allocator<void> >&&[m[K’
[2.414s]   246 |   publish([01;36m[Krclcpp::LoanedMessage<MessageT, AllocatorT> && loaned_msg[m[K)
[2.414s]       |           [01;36m[K~~~~~~~~~~~~~~~~~~~~~~~~~~~~~~~~~~~~~~~~~~~~~~~^~~~~~~~~~[m[K
[3.234s] make[2]: *** [CMakeFiles/lqr_implement.dir/build.make:63: CMakeFiles/lqr_implement.dir/src/ctrl_node.cpp.o] Error 1
[3.234s] make[1]: *** [CMakeFiles/Makefile2:80: CMakeFiles/lqr_implement.dir/all] Error 2
[3.234s] make: *** [Makefile:141: all] Error 2
[3.236s] Invoked command in '/home/dfx-rick/ctrl_ws/build/ctrl_ws' returned '2': CMAKE_PREFIX_PATH=/opt/ros/foxy /usr/bin/cmake --build /home/dfx-rick/ctrl_ws/build/ctrl_ws -- -j4 -l4
