[0.012s] Invoking command in '/home/dfx-rick/ctrl_ws/build/ctrl_ws': CMAKE_PREFIX_PATH=/opt/ros/foxy /usr/bin/cmake --build /home/dfx-rick/ctrl_ws/build/ctrl_ws -- -j4 -l4
[0.040s] -- Found ament_cmake: 0.9.8 (/opt/ros/foxy/share/ament_cmake/cmake)
[0.061s] -- Using PYTHON_EXECUTABLE: /usr/bin/python3
[0.252s] -- Override CMake install command with custom implementation using symlinks instead of copying resources
[0.259s] -- Found rclcpp: 2.3.1 (/opt/ros/foxy/share/rclcpp/cmake)
[0.291s] -- Using all available rosidl_typesupport_c: rosidl_typesupport_fastrtps_c;rosidl_typesupport_introspection_c
[0.294s] -- Found rosidl_adapter: 1.2.1 (/opt/ros/foxy/share/rosidl_adapter/cmake)
[0.411s] -- Using all available rosidl_typesupport_cpp: rosidl_typesupport_fastrtps_cpp;rosidl_typesupport_introspection_cpp
[0.459s] -- Found rmw_implementation_cmake: 1.0.3 (/opt/ros/foxy/share/rmw_implementation_cmake/cmake)
[0.460s] -- Using RMW implementation 'rmw_fastrtps_cpp' as default
[0.601s] -- Found ament_lint_auto: 0.9.6 (/opt/ros/foxy/share/ament_lint_auto/cmake)
[0.667s] -- Added test 'copyright' to check source files copyright and LICENSE
[0.737s] -- Added test 'cppcheck' to perform static code analysis on C / C++ code
[0.737s] -- Configured cppcheck include dirs: /home/dfx-rick/ctrl_ws/include
[0.737s] -- Configured cppcheck exclude dirs and/or files: 
[0.809s] -- Added test 'cpplint' to check C / C++ code against the Google style
[0.809s] -- Configured cpplint exclude dirs and/or files: 
[0.818s] -- Added test 'flake8' to check Python code syntax and style conventions
[0.837s] -- Added test 'lint_cmake' to check CMake code style
[0.845s] -- Added test 'pep257' to check Python code against some of the style conventions in PEP 257
[0.916s] -- Added test 'uncrustify' to check C / C++ code style
[0.916s] -- Configured uncrustify additional arguments: 
[0.924s] -- Added test 'xmllint' to check XML markup files
[0.929s] -- Configuring done
[0.936s] -- Generating done
[0.938s] -- Build files have been written to: /home/dfx-rick/ctrl_ws/build/ctrl_ws
[0.961s] [35m[1mScanning dependencies of target lqr_implement[0m
[0.971s] [ 50%] Built target lqr_base
[1.972s] [ 75%] [32mBuilding CXX object CMakeFiles/lqr_implement.dir/src/ctrl_node.cpp.o[0m
[4.241s] [01m[K/home/dfx-rick/ctrl_ws/src/ctrl_node.cpp:[m[K In constructor ‘[01m[Kctrl_node::ctrl_node()[m[K’:
[4.241s] [01m[K/home/dfx-rick/ctrl_ws/src/ctrl_node.cpp:25:98:[m[K [01;31m[Kerror: [m[Kno matching function for call to ‘[01m[Kctrl_node::create_publisher<std_msgs::msg::Float32>(std::__cxx11::basic_string<char>)[m[K’
[4.241s]    25 | <std_msgs::msg::Float32>("/joint"+std::to_string(i+1)+"_ctrl"[01;31m[K)[m[K;
[4.242s]       |                                                              [01;31m[K^[m[K
[4.242s] 
[4.242s] In file included from [01m[K/opt/ros/foxy/include/rclcpp/executors/single_threaded_executor.hpp:28[m[K,
[4.242s]                  from [01m[K/opt/ros/foxy/include/rclcpp/executors.hpp:22[m[K,
[4.242s]                  from [01m[K/opt/ros/foxy/include/rclcpp/rclcpp.hpp:146[m[K,
[4.242s]                  from [01m[K/home/dfx-rick/ctrl_ws/src/ctrl_node.cpp:6[m[K:
[4.242s] [01m[K/opt/ros/foxy/include/rclcpp/node.hpp:184:3:[m[K [01;36m[Knote: [m[Kcandidate: ‘[01m[Ktemplate<class MessageT, class AllocatorT, class PublisherT> std::shared_ptr<PublisherT> rclcpp::Node::create_publisher(const string&, const rclcpp::QoS&, const rclcpp::PublisherOptionsWithAllocator<AllocatorT>&)[m[K’
[4.242s]   184 |   [01;36m[Kcreate_publisher[m[K(
[4.242s]       |   [01;36m[K^~~~~~~~~~~~~~~~[m[K
[4.242s] [01m[K/opt/ros/foxy/include/rclcpp/node.hpp:184:3:[m[K [01;36m[Knote: [m[K  template argument deduction/substitution failed:
[4.242s] [01m[K/home/dfx-rick/ctrl_ws/src/ctrl_node.cpp:25:98:[m[K [01;36m[Knote: [m[K  candidate expects 3 arguments, 1 provided
[4.242s]    25 | <std_msgs::msg::Float32>("/joint"+std::to_string(i+1)+"_ctrl"[01;36m[K)[m[K;
[4.242s]       |                                                              [01;36m[K^[m[K
[4.242s] 
[4.242s] In file included from [01m[K/home/dfx-rick/ctrl_ws/src/ctrl_node.cpp:2[m[K:
[4.243s] /usr/include/c++/9/functional: In instantiation of ‘[01m[Kstruct std::_Bind_check_arity<void (ctrl_node::*)(std::shared_ptr<std_msgs::msg::Float32MultiArray_<std::allocator<void> > >)>[m[K’:
[4.243s] [01m[K/usr/include/c++/9/functional:787:12:[m[K   required from ‘[01m[Kstruct std::_Bind_helper<false, void (ctrl_node::*)(std::shared_ptr<std_msgs::msg::Float32MultiArray_<std::allocator<void> > >)>[m[K’
[4.243s] [01m[K/usr/include/c++/9/functional:808:5:[m[K   required by substitution of ‘[01m[Ktemplate<class _Func, class ... _BoundArgs> typename std::_Bind_helper<std::__is_socketlike<_Func>::value, _Func, _BoundArgs ...>::type std::bind(_Func&&, _BoundArgs&& ...) [with _Func = void (ctrl_node::*)(std::shared_ptr<std_msgs::msg::Float32MultiArray_<std::allocator<void> > >); _BoundArgs = {}][m[K’
[4.243s] [01m[K/home/dfx-rick/ctrl_ws/src/ctrl_node.cpp:28:122:[m[K   required from here
[4.243s] [01m[K/usr/include/c++/9/functional:775:7:[m[K [01;31m[Kerror: [m[Kstatic assertion failed: Wrong number of arguments for pointer-to-member
[4.243s]   774 |       static_assert(_Varargs::[01;31m[Kvalue[m[K
[4.243s]       |                               [01;31m[K~~~~~[m[K
[4.243s]   775 | [01;31m[K      ? sizeof...(_BoundArgs) >= _Arity::value + 1[m[K
[4.243s]       |       [01;31m[K^~~~~~~~~~~~~~~~~~~~~~~~~~~~~~~~~~~~~~~~~~~~[m[K
[4.243s]   776 | [01;31m[K      : sizeof...(_BoundArgs) == _Arity::value + 1[m[K,
[4.244s]       |       [01;31m[K~~~~~~~~~~~~~~~~~~~~~~~~~~~~~~~~~~~~~~~~~~~~[m[K
[4.244s] /usr/include/c++/9/functional: In substitution of ‘[01m[Ktemplate<class _Functor, class ... _Bound_args> template<class _Fn, class _CallArgs, class ... _BArgs> using _Res_type_impl = typename std::result_of<_Fn&(std::_Bind<_Functor(_Bound_args ...)>::_Mu_type<_BArgs, _CallArgs>&& ...)>::type [with _Fn = void (ctrl_node::*)(std::shared_ptr<std_msgs::msg::Float32MultiArray_<std::allocator<void> > >); _CallArgs = _CallArgs; _BArgs = {}; _Functor = void (ctrl_node::*)(std::shared_ptr<std_msgs::msg::Float32MultiArray_<std::allocator<void> > >); _Bound_args = {}][m[K’:
[4.244s] [01m[K/usr/include/c++/9/functional:447:8:[m[K   required from ‘[01m[Kstruct std::_Bind<void (ctrl_node::*())(std::shared_ptr<std_msgs::msg::Float32MultiArray_<std::allocator<void> > >)>[m[K’
[4.244s] [01m[K/home/dfx-rick/ctrl_ws/src/ctrl_node.cpp:28:122:[m[K   required from here
[4.244s] [01m[K/usr/include/c++/9/functional:443:8:[m[K [01;31m[Kerror: [m[Kno type named ‘[01m[Ktype[m[K’ in ‘[01m[Kclass std::result_of<void (ctrl_node::*&())(std::shared_ptr<std_msgs::msg::Float32MultiArray_<std::allocator<void> > >)>[m[K’
[4.244s]   443 |  using [01;31m[K_Res_type_impl[m[K
[4.244s]       |        [01;31m[K^~~~~~~~~~~~~~[m[K
[4.244s] /usr/include/c++/9/functional: In substitution of ‘[01m[Ktemplate<class _Functor, class ... _Bound_args> template<class _Fn, class _CallArgs, class ... _BArgs> using _Res_type_impl = typename std::result_of<_Fn&(std::_Bind<_Functor(_Bound_args ...)>::_Mu_type<_BArgs, _CallArgs>&& ...)>::type [with _Fn = void (ctrl_node::*)(std::shared_ptr<std_msgs::msg::Float32MultiArray_<std::allocator<void> > >); _CallArgs = std::tuple<_Tps ...>; _BArgs = {}; _Functor = void (ctrl_node::*)(std::shared_ptr<std_msgs::msg::Float32MultiArray_<std::allocator<void> > >); _Bound_args = {}][m[K’:
[4.244s] [01m[K/usr/include/c++/9/functional:447:8:[m[K   required by substitution of ‘[01m[Ktemplate<class _Functor, class ... _Bound_args> template<class _CallArgs> using _Res_type = std::_Bind<_Functor(_Bound_args ...)>::_Res_type_impl<_Functor, _CallArgs, _Bound_args ...> [with _CallArgs = std::tuple<_Tps ...>; _Functor = void (ctrl_node::*)(std::shared_ptr<std_msgs::msg::Float32MultiArray_<std::allocator<void> > >); _Bound_args = {}][m[K’
[4.244s] [01m[K/usr/include/c++/9/functional:480:2:[m[K   required from ‘[01m[Kstruct std::_Bind<void (ctrl_node::*())(std::shared_ptr<std_msgs::msg::Float32MultiArray_<std::allocator<void> > >)>[m[K’
[4.244s] [01m[K/home/dfx-rick/ctrl_ws/src/ctrl_node.cpp:28:122:[m[K   required from here
[4.244s] [01m[K/usr/include/c++/9/functional:443:8:[m[K [01;31m[Kerror: [m[Kno type named ‘[01m[Ktype[m[K’ in ‘[01m[Kclass std::result_of<void (ctrl_node::*&())(std::shared_ptr<std_msgs::msg::Float32MultiArray_<std::allocator<void> > >)>[m[K’
[4.244s] [01m[K/home/dfx-rick/ctrl_ws/src/ctrl_node.cpp:28:123:[m[K [01;31m[Kerror: [m[Kno matching function for call to ‘[01m[Kctrl_node::create_subscription<std_msgs::msg::Float32MultiArray>(const char [11], std::_Bind_helper<false, void (ctrl_node::*)(std::shared_ptr<std_msgs::msg::Float32MultiArray_<std::allocator<void> > >)>::type)[m[K’
[4.245s]    28 | at32MultiArray>("StateTopic", std::bind(&ctrl_node::callback)[01;31m[K)[m[K;
[4.245s]       |                                                              [01;31m[K^[m[K
[4.245s] 
[4.245s] In file included from [01m[K/opt/ros/foxy/include/rclcpp/executors/single_threaded_executor.hpp:28[m[K,
[4.245s]                  from [01m[K/opt/ros/foxy/include/rclcpp/executors.hpp:22[m[K,
[4.245s]                  from [01m[K/opt/ros/foxy/include/rclcpp/rclcpp.hpp:146[m[K,
[4.245s]                  from [01m[K/home/dfx-rick/ctrl_ws/src/ctrl_node.cpp:6[m[K:
[4.245s] [01m[K/opt/ros/foxy/include/rclcpp/node.hpp:213:3:[m[K [01;36m[Knote: [m[Kcandidate: ‘[01m[Ktemplate<class MessageT, class CallbackT, class AllocatorT, class CallbackMessageT, class SubscriptionT, class MessageMemoryStrategyT> std::shared_ptr<SubscriptionT> rclcpp::Node::create_subscription(const string&, const rclcpp::QoS&, CallbackT&&, const rclcpp::SubscriptionOptionsWithAllocator<AllocatorT>&, typename MessageMemoryStrategyT::SharedPtr)[m[K’
[4.245s]   213 |   [01;36m[Kcreate_subscription[m[K(
[4.245s]       |   [01;36m[K^~~~~~~~~~~~~~~~~~~[m[K
[4.245s] [01m[K/opt/ros/foxy/include/rclcpp/node.hpp:213:3:[m[K [01;36m[Knote: [m[K  template argument deduction/substitution failed:
[4.245s] [01m[K/home/dfx-rick/ctrl_ws/src/ctrl_node.cpp:28:123:[m[K [01;36m[Knote: [m[K  candidate expects 5 arguments, 2 provided
[4.245s]    28 | at32MultiArray>("StateTopic", std::bind(&ctrl_node::callback)[01;36m[K)[m[K;
[4.245s]       |                                                              [01;36m[K^[m[K
[4.245s] 
[4.245s] [01m[K/home/dfx-rick/ctrl_ws/src/ctrl_node.cpp:29:124:[m[K [01;31m[Kerror: [m[Kno matching function for call to ‘[01m[Kctrl_node::create_subscription<std_msgs::msg::Float32MultiArray>(const char [9], std::_Bind_helper<false, void (ctrl_node::*)(std::shared_ptr<std_msgs::msg::Float32MultiArray_<std::allocator<void> > >)>::type)[m[K’
[4.245s]    29 | t32MultiArray>("Desstate", std::bind(&ctrl_node::descallback)[01;31m[K)[m[K;
[4.245s]       |                                                              [01;31m[K^[m[K
[4.246s] 
[4.246s] In file included from [01m[K/opt/ros/foxy/include/rclcpp/executors/single_threaded_executor.hpp:28[m[K,
[4.246s]                  from [01m[K/opt/ros/foxy/include/rclcpp/executors.hpp:22[m[K,
[4.246s]                  from [01m[K/opt/ros/foxy/include/rclcpp/rclcpp.hpp:146[m[K,
[4.246s]                  from [01m[K/home/dfx-rick/ctrl_ws/src/ctrl_node.cpp:6[m[K:
[4.246s] [01m[K/opt/ros/foxy/include/rclcpp/node.hpp:213:3:[m[K [01;36m[Knote: [m[Kcandidate: ‘[01m[Ktemplate<class MessageT, class CallbackT, class AllocatorT, class CallbackMessageT, class SubscriptionT, class MessageMemoryStrategyT> std::shared_ptr<SubscriptionT> rclcpp::Node::create_subscription(const string&, const rclcpp::QoS&, CallbackT&&, const rclcpp::SubscriptionOptionsWithAllocator<AllocatorT>&, typename MessageMemoryStrategyT::SharedPtr)[m[K’
[4.246s]   213 |   [01;36m[Kcreate_subscription[m[K(
[4.246s]       |   [01;36m[K^~~~~~~~~~~~~~~~~~~[m[K
[4.246s] [01m[K/opt/ros/foxy/include/rclcpp/node.hpp:213:3:[m[K [01;36m[Knote: [m[K  template argument deduction/substitution failed:
[4.246s] [01m[K/home/dfx-rick/ctrl_ws/src/ctrl_node.cpp:29:124:[m[K [01;36m[Knote: [m[K  candidate expects 5 arguments, 2 provided
[4.246s]    29 | t32MultiArray>("Desstate", std::bind(&ctrl_node::descallback)[01;36m[K)[m[K;
[4.246s]       |                                                              [01;36m[K^[m[K
[4.246s] 
[4.252s] [01m[K/home/dfx-rick/ctrl_ws/src/ctrl_node.cpp:[m[K In member function ‘[01m[Kvoid ctrl_node::callback(std_msgs::msg::Float32MultiArray_<std::allocator<void> >::SharedPtr)[m[K’:
[4.252s] [01m[K/home/dfx-rick/ctrl_ws/src/ctrl_node.cpp:76:28:[m[K [01;31m[Kerror: [m[K‘[01m[KMAtrixXd[m[K’ is not a member of ‘[01m[KEigen[m[K’; did you mean ‘[01m[KMatrixXd[m[K’?
[4.252s]    76 |   Eigen::MatrixXd U=Eigen::[01;31m[KMAtrixXd[m[K(joints.size(),1);
[4.253s]       |                            [01;31m[K^~~~~~~~[m[K
[4.253s]       |                            [32m[KMatrixXd[m[K
[4.253s] [01m[K/home/dfx-rick/ctrl_ws/src/ctrl_node.cpp:78:21:[m[K [01;35m[Kwarning: [m[Kcomparison of integer expressions of different signedness: ‘[01m[Kint[m[K’ and ‘[01m[Kstd::vector<float>::size_type[m[K’ {aka ‘[01m[Klong unsigned int[m[K’} [[01;35m[K-Wsign-compare[m[K]
[4.253s]    78 |   for (int i = 0; [01;35m[Ki <msg_->data.size()[m[K; i++)
[4.253s]       |                   [01;35m[K~~^~~~~~~~~~~~~~~~~~[m[K
[4.253s] [01m[K/home/dfx-rick/ctrl_ws/src/ctrl_node.cpp:80:23:[m[K [01;31m[Kerror: [m[Kno match for call to ‘[01m[K(std_msgs::msg::Float32MultiArray_<std::allocator<void> >::_data_type {aka std::vector<float>}) (int&)[m[K’
[4.253s]    80 |    E(i,0)=msg_->data(i[01;31m[K)[m[K-msg->data(i);
[4.253s]       |                       [01;31m[K^[m[K
[4.253s] [01m[K/home/dfx-rick/ctrl_ws/src/ctrl_node.cpp:80:36:[m[K [01;31m[Kerror: [m[Kno match for call to ‘[01m[K(std_msgs::msg::Float32MultiArray_<std::allocator<void> >::_data_type {aka std::vector<float>}) (int&)[m[K’
[4.253s]    80 |    E(i,0)=msg_->data(i)-msg->data(i[01;31m[K)[m[K;
[4.253s]       |                                    [01;31m[K^[m[K
[4.271s] [01m[K/home/dfx-rick/ctrl_ws/src/ctrl_node.cpp:88:6:[m[K [01;31m[Kerror: [m[Kbase operand of ‘[01m[K->[m[K’ has non-pointer type ‘[01m[Kstd_msgs::msg::Float32MultiArray[m[K’ {aka ‘[01m[Kstd_msgs::msg::Float32MultiArray_<std::allocator<void> >[m[K’}
[4.271s]    88 |    ci[01;31m[K->[m[Kdata=U(j,0);
[4.271s]       |      [01;31m[K^~[m[K
[4.279s] [01m[K/home/dfx-rick/ctrl_ws/src/ctrl_node.cpp:89:24:[m[K [01;31m[Kerror: [m[Kno matching function for call to ‘[01m[Krclcpp::Publisher<std_msgs::msg::Float32_<std::allocator<void> > >::publish(std_msgs::msg::Float32MultiArray&)[m[K’
[4.280s]    89 |    joints[j].publish(ci[01;31m[K)[m[K;
[4.280s]       |                        [01;31m[K^[m[K
[4.280s] In file included from [01m[K/opt/ros/foxy/include/rclcpp/topic_statistics/subscription_topic_statistics.hpp:31[m[K,
[4.280s]                  from [01m[K/opt/ros/foxy/include/rclcpp/subscription.hpp:50[m[K,
[4.280s]                  from [01m[K/opt/ros/foxy/include/rclcpp/any_executable.hpp:25[m[K,
[4.280s]                  from [01m[K/opt/ros/foxy/include/rclcpp/memory_strategy.hpp:24[m[K,
[4.280s]                  from [01m[K/opt/ros/foxy/include/rclcpp/memory_strategies.hpp:18[m[K,
[4.280s]                  from [01m[K/opt/ros/foxy/include/rclcpp/executor_options.hpp:20[m[K,
[4.280s]                  from [01m[K/opt/ros/foxy/include/rclcpp/executor.hpp:33[m[K,
[4.280s]                  from [01m[K/opt/ros/foxy/include/rclcpp/executors/multi_threaded_executor.hpp:25[m[K,
[4.280s]                  from [01m[K/opt/ros/foxy/include/rclcpp/executors.hpp:21[m[K,
[4.280s]                  from [01m[K/opt/ros/foxy/include/rclcpp/rclcpp.hpp:146[m[K,
[4.280s]                  from [01m[K/home/dfx-rick/ctrl_ws/src/ctrl_node.cpp:6[m[K:
[4.280s] [01m[K/opt/ros/foxy/include/rclcpp/publisher.hpp:185:3:[m[K [01;36m[Knote: [m[Kcandidate: ‘[01m[Kvoid rclcpp::Publisher<MessageT, AllocatorT>::publish(std::unique_ptr<MessageT, typename std::conditional<std::is_same<typename std::allocator_traits<typename std::allocator_traits<_NodeAlloc>::rebind_traits<MessageT>::allocator_type>::rebind_alloc<MessageT>, typename std::allocator<void>::rebind<_Tp1>::other>::value, std::default_delete<_Tp>, rclcpp::allocator::AllocatorDeleter<typename std::allocator_traits<_NodeAlloc>::rebind_traits<MessageT>::allocator_type> >::type>) [with MessageT = std_msgs::msg::Float32_<std::allocator<void> >; AllocatorT = std::allocator<void>; typename std::conditional<std::is_same<typename std::allocator_traits<typename std::allocator_traits<_NodeAlloc>::rebind_traits<MessageT>::allocator_type>::rebind_alloc<MessageT>, typename std::allocator<void>::rebind<_Tp1>::other>::value, std::default_delete<_Tp>, rclcpp::allocator::AllocatorDeleter<typename std::allocator_traits<_NodeAlloc>::rebind_traits<MessageT>::allocator_type> >::type = std::default_delete<std_msgs::msg::Float32_<std::allocator<void> > >][m[K’
[4.280s]   185 |   [01;36m[Kpublish[m[K(std::unique_ptr<MessageT, MessageDeleter> msg)
[4.280s]       |   [01;36m[K^~~~~~~[m[K
[4.281s] [01m[K/opt/ros/foxy/include/rclcpp/publisher.hpp:185:53:[m[K [01;36m[Knote: [m[K  no known conversion for argument 1 from ‘[01m[Kstd_msgs::msg::Float32MultiArray[m[K’ {aka ‘[01m[Kstd_msgs::msg::Float32MultiArray_<std::allocator<void> >[m[K’} to ‘[01m[Kstd::unique_ptr<std_msgs::msg::Float32_<std::allocator<void> >, std::default_delete<std_msgs::msg::Float32_<std::allocator<void> > > >[m[K’
[4.281s]   185 |   publish([01;36m[Kstd::unique_ptr<MessageT, MessageDeleter> msg[m[K)
[4.281s]       |           [01;36m[K~~~~~~~~~~~~~~~~~~~~~~~~~~~~~~~~~~~~~~~~~~^~~[m[K
[4.281s] [01m[K/opt/ros/foxy/include/rclcpp/publisher.hpp:209:3:[m[K [01;36m[Knote: [m[Kcandidate: ‘[01m[Kvoid rclcpp::Publisher<MessageT, AllocatorT>::publish(const MessageT&) [with MessageT = std_msgs::msg::Float32_<std::allocator<void> >; AllocatorT = std::allocator<void>][m[K’
[4.281s]   209 |   [01;36m[Kpublish[m[K(const MessageT & msg)
[4.281s]       |   [01;36m[K^~~~~~~[m[K
[4.281s] [01m[K/opt/ros/foxy/include/rclcpp/publisher.hpp:209:28:[m[K [01;36m[Knote: [m[K  no known conversion for argument 1 from ‘[01m[Kstd_msgs::msg::Float32MultiArray[m[K’ {aka ‘[01m[Kstd_msgs::msg::Float32MultiArray_<std::allocator<void> >[m[K’} to ‘[01m[Kconst std_msgs::msg::Float32_<std::allocator<void> >&[m[K’
[4.281s]   209 |   publish([01;36m[Kconst MessageT & msg[m[K)
[4.281s]       |           [01;36m[K~~~~~~~~~~~~~~~~~^~~[m[K
[4.281s] [01m[K/opt/ros/foxy/include/rclcpp/publisher.hpp:226:3:[m[K [01;36m[Knote: [m[Kcandidate: ‘[01m[Kvoid rclcpp::Publisher<MessageT, AllocatorT>::publish(const rcl_serialized_message_t&) [with MessageT = std_msgs::msg::Float32_<std::allocator<void> >; AllocatorT = std::allocator<void>; rcl_serialized_message_t = rcutils_uint8_array_t][m[K’
[4.281s]   226 |   [01;36m[Kpublish[m[K(const rcl_serialized_message_t & serialized_msg)
[4.281s]       |   [01;36m[K^~~~~~~[m[K
[4.281s] [01m[K/opt/ros/foxy/include/rclcpp/publisher.hpp:226:44:[m[K [01;36m[Knote: [m[K  no known conversion for argument 1 from ‘[01m[Kstd_msgs::msg::Float32MultiArray[m[K’ {aka ‘[01m[Kstd_msgs::msg::Float32MultiArray_<std::allocator<void> >[m[K’} to ‘[01m[Kconst rcl_serialized_message_t&[m[K’ {aka ‘[01m[Kconst rcutils_uint8_array_t&[m[K’}
[4.281s]   226 |   publish([01;36m[Kconst rcl_serialized_message_t & serialized_msg[m[K)
[4.281s]       |           [01;36m[K~~~~~~~~~~~~~~~~~~~~~~~~~~~~~~~~~^~~~~~~~~~~~~~[m[K
[4.281s] [01m[K/opt/ros/foxy/include/rclcpp/publisher.hpp:232:3:[m[K [01;36m[Knote: [m[Kcandidate: ‘[01m[Kvoid rclcpp::Publisher<MessageT, AllocatorT>::publish(const rclcpp::SerializedMessage&) [with MessageT = std_msgs::msg::Float32_<std::allocator<void> >; AllocatorT = std::allocator<void>][m[K’
[4.281s]   232 |   [01;36m[Kpublish[m[K(const SerializedMessage & serialized_msg)
[4.282s]       |   [01;36m[K^~~~~~~[m[K
[4.282s] [01m[K/opt/ros/foxy/include/rclcpp/publisher.hpp:232:37:[m[K [01;36m[Knote: [m[K  no known conversion for argument 1 from ‘[01m[Kstd_msgs::msg::Float32MultiArray[m[K’ {aka ‘[01m[Kstd_msgs::msg::Float32MultiArray_<std::allocator<void> >[m[K’} to ‘[01m[Kconst rclcpp::SerializedMessage&[m[K’
[4.282s]   232 |   publish([01;36m[Kconst SerializedMessage & serialized_msg[m[K)
[4.282s]       |           [01;36m[K~~~~~~~~~~~~~~~~~~~~~~~~~~^~~~~~~~~~~~~~[m[K
[4.282s] [01m[K/opt/ros/foxy/include/rclcpp/publisher.hpp:246:3:[m[K [01;36m[Knote: [m[Kcandidate: ‘[01m[Kvoid rclcpp::Publisher<MessageT, AllocatorT>::publish(rclcpp::LoanedMessage<MessageT, AllocatorT>&&) [with MessageT = std_msgs::msg::Float32_<std::allocator<void> >; AllocatorT = std::allocator<void>][m[K’
[4.282s]   246 |   [01;36m[Kpublish[m[K(rclcpp::LoanedMessage<MessageT, AllocatorT> && loaned_msg)
[4.282s]       |   [01;36m[K^~~~~~~[m[K
[4.282s] [01m[K/opt/ros/foxy/include/rclcpp/publisher.hpp:246:58:[m[K [01;36m[Knote: [m[K  no known conversion for argument 1 from ‘[01m[Kstd_msgs::msg::Float32MultiArray[m[K’ {aka ‘[01m[Kstd_msgs::msg::Float32MultiArray_<std::allocator<void> >[m[K’} to ‘[01m[Krclcpp::LoanedMessage<std_msgs::msg::Float32_<std::allocator<void> >, std::allocator<void> >&&[m[K’
[4.282s]   246 |   publish([01;36m[Krclcpp::LoanedMessage<MessageT, AllocatorT> && loaned_msg[m[K)
[4.282s]       |           [01;36m[K~~~~~~~~~~~~~~~~~~~~~~~~~~~~~~~~~~~~~~~~~~~~~~~^~~~~~~~~~[m[K
[4.603s] In file included from [01m[K/usr/include/c++/9/vector:65[m[K,
[4.603s]                  from [01m[K/usr/include/c++/9/functional:62[m[K,
[4.604s]                  from [01m[K/home/dfx-rick/ctrl_ws/src/ctrl_node.cpp:2[m[K:
[4.604s] /usr/include/c++/9/bits/stl_construct.h: In instantiation of ‘[01m[Kvoid std::_Construct(_T1*, _Args&& ...) [with _T1 = rclcpp::Publisher<std_msgs::msg::Float32_<std::allocator<void> > >; _Args = {}][m[K’:
[4.604s] [01m[K/usr/include/c++/9/bits/stl_uninitialized.h:545:18:[m[K   required from ‘[01m[Kstatic _ForwardIterator std::__uninitialized_default_n_1<_TrivialValueType>::__uninit_default_n(_ForwardIterator, _Size) [with _ForwardIterator = rclcpp::Publisher<std_msgs::msg::Float32_<std::allocator<void> > >*; _Size = long unsigned int; bool _TrivialValueType = false][m[K’
[4.604s] [01m[K/usr/include/c++/9/bits/stl_uninitialized.h:601:20:[m[K   required from ‘[01m[K_ForwardIterator std::__uninitialized_default_n(_ForwardIterator, _Size) [with _ForwardIterator = rclcpp::Publisher<std_msgs::msg::Float32_<std::allocator<void> > >*; _Size = long unsigned int][m[K’
[4.604s] [01m[K/usr/include/c++/9/bits/stl_uninitialized.h:663:44:[m[K   required from ‘[01m[K_ForwardIterator std::__uninitialized_default_n_a(_ForwardIterator, _Size, std::allocator<_Tp>&) [with _ForwardIterator = rclcpp::Publisher<std_msgs::msg::Float32_<std::allocator<void> > >*; _Size = long unsigned int; _Tp = rclcpp::Publisher<std_msgs::msg::Float32_<std::allocator<void> > >][m[K’
[4.604s] [01m[K/usr/include/c++/9/bits/vector.tcc:627:35:[m[K   required from ‘[01m[Kvoid std::vector<_Tp, _Alloc>::_M_default_append(std::vector<_Tp, _Alloc>::size_type) [with _Tp = rclcpp::Publisher<std_msgs::msg::Float32_<std::allocator<void> > >; _Alloc = std::allocator<rclcpp::Publisher<std_msgs::msg::Float32_<std::allocator<void> > > >; std::vector<_Tp, _Alloc>::size_type = long unsigned int][m[K’
[4.604s] [01m[K/usr/include/c++/9/bits/stl_vector.h:937:4:[m[K   required from ‘[01m[Kvoid std::vector<_Tp, _Alloc>::resize(std::vector<_Tp, _Alloc>::size_type) [with _Tp = rclcpp::Publisher<std_msgs::msg::Float32_<std::allocator<void> > >; _Alloc = std::allocator<rclcpp::Publisher<std_msgs::msg::Float32_<std::allocator<void> > > >; std::vector<_Tp, _Alloc>::size_type = long unsigned int][m[K’
[4.604s] [01m[K/home/dfx-rick/ctrl_ws/src/ctrl_node.cpp:21:19:[m[K   required from here
[4.604s] [01m[K/usr/include/c++/9/bits/stl_construct.h:75:7:[m[K [01;31m[Kerror: [m[Kno matching function for call to ‘[01m[Krclcpp::Publisher<std_msgs::msg::Float32_<std::allocator<void> > >::Publisher()[m[K’
[4.604s]    75 |     { [01;31m[K::new(static_cast<void*>(__p)) _T1(std::forward<_Args>(__args)...)[m[K; }
[4.604s]       |       [01;31m[K^~~~~~~~~~~~~~~~~~~~~~~~~~~~~~~~~~~~~~~~~~~~~~~~~~~~~~~~~~~~~~~~~~[m[K
[4.604s] In file included from [01m[K/opt/ros/foxy/include/rclcpp/topic_statistics/subscription_topic_statistics.hpp:31[m[K,
[4.604s]                  from [01m[K/opt/ros/foxy/include/rclcpp/subscription.hpp:50[m[K,
[4.604s]                  from [01m[K/opt/ros/foxy/include/rclcpp/any_executable.hpp:25[m[K,
[4.604s]                  from [01m[K/opt/ros/foxy/include/rclcpp/memory_strategy.hpp:24[m[K,
[4.604s]                  from [01m[K/opt/ros/foxy/include/rclcpp/memory_strategies.hpp:18[m[K,
[4.604s]                  from [01m[K/opt/ros/foxy/include/rclcpp/executor_options.hpp:20[m[K,
[4.605s]                  from [01m[K/opt/ros/foxy/include/rclcpp/executor.hpp:33[m[K,
[4.605s]                  from [01m[K/opt/ros/foxy/include/rclcpp/executors/multi_threaded_executor.hpp:25[m[K,
[4.605s]                  from [01m[K/opt/ros/foxy/include/rclcpp/executors.hpp:21[m[K,
[4.605s]                  from [01m[K/opt/ros/foxy/include/rclcpp/rclcpp.hpp:146[m[K,
[4.605s]                  from [01m[K/home/dfx-rick/ctrl_ws/src/ctrl_node.cpp:6[m[K:
[4.605s] [01m[K/opt/ros/foxy/include/rclcpp/publisher.hpp:73:3:[m[K [01;36m[Knote: [m[Kcandidate: ‘[01m[Krclcpp::Publisher<MessageT, AllocatorT>::Publisher(rclcpp::node_interfaces::NodeBaseInterface*, const string&, const rclcpp::QoS&, const rclcpp::PublisherOptionsWithAllocator<AllocatorT>&) [with MessageT = std_msgs::msg::Float32_<std::allocator<void> >; AllocatorT = std::allocator<void>; std::string = std::__cxx11::basic_string<char>][m[K’
[4.605s]    73 |   [01;36m[KPublisher[m[K(
[4.605s]       |   [01;36m[K^~~~~~~~~[m[K
[4.605s] [01m[K/opt/ros/foxy/include/rclcpp/publisher.hpp:73:3:[m[K [01;36m[Knote: [m[K  candidate expects 4 arguments, 0 provided
[4.605s] [01m[K/opt/ros/foxy/include/rclcpp/publisher.hpp:51:7:[m[K [01;36m[Knote: [m[Kcandidate: ‘[01m[Krclcpp::Publisher<std_msgs::msg::Float32_<std::allocator<void> > >::Publisher(const rclcpp::Publisher<std_msgs::msg::Float32_<std::allocator<void> > >&)[m[K’
[4.605s]    51 | class [01;36m[KPublisher[m[K : public PublisherBase
[4.605s]       |       [01;36m[K^~~~~~~~~[m[K
[4.605s] [01m[K/opt/ros/foxy/include/rclcpp/publisher.hpp:51:7:[m[K [01;36m[Knote: [m[K  candidate expects 1 argument, 0 provided
[4.921s] make[2]: *** [CMakeFiles/lqr_implement.dir/build.make:63: CMakeFiles/lqr_implement.dir/src/ctrl_node.cpp.o] Error 1
[4.921s] make[1]: *** [CMakeFiles/Makefile2:80: CMakeFiles/lqr_implement.dir/all] Error 2
[4.921s] make: *** [Makefile:141: all] Error 2
[4.923s] Invoked command in '/home/dfx-rick/ctrl_ws/build/ctrl_ws' returned '2': CMAKE_PREFIX_PATH=/opt/ros/foxy /usr/bin/cmake --build /home/dfx-rick/ctrl_ws/build/ctrl_ws -- -j4 -l4
