[0.084s] Invoking command in '/home/dfx-rick/ctrl_ws/build/ctrl_ws': /usr/bin/cmake /home/dfx-rick/ctrl_ws -DCMAKE_BUILD_TYPE=Release -DAMENT_CMAKE_SYMLINK_INSTALL=1 -DCMAKE_INSTALL_PREFIX=/home/dfx-rick/ctrl_ws/install/ctrl_ws
[0.172s] -- Found ament_cmake: 0.9.8 (/opt/ros/foxy/share/ament_cmake/cmake)
[0.206s] -- Using PYTHON_EXECUTABLE: /usr/bin/python3
[0.352s] Traceback (most recent call last):
[0.352s]   File "/opt/ros/foxy/share/ament_cmake_core/cmake/package_templates/templates_2_cmake.py", line 21, in <module>
[0.352s]     from ament_package.templates import get_environment_hook_template_path
[0.352s] ModuleNotFoundError: No module named 'ament_package'
[0.371s] CMake Error at /opt/ros/foxy/share/ament_cmake_core/cmake/ament_cmake_package_templates-extras.cmake:41 (message):
[0.371s]   execute_process(/usr/bin/python3
[0.371s]   /opt/ros/foxy/share/ament_cmake_core/cmake/package_templates/templates_2_cmake.py
[0.372s]   /home/dfx-rick/ctrl_ws/build/ctrl_ws/ament_cmake_package_templates/templates.cmake)
[0.372s]   returned error code 1
[0.372s] Call Stack (most recent call first):
[0.372s]   /opt/ros/foxy/share/ament_cmake_core/cmake/ament_cmake_coreConfig.cmake:41 (include)
[0.372s]   /opt/ros/foxy/share/ament_cmake/cmake/ament_cmake_export_dependencies-extras.cmake:15 (find_package)
[0.372s]   /opt/ros/foxy/share/ament_cmake/cmake/ament_cmakeConfig.cmake:41 (include)
[0.372s]   CMakeLists.txt:16 (find_package)
[0.372s] 
[0.372s] 
[0.372s] -- Configuring incomplete, errors occurred!
[0.372s] See also "/home/dfx-rick/ctrl_ws/build/ctrl_ws/CMakeFiles/CMakeOutput.log".
[0.372s] See also "/home/dfx-rick/ctrl_ws/build/ctrl_ws/CMakeFiles/CMakeError.log".
[0.374s] Invoked command in '/home/dfx-rick/ctrl_ws/build/ctrl_ws' returned '1': /usr/bin/cmake /home/dfx-rick/ctrl_ws -DCMAKE_BUILD_TYPE=Release -DAMENT_CMAKE_SYMLINK_INSTALL=1 -DCMAKE_INSTALL_PREFIX=/home/dfx-rick/ctrl_ws/install/ctrl_ws
