[0.276s] DEBUG:colcon:Command line arguments: ['/usr/bin/colcon', 'build']
[0.276s] DEBUG:colcon:Parsed command line arguments: Namespace(ament_cmake_args=None, base_paths=['.'], build_base='build', catkin_cmake_args=None, catkin_skip_building_tests=False, cmake_args=None, cmake_clean_cache=False, cmake_clean_first=False, cmake_force_configure=False, cmake_target=None, cmake_target_skip_unavailable=False, continue_on_error=False, event_handlers=None, executor='parallel', ignore_user_meta=False, install_base='install', log_base=None, log_level=None, main=<bound method BuildVerb.main of <colcon_core.verb.build.BuildVerb object at 0x7f82c2bd0b20>>, merge_install=False, metas=['./colcon.meta'], packages_above=None, packages_above_and_dependencies=None, packages_above_depth=None, packages_end=None, packages_ignore=None, packages_ignore_regex=None, packages_select=None, packages_select_build_failed=False, packages_select_by_dep=None, packages_select_regex=None, packages_select_test_failures=False, packages_skip=None, packages_skip_build_finished=False, packages_skip_by_dep=None, packages_skip_regex=None, packages_skip_test_passed=False, packages_skip_up_to=None, packages_start=None, packages_up_to=None, packages_up_to_regex=None, parallel_workers=4, paths=None, symlink_install=False, test_result_base=None, verb_extension=<colcon_core.verb.build.BuildVerb object at 0x7f82c2bd0b20>, verb_name='build', verb_parser=<colcon_defaults.argument_parser.defaults.DefaultArgumentsDecorator object at 0x7f82c2bdc0d0>)
[0.280s] Level 1:colcon.colcon_core.package_discovery:discover_packages(colcon_meta) check parameters
[0.280s] Level 1:colcon.colcon_core.package_discovery:discover_packages(recursive) check parameters
[0.281s] Level 1:colcon.colcon_core.package_discovery:discover_packages(ignore) check parameters
[0.281s] Level 1:colcon.colcon_core.package_discovery:discover_packages(path) check parameters
[0.281s] Level 1:colcon.colcon_core.package_discovery:discover_packages(colcon_meta) discover
[0.281s] Level 1:colcon.colcon_core.package_discovery:discover_packages(recursive) discover
[0.281s] INFO:colcon.colcon_core.package_discovery:Crawling recursively for packages in '/home/dfx-rick/ctrl_ws'
[0.281s] Level 1:colcon.colcon_core.package_identification:_identify(.) by extensions ['ignore', 'ignore_ament_install']
[0.281s] Level 1:colcon.colcon_core.package_identification:_identify(.) by extension 'ignore'
[0.281s] Level 1:colcon.colcon_core.package_identification:_identify(.) by extension 'ignore_ament_install'
[0.281s] Level 1:colcon.colcon_core.package_identification:_identify(.) by extensions ['colcon_pkg']
[0.281s] Level 1:colcon.colcon_core.package_identification:_identify(.) by extension 'colcon_pkg'
[0.281s] Level 1:colcon.colcon_core.package_identification:_identify(.) by extensions ['colcon_meta']
[0.281s] Level 1:colcon.colcon_core.package_identification:_identify(.) by extension 'colcon_meta'
[0.281s] Level 1:colcon.colcon_core.package_identification:_identify(.) by extensions ['ros']
[0.281s] Level 1:colcon.colcon_core.package_identification:_identify(.) by extension 'ros'
[0.294s] DEBUG:colcon.colcon_core.package_identification:Package '.' with type 'ros.ament_cmake' and name 'ctrl_ws'
[0.294s] Level 1:colcon.colcon_core.package_discovery:discover_packages(recursive) using defaults
[0.294s] Level 1:colcon.colcon_core.package_discovery:discover_packages(ignore) discover
[0.294s] Level 1:colcon.colcon_core.package_discovery:discover_packages(ignore) using defaults
[0.294s] Level 1:colcon.colcon_core.package_discovery:discover_packages(path) discover
[0.294s] Level 1:colcon.colcon_core.package_discovery:discover_packages(path) using defaults
[0.312s] Level 5:colcon.colcon_core.verb:set package 'ctrl_ws' build argument 'cmake_args' from command line to 'None'
[0.312s] Level 5:colcon.colcon_core.verb:set package 'ctrl_ws' build argument 'cmake_target' from command line to 'None'
[0.312s] Level 5:colcon.colcon_core.verb:set package 'ctrl_ws' build argument 'cmake_target_skip_unavailable' from command line to 'False'
[0.312s] Level 5:colcon.colcon_core.verb:set package 'ctrl_ws' build argument 'cmake_clean_cache' from command line to 'False'
[0.312s] Level 5:colcon.colcon_core.verb:set package 'ctrl_ws' build argument 'cmake_clean_first' from command line to 'False'
[0.312s] Level 5:colcon.colcon_core.verb:set package 'ctrl_ws' build argument 'cmake_force_configure' from command line to 'False'
[0.312s] Level 5:colcon.colcon_core.verb:set package 'ctrl_ws' build argument 'ament_cmake_args' from command line to 'None'
[0.313s] Level 5:colcon.colcon_core.verb:set package 'ctrl_ws' build argument 'catkin_cmake_args' from command line to 'None'
[0.313s] Level 5:colcon.colcon_core.verb:set package 'ctrl_ws' build argument 'catkin_skip_building_tests' from command line to 'False'
[0.313s] DEBUG:colcon.colcon_core.verb:Building package 'ctrl_ws' with the following arguments: {'ament_cmake_args': None, 'build_base': '/home/dfx-rick/ctrl_ws/build/ctrl_ws', 'catkin_cmake_args': None, 'catkin_skip_building_tests': False, 'cmake_args': None, 'cmake_clean_cache': False, 'cmake_clean_first': False, 'cmake_force_configure': False, 'cmake_target': None, 'cmake_target_skip_unavailable': False, 'install_base': '/home/dfx-rick/ctrl_ws/install/ctrl_ws', 'merge_install': False, 'path': '/home/dfx-rick/ctrl_ws', 'symlink_install': False, 'test_result_base': None}
[0.313s] INFO:colcon.colcon_core.executor:Executing jobs using 'parallel' executor
[0.315s] DEBUG:colcon.colcon_parallel_executor.executor.parallel:run_until_complete
[0.315s] INFO:colcon.colcon_ros.task.ament_cmake.build:Building ROS package in '/home/dfx-rick/ctrl_ws' with build type 'ament_cmake'
[0.315s] INFO:colcon.colcon_cmake.task.cmake.build:Building CMake package in '/home/dfx-rick/ctrl_ws'
[0.318s] INFO:colcon.colcon_core.plugin_system:Skipping extension 'colcon_core.shell.bat': Not used on non-Windows systems
[0.318s] INFO:colcon.colcon_core.shell:Skip shell extension 'powershell' for command environment: Not usable outside of PowerShell
[0.318s] DEBUG:colcon.colcon_core.shell:Skip shell extension 'dsv' for command environment
[0.321s] DEBUG:colcon.colcon_core.shell:Ignoring prefix path '/opt/ros/foxy'
[0.329s] DEBUG:colcon.colcon_core.event_handler.log_command:Invoking command in '/home/dfx-rick/ctrl_ws/build/ctrl_ws': CMAKE_PREFIX_PATH=/opt/ros/foxy /usr/bin/cmake --build /home/dfx-rick/ctrl_ws/build/ctrl_ws -- -j4 -l4
[5.589s] DEBUG:colcon.colcon_core.event_handler.log_command:Invoked command in '/home/dfx-rick/ctrl_ws/build/ctrl_ws' returned '2': CMAKE_PREFIX_PATH=/opt/ros/foxy /usr/bin/cmake --build /home/dfx-rick/ctrl_ws/build/ctrl_ws -- -j4 -l4
[5.609s] Level 1:colcon.colcon_core.environment:create_environment_scripts_only(ctrl_ws)
[5.612s] Level 1:colcon.colcon_core.environment:checking '/home/dfx-rick/ctrl_ws/install/ctrl_ws' for CMake module files
[5.612s] Level 1:colcon.colcon_core.environment:checking '/home/dfx-rick/ctrl_ws/install/ctrl_ws' for CMake config files
[5.612s] Level 1:colcon.colcon_core.environment:checking '/home/dfx-rick/ctrl_ws/install/ctrl_ws/bin'
[5.613s] Level 1:colcon.colcon_core.environment:checking '/home/dfx-rick/ctrl_ws/install/ctrl_ws/lib/pkgconfig/ctrl_ws.pc'
[5.613s] Level 1:colcon.colcon_core.environment:checking '/home/dfx-rick/ctrl_ws/install/ctrl_ws/lib/python3.8/site-packages'
[5.613s] INFO:colcon.colcon_core.shell:Creating package script '/home/dfx-rick/ctrl_ws/install/ctrl_ws/share/ctrl_ws/package.ps1'
[5.614s] INFO:colcon.colcon_core.shell:Creating package descriptor '/home/dfx-rick/ctrl_ws/install/ctrl_ws/share/ctrl_ws/package.dsv'
[5.615s] INFO:colcon.colcon_core.shell:Creating package script '/home/dfx-rick/ctrl_ws/install/ctrl_ws/share/ctrl_ws/package.sh'
[5.615s] INFO:colcon.colcon_core.shell:Creating package script '/home/dfx-rick/ctrl_ws/install/ctrl_ws/share/ctrl_ws/package.bash'
[5.616s] INFO:colcon.colcon_core.shell:Creating package script '/home/dfx-rick/ctrl_ws/install/ctrl_ws/share/ctrl_ws/package.zsh'
[5.616s] Level 1:colcon.colcon_core.environment:create_file_with_runtime_dependencies(/home/dfx-rick/ctrl_ws/install/ctrl_ws/share/colcon-core/packages/ctrl_ws)
[5.627s] DEBUG:colcon.colcon_parallel_executor.executor.parallel:closing loop
[5.628s] DEBUG:colcon.colcon_parallel_executor.executor.parallel:loop closed
[5.629s] DEBUG:colcon.colcon_parallel_executor.executor.parallel:run_until_complete finished with '2'
[5.629s] DEBUG:colcon.colcon_core.event_reactor:joining thread
[5.654s] INFO:colcon.colcon_core.plugin_system:Skipping extension 'colcon_notification.desktop_notification.terminal_notifier': Not used on non-Darwin systems
[5.654s] INFO:colcon.colcon_core.plugin_system:Skipping extension 'colcon_notification.desktop_notification.win32': Not used on non-Windows systems
[5.655s] INFO:colcon.colcon_notification.desktop_notification:Sending desktop notification using 'notify2'
[5.671s] DEBUG:colcon.colcon_core.event_reactor:joined thread
[5.672s] INFO:colcon.colcon_core.shell:Creating prefix script '/home/dfx-rick/ctrl_ws/install/local_setup.ps1'
[5.673s] INFO:colcon.colcon_core.shell:Creating prefix util module '/home/dfx-rick/ctrl_ws/install/_local_setup_util_ps1.py'
[5.674s] INFO:colcon.colcon_core.shell:Creating prefix chain script '/home/dfx-rick/ctrl_ws/install/setup.ps1'
[5.677s] INFO:colcon.colcon_core.shell:Creating prefix script '/home/dfx-rick/ctrl_ws/install/local_setup.sh'
[5.678s] INFO:colcon.colcon_core.shell:Creating prefix util module '/home/dfx-rick/ctrl_ws/install/_local_setup_util_sh.py'
[5.679s] INFO:colcon.colcon_core.shell:Creating prefix chain script '/home/dfx-rick/ctrl_ws/install/setup.sh'
[5.681s] INFO:colcon.colcon_core.shell:Creating prefix script '/home/dfx-rick/ctrl_ws/install/local_setup.bash'
[5.681s] INFO:colcon.colcon_core.shell:Creating prefix chain script '/home/dfx-rick/ctrl_ws/install/setup.bash'
[5.683s] INFO:colcon.colcon_core.shell:Creating prefix script '/home/dfx-rick/ctrl_ws/install/local_setup.zsh'
[5.683s] INFO:colcon.colcon_core.shell:Creating prefix chain script '/home/dfx-rick/ctrl_ws/install/setup.zsh'
