[13.641s] DEBUG:colcon:Command line arguments: ['/usr/bin/colcon', 'build']
[13.641s] DEBUG:colcon:Parsed command line arguments: Namespace(ament_cmake_args=None, base_paths=['.'], build_base='build', catkin_cmake_args=None, catkin_skip_building_tests=False, cmake_args=None, cmake_clean_cache=False, cmake_clean_first=False, cmake_force_configure=False, cmake_target=None, cmake_target_skip_unavailable=False, continue_on_error=False, event_handlers=None, executor='parallel', ignore_user_meta=False, install_base='install', log_base=None, log_level=None, main=<bound method BuildVerb.main of <colcon_core.verb.build.BuildVerb object at 0x7faf5dcf9910>>, merge_install=False, metas=['./colcon.meta'], packages_above=None, packages_above_and_dependencies=None, packages_above_depth=None, packages_end=None, packages_ignore=None, packages_ignore_regex=None, packages_select=None, packages_select_build_failed=False, packages_select_by_dep=None, packages_select_regex=None, packages_select_test_failures=False, packages_skip=None, packages_skip_build_finished=False, packages_skip_by_dep=None, packages_skip_regex=None, packages_skip_test_passed=False, packages_skip_up_to=None, packages_start=None, packages_up_to=None, packages_up_to_regex=None, parallel_workers=4, paths=None, symlink_install=False, test_result_base=None, verb_extension=<colcon_core.verb.build.BuildVerb object at 0x7faf5dcf9910>, verb_name='build', verb_parser=<colcon_defaults.argument_parser.defaults.DefaultArgumentsDecorator object at 0x7faf5dcf9e80>)
[13.674s] Level 1:colcon.colcon_core.package_discovery:discover_packages(colcon_meta) check parameters
[13.675s] Level 1:colcon.colcon_core.package_discovery:discover_packages(recursive) check parameters
[13.675s] Level 1:colcon.colcon_core.package_discovery:discover_packages(ignore) check parameters
[13.675s] Level 1:colcon.colcon_core.package_discovery:discover_packages(path) check parameters
[13.675s] Level 1:colcon.colcon_core.package_discovery:discover_packages(colcon_meta) discover
[13.675s] Level 1:colcon.colcon_core.package_discovery:discover_packages(recursive) discover
[13.675s] INFO:colcon.colcon_core.package_discovery:Crawling recursively for packages in '/home/dfx-rick/ctrl_ws'
[13.675s] Level 1:colcon.colcon_core.package_identification:_identify(.) by extensions ['ignore', 'ignore_ament_install']
[13.675s] Level 1:colcon.colcon_core.package_identification:_identify(.) by extension 'ignore'
[13.675s] Level 1:colcon.colcon_core.package_identification:_identify(.) by extension 'ignore_ament_install'
[13.675s] Level 1:colcon.colcon_core.package_identification:_identify(.) by extensions ['colcon_pkg']
[13.675s] Level 1:colcon.colcon_core.package_identification:_identify(.) by extension 'colcon_pkg'
[13.675s] Level 1:colcon.colcon_core.package_identification:_identify(.) by extensions ['colcon_meta']
[13.675s] Level 1:colcon.colcon_core.package_identification:_identify(.) by extension 'colcon_meta'
[13.675s] Level 1:colcon.colcon_core.package_identification:_identify(.) by extensions ['ros']
[13.675s] Level 1:colcon.colcon_core.package_identification:_identify(.) by extension 'ros'
[13.819s] DEBUG:colcon.colcon_core.package_identification:Package '.' with type 'ros.ament_cmake' and name 'ctrl_ws'
[13.819s] Level 1:colcon.colcon_core.package_discovery:discover_packages(recursive) using defaults
[13.819s] Level 1:colcon.colcon_core.package_discovery:discover_packages(ignore) discover
[13.819s] Level 1:colcon.colcon_core.package_discovery:discover_packages(ignore) using defaults
[13.819s] Level 1:colcon.colcon_core.package_discovery:discover_packages(path) discover
[13.819s] Level 1:colcon.colcon_core.package_discovery:discover_packages(path) using defaults
[13.972s] Level 5:colcon.colcon_core.verb:set package 'ctrl_ws' build argument 'cmake_args' from command line to 'None'
[13.972s] Level 5:colcon.colcon_core.verb:set package 'ctrl_ws' build argument 'cmake_target' from command line to 'None'
[13.972s] Level 5:colcon.colcon_core.verb:set package 'ctrl_ws' build argument 'cmake_target_skip_unavailable' from command line to 'False'
[13.972s] Level 5:colcon.colcon_core.verb:set package 'ctrl_ws' build argument 'cmake_clean_cache' from command line to 'False'
[13.972s] Level 5:colcon.colcon_core.verb:set package 'ctrl_ws' build argument 'cmake_clean_first' from command line to 'False'
[13.973s] Level 5:colcon.colcon_core.verb:set package 'ctrl_ws' build argument 'cmake_force_configure' from command line to 'False'
[13.973s] Level 5:colcon.colcon_core.verb:set package 'ctrl_ws' build argument 'ament_cmake_args' from command line to 'None'
[13.973s] Level 5:colcon.colcon_core.verb:set package 'ctrl_ws' build argument 'catkin_cmake_args' from command line to 'None'
[13.973s] Level 5:colcon.colcon_core.verb:set package 'ctrl_ws' build argument 'catkin_skip_building_tests' from command line to 'False'
[13.973s] DEBUG:colcon.colcon_core.verb:Building package 'ctrl_ws' with the following arguments: {'ament_cmake_args': None, 'build_base': '/home/dfx-rick/ctrl_ws/build/ctrl_ws', 'catkin_cmake_args': None, 'catkin_skip_building_tests': False, 'cmake_args': None, 'cmake_clean_cache': False, 'cmake_clean_first': False, 'cmake_force_configure': False, 'cmake_target': None, 'cmake_target_skip_unavailable': False, 'install_base': '/home/dfx-rick/ctrl_ws/install/ctrl_ws', 'merge_install': False, 'path': '/home/dfx-rick/ctrl_ws', 'symlink_install': False, 'test_result_base': None}
[13.974s] INFO:colcon.colcon_core.executor:Executing jobs using 'parallel' executor
[13.980s] DEBUG:colcon.colcon_parallel_executor.executor.parallel:run_until_complete
[13.981s] INFO:colcon.colcon_ros.task.ament_cmake.build:Building ROS package in '/home/dfx-rick/ctrl_ws' with build type 'ament_cmake'
[13.981s] INFO:colcon.colcon_cmake.task.cmake.build:Building CMake package in '/home/dfx-rick/ctrl_ws'
[14.001s] INFO:colcon.colcon_core.plugin_system:Skipping extension 'colcon_core.shell.bat': Not used on non-Windows systems
[14.002s] INFO:colcon.colcon_core.shell:Skip shell extension 'powershell' for command environment: Not usable outside of PowerShell
[14.002s] DEBUG:colcon.colcon_core.shell:Skip shell extension 'dsv' for command environment
[14.017s] DEBUG:colcon.colcon_core.shell:Ignoring prefix path '/opt/ros/foxy'
[14.110s] DEBUG:colcon.colcon_core.event_handler.log_command:Invoking command in '/home/dfx-rick/ctrl_ws/build/ctrl_ws': CMAKE_PREFIX_PATH=/opt/ros/foxy /usr/bin/cmake /home/dfx-rick/ctrl_ws -DCMAKE_INSTALL_PREFIX=/home/dfx-rick/ctrl_ws/install/ctrl_ws
[19.280s] DEBUG:colcon.colcon_core.event_handler.log_command:Invoked command in '/home/dfx-rick/ctrl_ws/build/ctrl_ws' returned '0': CMAKE_PREFIX_PATH=/opt/ros/foxy /usr/bin/cmake /home/dfx-rick/ctrl_ws -DCMAKE_INSTALL_PREFIX=/home/dfx-rick/ctrl_ws/install/ctrl_ws
[19.286s] DEBUG:colcon.colcon_core.event_handler.log_command:Invoking command in '/home/dfx-rick/ctrl_ws/build/ctrl_ws': CMAKE_PREFIX_PATH=/opt/ros/foxy /usr/bin/cmake --build /home/dfx-rick/ctrl_ws/build/ctrl_ws -- -j4 -l4
[19.435s] DEBUG:colcon.colcon_core.event_handler.log_command:Invoked command in '/home/dfx-rick/ctrl_ws/build/ctrl_ws' returned '0': CMAKE_PREFIX_PATH=/opt/ros/foxy /usr/bin/cmake --build /home/dfx-rick/ctrl_ws/build/ctrl_ws -- -j4 -l4
[19.470s] DEBUG:colcon.colcon_core.event_handler.log_command:Invoking command in '/home/dfx-rick/ctrl_ws/build/ctrl_ws': CMAKE_PREFIX_PATH=/opt/ros/foxy /usr/bin/cmake --install /home/dfx-rick/ctrl_ws/build/ctrl_ws
[19.511s] Level 1:colcon.colcon_core.environment:create_environment_scripts_only(ctrl_ws)
[19.512s] DEBUG:colcon.colcon_core.event_handler.log_command:Invoked command in '/home/dfx-rick/ctrl_ws/build/ctrl_ws' returned '0': CMAKE_PREFIX_PATH=/opt/ros/foxy /usr/bin/cmake --install /home/dfx-rick/ctrl_ws/build/ctrl_ws
[19.515s] Level 1:colcon.colcon_core.environment:checking '/home/dfx-rick/ctrl_ws/install/ctrl_ws' for CMake module files
[19.515s] Level 1:colcon.colcon_core.environment:checking '/home/dfx-rick/ctrl_ws/install/ctrl_ws' for CMake config files
[19.516s] Level 1:colcon.colcon_core.shell:create_environment_hook('ctrl_ws', 'cmake_prefix_path')
[19.516s] INFO:colcon.colcon_core.shell:Creating environment hook '/home/dfx-rick/ctrl_ws/install/ctrl_ws/share/ctrl_ws/hook/cmake_prefix_path.ps1'
[19.517s] INFO:colcon.colcon_core.shell:Creating environment descriptor '/home/dfx-rick/ctrl_ws/install/ctrl_ws/share/ctrl_ws/hook/cmake_prefix_path.dsv'
[19.517s] INFO:colcon.colcon_core.shell:Creating environment hook '/home/dfx-rick/ctrl_ws/install/ctrl_ws/share/ctrl_ws/hook/cmake_prefix_path.sh'
[19.518s] Level 1:colcon.colcon_core.environment:checking '/home/dfx-rick/ctrl_ws/install/ctrl_ws/lib'
[19.518s] Level 1:colcon.colcon_core.shell:create_environment_hook('ctrl_ws', 'ld_library_path_lib')
[19.519s] INFO:colcon.colcon_core.shell:Creating environment hook '/home/dfx-rick/ctrl_ws/install/ctrl_ws/share/ctrl_ws/hook/ld_library_path_lib.ps1'
[19.519s] INFO:colcon.colcon_core.shell:Creating environment descriptor '/home/dfx-rick/ctrl_ws/install/ctrl_ws/share/ctrl_ws/hook/ld_library_path_lib.dsv'
[19.520s] INFO:colcon.colcon_core.shell:Creating environment hook '/home/dfx-rick/ctrl_ws/install/ctrl_ws/share/ctrl_ws/hook/ld_library_path_lib.sh'
[19.520s] Level 1:colcon.colcon_core.environment:checking '/home/dfx-rick/ctrl_ws/install/ctrl_ws/bin'
[19.520s] Level 1:colcon.colcon_core.shell:create_environment_hook('ctrl_ws', 'path')
[19.520s] INFO:colcon.colcon_core.shell:Creating environment hook '/home/dfx-rick/ctrl_ws/install/ctrl_ws/share/ctrl_ws/hook/path.ps1'
[19.521s] INFO:colcon.colcon_core.shell:Creating environment descriptor '/home/dfx-rick/ctrl_ws/install/ctrl_ws/share/ctrl_ws/hook/path.dsv'
[19.521s] INFO:colcon.colcon_core.shell:Creating environment hook '/home/dfx-rick/ctrl_ws/install/ctrl_ws/share/ctrl_ws/hook/path.sh'
[19.521s] Level 1:colcon.colcon_core.environment:checking '/home/dfx-rick/ctrl_ws/install/ctrl_ws/lib/pkgconfig/ctrl_ws.pc'
[19.522s] Level 1:colcon.colcon_core.environment:checking '/home/dfx-rick/ctrl_ws/install/ctrl_ws/lib/python3.8/site-packages'
[19.522s] INFO:colcon.colcon_core.shell:Creating package script '/home/dfx-rick/ctrl_ws/install/ctrl_ws/share/ctrl_ws/package.ps1'
[19.523s] INFO:colcon.colcon_core.shell:Creating package descriptor '/home/dfx-rick/ctrl_ws/install/ctrl_ws/share/ctrl_ws/package.dsv'
[19.523s] INFO:colcon.colcon_core.shell:Creating package script '/home/dfx-rick/ctrl_ws/install/ctrl_ws/share/ctrl_ws/package.sh'
[19.524s] INFO:colcon.colcon_core.shell:Creating package script '/home/dfx-rick/ctrl_ws/install/ctrl_ws/share/ctrl_ws/package.bash'
[19.525s] INFO:colcon.colcon_core.shell:Creating package script '/home/dfx-rick/ctrl_ws/install/ctrl_ws/share/ctrl_ws/package.zsh'
[19.525s] Level 1:colcon.colcon_core.environment:create_file_with_runtime_dependencies(/home/dfx-rick/ctrl_ws/install/ctrl_ws/share/colcon-core/packages/ctrl_ws)
[19.550s] Level 1:colcon.colcon_core.environment:create_environment_scripts_only(ctrl_ws)
[19.551s] Level 1:colcon.colcon_core.environment:checking '/home/dfx-rick/ctrl_ws/install/ctrl_ws' for CMake module files
[19.551s] Level 1:colcon.colcon_core.environment:checking '/home/dfx-rick/ctrl_ws/install/ctrl_ws' for CMake config files
[19.552s] Level 1:colcon.colcon_core.shell:create_environment_hook('ctrl_ws', 'cmake_prefix_path')
[19.552s] INFO:colcon.colcon_core.shell:Creating environment hook '/home/dfx-rick/ctrl_ws/install/ctrl_ws/share/ctrl_ws/hook/cmake_prefix_path.ps1'
[19.553s] INFO:colcon.colcon_core.shell:Creating environment descriptor '/home/dfx-rick/ctrl_ws/install/ctrl_ws/share/ctrl_ws/hook/cmake_prefix_path.dsv'
[19.553s] INFO:colcon.colcon_core.shell:Creating environment hook '/home/dfx-rick/ctrl_ws/install/ctrl_ws/share/ctrl_ws/hook/cmake_prefix_path.sh'
[19.554s] Level 1:colcon.colcon_core.environment:checking '/home/dfx-rick/ctrl_ws/install/ctrl_ws/lib'
[19.554s] Level 1:colcon.colcon_core.shell:create_environment_hook('ctrl_ws', 'ld_library_path_lib')
[19.554s] INFO:colcon.colcon_core.shell:Creating environment hook '/home/dfx-rick/ctrl_ws/install/ctrl_ws/share/ctrl_ws/hook/ld_library_path_lib.ps1'
[19.554s] INFO:colcon.colcon_core.shell:Creating environment descriptor '/home/dfx-rick/ctrl_ws/install/ctrl_ws/share/ctrl_ws/hook/ld_library_path_lib.dsv'
[19.555s] INFO:colcon.colcon_core.shell:Creating environment hook '/home/dfx-rick/ctrl_ws/install/ctrl_ws/share/ctrl_ws/hook/ld_library_path_lib.sh'
[19.555s] Level 1:colcon.colcon_core.environment:checking '/home/dfx-rick/ctrl_ws/install/ctrl_ws/bin'
[19.555s] Level 1:colcon.colcon_core.shell:create_environment_hook('ctrl_ws', 'path')
[19.556s] INFO:colcon.colcon_core.shell:Creating environment hook '/home/dfx-rick/ctrl_ws/install/ctrl_ws/share/ctrl_ws/hook/path.ps1'
[19.556s] INFO:colcon.colcon_core.shell:Creating environment descriptor '/home/dfx-rick/ctrl_ws/install/ctrl_ws/share/ctrl_ws/hook/path.dsv'
[19.556s] INFO:colcon.colcon_core.shell:Creating environment hook '/home/dfx-rick/ctrl_ws/install/ctrl_ws/share/ctrl_ws/hook/path.sh'
[19.556s] Level 1:colcon.colcon_core.environment:checking '/home/dfx-rick/ctrl_ws/install/ctrl_ws/lib/pkgconfig/ctrl_ws.pc'
[19.557s] Level 1:colcon.colcon_core.environment:checking '/home/dfx-rick/ctrl_ws/install/ctrl_ws/lib/python3.8/site-packages'
[19.557s] INFO:colcon.colcon_core.shell:Creating package script '/home/dfx-rick/ctrl_ws/install/ctrl_ws/share/ctrl_ws/package.ps1'
[19.558s] INFO:colcon.colcon_core.shell:Creating package descriptor '/home/dfx-rick/ctrl_ws/install/ctrl_ws/share/ctrl_ws/package.dsv'
[19.558s] INFO:colcon.colcon_core.shell:Creating package script '/home/dfx-rick/ctrl_ws/install/ctrl_ws/share/ctrl_ws/package.sh'
[19.558s] INFO:colcon.colcon_core.shell:Creating package script '/home/dfx-rick/ctrl_ws/install/ctrl_ws/share/ctrl_ws/package.bash'
[19.559s] INFO:colcon.colcon_core.shell:Creating package script '/home/dfx-rick/ctrl_ws/install/ctrl_ws/share/ctrl_ws/package.zsh'
[19.559s] Level 1:colcon.colcon_core.environment:create_file_with_runtime_dependencies(/home/dfx-rick/ctrl_ws/install/ctrl_ws/share/colcon-core/packages/ctrl_ws)
[19.560s] DEBUG:colcon.colcon_parallel_executor.executor.parallel:closing loop
[19.560s] DEBUG:colcon.colcon_parallel_executor.executor.parallel:loop closed
[19.560s] DEBUG:colcon.colcon_parallel_executor.executor.parallel:run_until_complete finished with '0'
[19.560s] DEBUG:colcon.colcon_core.event_reactor:joining thread
[19.566s] INFO:colcon.colcon_core.plugin_system:Skipping extension 'colcon_notification.desktop_notification.terminal_notifier': Not used on non-Darwin systems
[19.566s] INFO:colcon.colcon_core.plugin_system:Skipping extension 'colcon_notification.desktop_notification.win32': Not used on non-Windows systems
[19.566s] INFO:colcon.colcon_notification.desktop_notification:Sending desktop notification using 'notify2'
[19.582s] DEBUG:colcon.colcon_core.event_reactor:joined thread
[19.583s] INFO:colcon.colcon_core.shell:Creating prefix script '/home/dfx-rick/ctrl_ws/install/local_setup.ps1'
[19.584s] INFO:colcon.colcon_core.shell:Creating prefix util module '/home/dfx-rick/ctrl_ws/install/_local_setup_util_ps1.py'
[19.586s] INFO:colcon.colcon_core.shell:Creating prefix chain script '/home/dfx-rick/ctrl_ws/install/setup.ps1'
[19.590s] INFO:colcon.colcon_core.shell:Creating prefix script '/home/dfx-rick/ctrl_ws/install/local_setup.sh'
[19.590s] INFO:colcon.colcon_core.shell:Creating prefix util module '/home/dfx-rick/ctrl_ws/install/_local_setup_util_sh.py'
[19.591s] INFO:colcon.colcon_core.shell:Creating prefix chain script '/home/dfx-rick/ctrl_ws/install/setup.sh'
[19.593s] INFO:colcon.colcon_core.shell:Creating prefix script '/home/dfx-rick/ctrl_ws/install/local_setup.bash'
[19.593s] INFO:colcon.colcon_core.shell:Creating prefix chain script '/home/dfx-rick/ctrl_ws/install/setup.bash'
[19.595s] INFO:colcon.colcon_core.shell:Creating prefix script '/home/dfx-rick/ctrl_ws/install/local_setup.zsh'
[19.595s] INFO:colcon.colcon_core.shell:Creating prefix chain script '/home/dfx-rick/ctrl_ws/install/setup.zsh'
