[0.016s] Invoking command in '/home/dfx-rick/ctrl_ws/build/ctrl_ws': CMAKE_PREFIX_PATH=/opt/ros/foxy /usr/bin/cmake --build /home/dfx-rick/ctrl_ws/build/ctrl_ws -- -j4 -l4
[0.054s] -- Found ament_cmake: 0.9.8 (/opt/ros/foxy/share/ament_cmake/cmake)
[0.082s] -- Using PYTHON_EXECUTABLE: /usr/bin/python3
[0.288s] -- Found rclcpp: 2.3.1 (/opt/ros/foxy/share/rclcpp/cmake)
[0.322s] -- Using all available rosidl_typesupport_c: rosidl_typesupport_fastrtps_c;rosidl_typesupport_introspection_c
[0.326s] -- Found rosidl_adapter: 1.2.1 (/opt/ros/foxy/share/rosidl_adapter/cmake)
[0.442s] -- Using all available rosidl_typesupport_cpp: rosidl_typesupport_fastrtps_cpp;rosidl_typesupport_introspection_cpp
[0.491s] -- Found rmw_implementation_cmake: 1.0.3 (/opt/ros/foxy/share/rmw_implementation_cmake/cmake)
[0.492s] -- Using RMW implementation 'rmw_fastrtps_cpp' as default
[0.638s] -- Found ament_lint_auto: 0.9.6 (/opt/ros/foxy/share/ament_lint_auto/cmake)
[0.700s] -- Added test 'copyright' to check source files copyright and LICENSE
[0.766s] -- Added test 'cppcheck' to perform static code analysis on C / C++ code
[0.767s] -- Configured cppcheck include dirs: /home/dfx-rick/ctrl_ws/include
[0.767s] -- Configured cppcheck exclude dirs and/or files: 
[0.831s] -- Added test 'cpplint' to check C / C++ code against the Google style
[0.831s] -- Configured cpplint exclude dirs and/or files: 
[0.839s] -- Added test 'flake8' to check Python code syntax and style conventions
[0.855s] -- Added test 'lint_cmake' to check CMake code style
[0.863s] -- Added test 'pep257' to check Python code against some of the style conventions in PEP 257
[0.925s] -- Added test 'uncrustify' to check C / C++ code style
[0.925s] -- Configured uncrustify additional arguments: 
[0.934s] -- Added test 'xmllint' to check XML markup files
[0.937s] -- Configuring done
[1.007s] -- Generating done
[1.015s] -- Build files have been written to: /home/dfx-rick/ctrl_ws/build/ctrl_ws
[1.051s] [35m[1mScanning dependencies of target lqr_base[0m
[1.061s] [ 50%] [32mBuilding CXX object CMakeFiles/lqr_base.dir/src/lqr.cpp.o[0m
[2.075s] [01m[K/home/dfx-rick/ctrl_ws/src/lqr.cpp:[m[K In member function ‘[01m[Kvoid lqr::updateK(lss&)[m[K’:
[2.076s] [01m[K/home/dfx-rick/ctrl_ws/src/lqr.cpp:47:26:[m[K [01;31m[Kerror: [m[K‘[01m[KEigen::MatrixXcd[m[K’ {aka ‘[01m[Kclass Eigen::Matrix<std::complex<double>, -1, -1>[m[K’} has no member named ‘[01m[Kzeros[m[K’
[2.076s]    47 |  Eigen::MatrixXcd ev= ev.[01;31m[Kzeros[m[K(2*NumofStates, NumofStates);
[2.076s]       |                          [01;31m[K^~~~~[m[K
[2.076s] [01m[K/home/dfx-rick/ctrl_ws/src/lqr.cpp:53:14:[m[K [01;31m[Kerror: [m[Kno matching function for call to ‘[01m[KEigen::Matrix<std::complex<double>, -1, -1>::cols(int&)[m[K’
[2.076s]    53 |     ev.cols(j[01;31m[K)[m[K=es.eigenvectors().block(0,i,2*NumofStates, 1);
[2.076s]       |              [01;31m[K^[m[K
[2.076s] In file included from [01m[K/usr/include/eigen3/Eigen/Core:457[m[K,
[2.076s]                  from [01m[K/home/dfx-rick/ctrl_ws/include/lqr.h:3[m[K,
[2.076s]                  from [01m[K/home/dfx-rick/ctrl_ws/src/lqr.cpp:1[m[K:
[2.076s] [01m[K/usr/include/eigen3/Eigen/src/Core/PlainObjectBase.h:153:31:[m[K [01;36m[Knote: [m[Kcandidate: ‘[01m[KEigen::Index Eigen::PlainObjectBase<Derived>::cols() const [with Derived = Eigen::Matrix<std::complex<double>, -1, -1>; Eigen::Index = long int][m[K’
[2.076s]   153 |     EIGEN_STRONG_INLINE Index [01;36m[Kcols[m[K() const { return m_storage.cols(); }
[2.077s]       |                               [01;36m[K^~~~[m[K
[2.077s] [01m[K/usr/include/eigen3/Eigen/src/Core/PlainObjectBase.h:153:31:[m[K [01;36m[Knote: [m[K  candidate expects 0 arguments, 1 provided
[6.301s] make[2]: *** [CMakeFiles/lqr_base.dir/build.make:63: CMakeFiles/lqr_base.dir/src/lqr.cpp.o] Error 1
[6.301s] make[1]: *** [CMakeFiles/Makefile2:78: CMakeFiles/lqr_base.dir/all] Error 2
[6.301s] make: *** [Makefile:141: all] Error 2
[6.303s] Invoked command in '/home/dfx-rick/ctrl_ws/build/ctrl_ws' returned '2': CMAKE_PREFIX_PATH=/opt/ros/foxy /usr/bin/cmake --build /home/dfx-rick/ctrl_ws/build/ctrl_ws -- -j4 -l4
