[0.908s] DEBUG:colcon:Command line arguments: ['/usr/bin/colcon', 'build', '--symlink-install', '--cmake-args', '-DCMAKE_BUILD_TYPE=Release']
[0.909s] DEBUG:colcon:Parsed command line arguments: Namespace(ament_cmake_args=None, base_paths=['.'], build_base='build', catkin_cmake_args=None, catkin_skip_building_tests=False, cmake_args=['-DCMAKE_BUILD_TYPE=Release'], cmake_clean_cache=False, cmake_clean_first=False, cmake_force_configure=False, cmake_target=None, cmake_target_skip_unavailable=False, continue_on_error=False, event_handlers=None, executor='parallel', ignore_user_meta=False, install_base='install', log_base=None, log_level=None, main=<bound method BuildVerb.main of <colcon_core.verb.build.BuildVerb object at 0x7f45e606ae80>>, merge_install=False, metas=['./colcon.meta'], packages_above=None, packages_above_and_dependencies=None, packages_above_depth=None, packages_end=None, packages_ignore=None, packages_ignore_regex=None, packages_select=None, packages_select_build_failed=False, packages_select_by_dep=None, packages_select_regex=None, packages_select_test_failures=False, packages_skip=None, packages_skip_build_finished=False, packages_skip_by_dep=None, packages_skip_regex=None, packages_skip_test_passed=False, packages_skip_up_to=None, packages_start=None, packages_up_to=None, packages_up_to_regex=None, parallel_workers=4, paths=None, symlink_install=True, test_result_base=None, verb_extension=<colcon_core.verb.build.BuildVerb object at 0x7f45e606ae80>, verb_name='build', verb_parser=<colcon_defaults.argument_parser.defaults.DefaultArgumentsDecorator object at 0x7f45e6078430>)
[1.775s] Level 1:colcon.colcon_core.package_discovery:discover_packages(colcon_meta) check parameters
[1.775s] Level 1:colcon.colcon_core.package_discovery:discover_packages(recursive) check parameters
[1.775s] Level 1:colcon.colcon_core.package_discovery:discover_packages(ignore) check parameters
[1.776s] Level 1:colcon.colcon_core.package_discovery:discover_packages(path) check parameters
[1.776s] Level 1:colcon.colcon_core.package_discovery:discover_packages(colcon_meta) discover
[1.776s] Level 1:colcon.colcon_core.package_discovery:discover_packages(recursive) discover
[1.776s] INFO:colcon.colcon_core.package_discovery:Crawling recursively for packages in '/home/dfx-rick/ctrl_ws'
[1.776s] Level 1:colcon.colcon_core.package_identification:_identify(.) by extensions ['ignore', 'ignore_ament_install']
[1.777s] Level 1:colcon.colcon_core.package_identification:_identify(.) by extension 'ignore'
[1.777s] Level 1:colcon.colcon_core.package_identification:_identify(.) by extension 'ignore_ament_install'
[1.777s] Level 1:colcon.colcon_core.package_identification:_identify(.) by extensions ['colcon_pkg']
[1.777s] Level 1:colcon.colcon_core.package_identification:_identify(.) by extension 'colcon_pkg'
[1.777s] Level 1:colcon.colcon_core.package_identification:_identify(.) by extensions ['colcon_meta']
[1.778s] Level 1:colcon.colcon_core.package_identification:_identify(.) by extension 'colcon_meta'
[1.778s] Level 1:colcon.colcon_core.package_identification:_identify(.) by extensions ['ros']
[1.778s] Level 1:colcon.colcon_core.package_identification:_identify(.) by extension 'ros'
[3.290s] DEBUG:colcon.colcon_core.package_identification:Package '.' with type 'ros.ament_cmake' and name 'ctrl_ws'
[3.291s] Level 1:colcon.colcon_core.package_discovery:discover_packages(recursive) using defaults
[3.291s] Level 1:colcon.colcon_core.package_discovery:discover_packages(ignore) discover
[3.291s] Level 1:colcon.colcon_core.package_discovery:discover_packages(ignore) using defaults
[3.292s] Level 1:colcon.colcon_core.package_discovery:discover_packages(path) discover
[3.292s] Level 1:colcon.colcon_core.package_discovery:discover_packages(path) using defaults
[3.334s] Level 5:colcon.colcon_core.verb:set package 'ctrl_ws' build argument 'cmake_args' from command line to '['-DCMAKE_BUILD_TYPE=Release']'
[3.335s] Level 5:colcon.colcon_core.verb:set package 'ctrl_ws' build argument 'cmake_target' from command line to 'None'
[3.335s] Level 5:colcon.colcon_core.verb:set package 'ctrl_ws' build argument 'cmake_target_skip_unavailable' from command line to 'False'
[3.335s] Level 5:colcon.colcon_core.verb:set package 'ctrl_ws' build argument 'cmake_clean_cache' from command line to 'False'
[3.335s] Level 5:colcon.colcon_core.verb:set package 'ctrl_ws' build argument 'cmake_clean_first' from command line to 'False'
[3.335s] Level 5:colcon.colcon_core.verb:set package 'ctrl_ws' build argument 'cmake_force_configure' from command line to 'False'
[3.335s] Level 5:colcon.colcon_core.verb:set package 'ctrl_ws' build argument 'ament_cmake_args' from command line to 'None'
[3.335s] Level 5:colcon.colcon_core.verb:set package 'ctrl_ws' build argument 'catkin_cmake_args' from command line to 'None'
[3.335s] Level 5:colcon.colcon_core.verb:set package 'ctrl_ws' build argument 'catkin_skip_building_tests' from command line to 'False'
[3.335s] DEBUG:colcon.colcon_core.verb:Building package 'ctrl_ws' with the following arguments: {'ament_cmake_args': None, 'build_base': '/home/dfx-rick/ctrl_ws/build/ctrl_ws', 'catkin_cmake_args': None, 'catkin_skip_building_tests': False, 'cmake_args': ['-DCMAKE_BUILD_TYPE=Release'], 'cmake_clean_cache': False, 'cmake_clean_first': False, 'cmake_force_configure': False, 'cmake_target': None, 'cmake_target_skip_unavailable': False, 'install_base': '/home/dfx-rick/ctrl_ws/install/ctrl_ws', 'merge_install': False, 'path': '/home/dfx-rick/ctrl_ws', 'symlink_install': True, 'test_result_base': None}
[3.335s] INFO:colcon.colcon_core.executor:Executing jobs using 'parallel' executor
[3.337s] DEBUG:colcon.colcon_parallel_executor.executor.parallel:run_until_complete
[3.338s] INFO:colcon.colcon_ros.task.ament_cmake.build:Building ROS package in '/home/dfx-rick/ctrl_ws' with build type 'ament_cmake'
[3.338s] INFO:colcon.colcon_cmake.task.cmake.build:Building CMake package in '/home/dfx-rick/ctrl_ws'
[3.341s] INFO:colcon.colcon_core.plugin_system:Skipping extension 'colcon_core.shell.bat': Not used on non-Windows systems
[3.341s] INFO:colcon.colcon_core.shell:Skip shell extension 'powershell' for command environment: Not usable outside of PowerShell
[3.341s] DEBUG:colcon.colcon_core.shell:Skip shell extension 'dsv' for command environment
[3.423s] DEBUG:colcon.colcon_core.event_handler.log_command:Invoking command in '/home/dfx-rick/ctrl_ws/build/ctrl_ws': /usr/bin/cmake /home/dfx-rick/ctrl_ws -DCMAKE_BUILD_TYPE=Release -DAMENT_CMAKE_SYMLINK_INSTALL=1 -DCMAKE_INSTALL_PREFIX=/home/dfx-rick/ctrl_ws/install/ctrl_ws
[3.712s] DEBUG:colcon.colcon_core.event_handler.log_command:Invoked command in '/home/dfx-rick/ctrl_ws/build/ctrl_ws' returned '1': /usr/bin/cmake /home/dfx-rick/ctrl_ws -DCMAKE_BUILD_TYPE=Release -DAMENT_CMAKE_SYMLINK_INSTALL=1 -DCMAKE_INSTALL_PREFIX=/home/dfx-rick/ctrl_ws/install/ctrl_ws
[3.724s] Level 1:colcon.colcon_core.environment:create_environment_scripts_only(ctrl_ws)
[3.727s] Level 1:colcon.colcon_core.environment:checking '/home/dfx-rick/ctrl_ws/install/ctrl_ws' for CMake module files
[3.875s] Level 1:colcon.colcon_core.environment:checking '/home/dfx-rick/ctrl_ws/install/ctrl_ws' for CMake config files
[3.942s] Level 1:colcon.colcon_core.shell:create_environment_hook('ctrl_ws', 'cmake_prefix_path')
[3.946s] INFO:colcon.colcon_core.shell:Creating environment hook '/home/dfx-rick/ctrl_ws/install/ctrl_ws/share/ctrl_ws/hook/cmake_prefix_path.ps1'
[3.960s] INFO:colcon.colcon_core.shell:Creating environment descriptor '/home/dfx-rick/ctrl_ws/install/ctrl_ws/share/ctrl_ws/hook/cmake_prefix_path.dsv'
[3.986s] INFO:colcon.colcon_core.shell:Creating environment hook '/home/dfx-rick/ctrl_ws/install/ctrl_ws/share/ctrl_ws/hook/cmake_prefix_path.sh'
[3.992s] Level 1:colcon.colcon_core.environment:checking '/home/dfx-rick/ctrl_ws/install/ctrl_ws/lib'
[3.993s] Level 1:colcon.colcon_core.shell:create_environment_hook('ctrl_ws', 'ld_library_path_lib')
[4.002s] INFO:colcon.colcon_core.shell:Creating environment hook '/home/dfx-rick/ctrl_ws/install/ctrl_ws/share/ctrl_ws/hook/ld_library_path_lib.ps1'
[4.004s] INFO:colcon.colcon_core.shell:Creating environment descriptor '/home/dfx-rick/ctrl_ws/install/ctrl_ws/share/ctrl_ws/hook/ld_library_path_lib.dsv'
[4.006s] INFO:colcon.colcon_core.shell:Creating environment hook '/home/dfx-rick/ctrl_ws/install/ctrl_ws/share/ctrl_ws/hook/ld_library_path_lib.sh'
[4.008s] Level 1:colcon.colcon_core.environment:checking '/home/dfx-rick/ctrl_ws/install/ctrl_ws/bin'
[4.012s] Level 1:colcon.colcon_core.shell:create_environment_hook('ctrl_ws', 'path')
[4.014s] INFO:colcon.colcon_core.shell:Creating environment hook '/home/dfx-rick/ctrl_ws/install/ctrl_ws/share/ctrl_ws/hook/path.ps1'
[4.016s] INFO:colcon.colcon_core.shell:Creating environment descriptor '/home/dfx-rick/ctrl_ws/install/ctrl_ws/share/ctrl_ws/hook/path.dsv'
[4.017s] INFO:colcon.colcon_core.shell:Creating environment hook '/home/dfx-rick/ctrl_ws/install/ctrl_ws/share/ctrl_ws/hook/path.sh'
[4.018s] Level 1:colcon.colcon_core.environment:checking '/home/dfx-rick/ctrl_ws/install/ctrl_ws/lib/pkgconfig/ctrl_ws.pc'
[4.018s] Level 1:colcon.colcon_core.environment:checking '/home/dfx-rick/ctrl_ws/install/ctrl_ws/lib/python3.8/site-packages'
[4.019s] INFO:colcon.colcon_core.shell:Creating package script '/home/dfx-rick/ctrl_ws/install/ctrl_ws/share/ctrl_ws/package.ps1'
[4.021s] INFO:colcon.colcon_core.shell:Creating package descriptor '/home/dfx-rick/ctrl_ws/install/ctrl_ws/share/ctrl_ws/package.dsv'
[4.022s] INFO:colcon.colcon_core.shell:Creating package script '/home/dfx-rick/ctrl_ws/install/ctrl_ws/share/ctrl_ws/package.sh'
[4.024s] INFO:colcon.colcon_core.shell:Creating package script '/home/dfx-rick/ctrl_ws/install/ctrl_ws/share/ctrl_ws/package.bash'
[4.025s] INFO:colcon.colcon_core.shell:Creating package script '/home/dfx-rick/ctrl_ws/install/ctrl_ws/share/ctrl_ws/package.zsh'
[4.026s] Level 1:colcon.colcon_core.environment:create_file_with_runtime_dependencies(/home/dfx-rick/ctrl_ws/install/ctrl_ws/share/colcon-core/packages/ctrl_ws)
[4.039s] DEBUG:colcon.colcon_parallel_executor.executor.parallel:closing loop
[4.039s] DEBUG:colcon.colcon_parallel_executor.executor.parallel:loop closed
[4.039s] DEBUG:colcon.colcon_parallel_executor.executor.parallel:run_until_complete finished with '1'
[4.039s] DEBUG:colcon.colcon_core.event_reactor:joining thread
[4.047s] INFO:colcon.colcon_core.plugin_system:Skipping extension 'colcon_notification.desktop_notification.terminal_notifier': Not used on non-Darwin systems
[4.048s] INFO:colcon.colcon_core.plugin_system:Skipping extension 'colcon_notification.desktop_notification.win32': Not used on non-Windows systems
[4.048s] INFO:colcon.colcon_notification.desktop_notification:Sending desktop notification using 'notify2'
[4.064s] DEBUG:colcon.colcon_core.event_reactor:joined thread
[4.065s] INFO:colcon.colcon_core.shell:Creating prefix script '/home/dfx-rick/ctrl_ws/install/local_setup.ps1'
[4.067s] INFO:colcon.colcon_core.shell:Creating prefix util module '/home/dfx-rick/ctrl_ws/install/_local_setup_util_ps1.py'
[4.068s] INFO:colcon.colcon_core.shell:Creating prefix chain script '/home/dfx-rick/ctrl_ws/install/setup.ps1'
[4.073s] INFO:colcon.colcon_core.shell:Creating prefix script '/home/dfx-rick/ctrl_ws/install/local_setup.sh'
[4.073s] INFO:colcon.colcon_core.shell:Creating prefix util module '/home/dfx-rick/ctrl_ws/install/_local_setup_util_sh.py'
[4.074s] INFO:colcon.colcon_core.shell:Creating prefix chain script '/home/dfx-rick/ctrl_ws/install/setup.sh'
[4.076s] INFO:colcon.colcon_core.shell:Creating prefix script '/home/dfx-rick/ctrl_ws/install/local_setup.bash'
[4.076s] INFO:colcon.colcon_core.shell:Creating prefix chain script '/home/dfx-rick/ctrl_ws/install/setup.bash'
[4.078s] INFO:colcon.colcon_core.shell:Creating prefix script '/home/dfx-rick/ctrl_ws/install/local_setup.zsh'
[4.079s] INFO:colcon.colcon_core.shell:Creating prefix chain script '/home/dfx-rick/ctrl_ws/install/setup.zsh'
