[8.371s] DEBUG:colcon:Command line arguments: ['/usr/bin/colcon', 'build', '--symlink-install', '--cmake-args', '-DCMAKE_BUILD_TYPE=Release']
[8.371s] DEBUG:colcon:Parsed command line arguments: Namespace(ament_cmake_args=None, base_paths=['.'], build_base='build', catkin_cmake_args=None, catkin_skip_building_tests=False, cmake_args=['-DCMAKE_BUILD_TYPE=Release'], cmake_clean_cache=False, cmake_clean_first=False, cmake_force_configure=False, cmake_target=None, cmake_target_skip_unavailable=False, continue_on_error=False, event_handlers=None, executor='parallel', ignore_user_meta=False, install_base='install', log_base=None, log_level=None, main=<bound method BuildVerb.main of <colcon_core.verb.build.BuildVerb object at 0x1506ff431d90>>, merge_install=False, metas=['./colcon.meta'], packages_above=None, packages_above_and_dependencies=None, packages_above_depth=None, packages_end=None, packages_ignore=None, packages_ignore_regex=None, packages_select=None, packages_select_build_failed=False, packages_select_by_dep=None, packages_select_regex=None, packages_select_test_failures=False, packages_skip=None, packages_skip_build_finished=False, packages_skip_by_dep=None, packages_skip_regex=None, packages_skip_test_passed=False, packages_skip_up_to=None, packages_start=None, packages_up_to=None, packages_up_to_regex=None, parallel_workers=4, paths=None, symlink_install=True, test_result_base=None, verb_extension=<colcon_core.verb.build.BuildVerb object at 0x1506ff431d90>, verb_name='build', verb_parser=<colcon_defaults.argument_parser.defaults.DefaultArgumentsDecorator object at 0x1506ff43a340>)
[8.455s] Level 1:colcon.colcon_core.package_discovery:discover_packages(colcon_meta) check parameters
[8.455s] Level 1:colcon.colcon_core.package_discovery:discover_packages(recursive) check parameters
[8.455s] Level 1:colcon.colcon_core.package_discovery:discover_packages(ignore) check parameters
[8.455s] Level 1:colcon.colcon_core.package_discovery:discover_packages(path) check parameters
[8.455s] Level 1:colcon.colcon_core.package_discovery:discover_packages(colcon_meta) discover
[8.456s] Level 1:colcon.colcon_core.package_discovery:discover_packages(recursive) discover
[8.456s] INFO:colcon.colcon_core.package_discovery:Crawling recursively for packages in '/home/dfx-rick/ctrl_ws'
[8.456s] Level 1:colcon.colcon_core.package_identification:_identify(.) by extensions ['ignore', 'ignore_ament_install']
[8.456s] Level 1:colcon.colcon_core.package_identification:_identify(.) by extension 'ignore'
[8.456s] Level 1:colcon.colcon_core.package_identification:_identify(.) by extension 'ignore_ament_install'
[8.457s] Level 1:colcon.colcon_core.package_identification:_identify(.) by extensions ['colcon_pkg']
[8.457s] Level 1:colcon.colcon_core.package_identification:_identify(.) by extension 'colcon_pkg'
[8.457s] Level 1:colcon.colcon_core.package_identification:_identify(.) by extensions ['colcon_meta']
[8.457s] Level 1:colcon.colcon_core.package_identification:_identify(.) by extension 'colcon_meta'
[8.457s] Level 1:colcon.colcon_core.package_identification:_identify(.) by extensions ['ros']
[8.457s] Level 1:colcon.colcon_core.package_identification:_identify(.) by extension 'ros'
[8.553s] DEBUG:colcon.colcon_core.package_identification:Package '.' with type 'ros.ament_cmake' and name 'ctrl_ws'
[8.553s] Level 1:colcon.colcon_core.package_discovery:discover_packages(recursive) using defaults
[8.553s] Level 1:colcon.colcon_core.package_discovery:discover_packages(ignore) discover
[8.553s] Level 1:colcon.colcon_core.package_discovery:discover_packages(ignore) using defaults
[8.553s] Level 1:colcon.colcon_core.package_discovery:discover_packages(path) discover
[8.554s] Level 1:colcon.colcon_core.package_discovery:discover_packages(path) using defaults
[8.684s] Level 5:colcon.colcon_core.verb:set package 'ctrl_ws' build argument 'cmake_args' from command line to '['-DCMAKE_BUILD_TYPE=Release']'
[8.684s] Level 5:colcon.colcon_core.verb:set package 'ctrl_ws' build argument 'cmake_target' from command line to 'None'
[8.684s] Level 5:colcon.colcon_core.verb:set package 'ctrl_ws' build argument 'cmake_target_skip_unavailable' from command line to 'False'
[8.684s] Level 5:colcon.colcon_core.verb:set package 'ctrl_ws' build argument 'cmake_clean_cache' from command line to 'False'
[8.685s] Level 5:colcon.colcon_core.verb:set package 'ctrl_ws' build argument 'cmake_clean_first' from command line to 'False'
[8.685s] Level 5:colcon.colcon_core.verb:set package 'ctrl_ws' build argument 'cmake_force_configure' from command line to 'False'
[8.685s] Level 5:colcon.colcon_core.verb:set package 'ctrl_ws' build argument 'ament_cmake_args' from command line to 'None'
[8.685s] Level 5:colcon.colcon_core.verb:set package 'ctrl_ws' build argument 'catkin_cmake_args' from command line to 'None'
[8.685s] Level 5:colcon.colcon_core.verb:set package 'ctrl_ws' build argument 'catkin_skip_building_tests' from command line to 'False'
[8.685s] DEBUG:colcon.colcon_core.verb:Building package 'ctrl_ws' with the following arguments: {'ament_cmake_args': None, 'build_base': '/home/dfx-rick/ctrl_ws/build/ctrl_ws', 'catkin_cmake_args': None, 'catkin_skip_building_tests': False, 'cmake_args': ['-DCMAKE_BUILD_TYPE=Release'], 'cmake_clean_cache': False, 'cmake_clean_first': False, 'cmake_force_configure': False, 'cmake_target': None, 'cmake_target_skip_unavailable': False, 'install_base': '/home/dfx-rick/ctrl_ws/install/ctrl_ws', 'merge_install': False, 'path': '/home/dfx-rick/ctrl_ws', 'symlink_install': True, 'test_result_base': None}
[8.685s] INFO:colcon.colcon_core.executor:Executing jobs using 'parallel' executor
[8.688s] DEBUG:colcon.colcon_parallel_executor.executor.parallel:run_until_complete
[8.688s] INFO:colcon.colcon_ros.task.ament_cmake.build:Building ROS package in '/home/dfx-rick/ctrl_ws' with build type 'ament_cmake'
[8.689s] INFO:colcon.colcon_cmake.task.cmake.build:Building CMake package in '/home/dfx-rick/ctrl_ws'
[8.703s] INFO:colcon.colcon_core.plugin_system:Skipping extension 'colcon_core.shell.bat': Not used on non-Windows systems
[8.703s] INFO:colcon.colcon_core.shell:Skip shell extension 'powershell' for command environment: Not usable outside of PowerShell
[8.703s] DEBUG:colcon.colcon_core.shell:Skip shell extension 'dsv' for command environment
[8.708s] DEBUG:colcon.colcon_core.shell:Ignoring prefix path '/opt/ros/foxy'
[8.772s] DEBUG:colcon.colcon_core.event_handler.log_command:Invoking command in '/home/dfx-rick/ctrl_ws/build/ctrl_ws': CMAKE_PREFIX_PATH=/opt/ros/foxy /usr/bin/cmake /home/dfx-rick/ctrl_ws -DCMAKE_BUILD_TYPE=Release -DAMENT_CMAKE_SYMLINK_INSTALL=1 -DCMAKE_INSTALL_PREFIX=/home/dfx-rick/ctrl_ws/install/ctrl_ws
[15.241s] DEBUG:colcon.colcon_core.event_handler.log_command:Invoked command in '/home/dfx-rick/ctrl_ws/build/ctrl_ws' returned '0': CMAKE_PREFIX_PATH=/opt/ros/foxy /usr/bin/cmake /home/dfx-rick/ctrl_ws -DCMAKE_BUILD_TYPE=Release -DAMENT_CMAKE_SYMLINK_INSTALL=1 -DCMAKE_INSTALL_PREFIX=/home/dfx-rick/ctrl_ws/install/ctrl_ws
[15.245s] DEBUG:colcon.colcon_core.event_handler.log_command:Invoking command in '/home/dfx-rick/ctrl_ws/build/ctrl_ws': CMAKE_PREFIX_PATH=/opt/ros/foxy /usr/bin/cmake --build /home/dfx-rick/ctrl_ws/build/ctrl_ws -- -j4 -l4
[37.217s] DEBUG:colcon.colcon_core.event_handler.log_command:Invoked command in '/home/dfx-rick/ctrl_ws/build/ctrl_ws' returned '0': CMAKE_PREFIX_PATH=/opt/ros/foxy /usr/bin/cmake --build /home/dfx-rick/ctrl_ws/build/ctrl_ws -- -j4 -l4
[37.252s] DEBUG:colcon.colcon_core.event_handler.log_command:Invoking command in '/home/dfx-rick/ctrl_ws/build/ctrl_ws': CMAKE_PREFIX_PATH=/opt/ros/foxy /usr/bin/cmake --install /home/dfx-rick/ctrl_ws/build/ctrl_ws
[37.315s] Level 1:colcon.colcon_core.environment:create_environment_scripts_only(ctrl_ws)
[37.316s] DEBUG:colcon.colcon_core.event_handler.log_command:Invoked command in '/home/dfx-rick/ctrl_ws/build/ctrl_ws' returned '0': CMAKE_PREFIX_PATH=/opt/ros/foxy /usr/bin/cmake --install /home/dfx-rick/ctrl_ws/build/ctrl_ws
[37.398s] Level 1:colcon.colcon_core.environment:checking '/home/dfx-rick/ctrl_ws/install/ctrl_ws' for CMake module files
[37.400s] Level 1:colcon.colcon_core.environment:checking '/home/dfx-rick/ctrl_ws/install/ctrl_ws' for CMake config files
[37.401s] Level 1:colcon.colcon_core.shell:create_environment_hook('ctrl_ws', 'cmake_prefix_path')
[37.404s] INFO:colcon.colcon_core.shell:Creating environment hook '/home/dfx-rick/ctrl_ws/install/ctrl_ws/share/ctrl_ws/hook/cmake_prefix_path.ps1'
[37.432s] INFO:colcon.colcon_core.shell:Creating environment descriptor '/home/dfx-rick/ctrl_ws/install/ctrl_ws/share/ctrl_ws/hook/cmake_prefix_path.dsv'
[37.449s] INFO:colcon.colcon_core.shell:Creating environment hook '/home/dfx-rick/ctrl_ws/install/ctrl_ws/share/ctrl_ws/hook/cmake_prefix_path.sh'
[37.454s] Level 1:colcon.colcon_core.environment:checking '/home/dfx-rick/ctrl_ws/install/ctrl_ws/lib'
[37.455s] Level 1:colcon.colcon_core.shell:create_environment_hook('ctrl_ws', 'ld_library_path_lib')
[37.457s] INFO:colcon.colcon_core.shell:Creating environment hook '/home/dfx-rick/ctrl_ws/install/ctrl_ws/share/ctrl_ws/hook/ld_library_path_lib.ps1'
[37.459s] INFO:colcon.colcon_core.shell:Creating environment descriptor '/home/dfx-rick/ctrl_ws/install/ctrl_ws/share/ctrl_ws/hook/ld_library_path_lib.dsv'
[37.460s] INFO:colcon.colcon_core.shell:Creating environment hook '/home/dfx-rick/ctrl_ws/install/ctrl_ws/share/ctrl_ws/hook/ld_library_path_lib.sh'
[37.462s] Level 1:colcon.colcon_core.environment:checking '/home/dfx-rick/ctrl_ws/install/ctrl_ws/bin'
[37.462s] Level 1:colcon.colcon_core.shell:create_environment_hook('ctrl_ws', 'path')
[37.464s] INFO:colcon.colcon_core.shell:Creating environment hook '/home/dfx-rick/ctrl_ws/install/ctrl_ws/share/ctrl_ws/hook/path.ps1'
[37.465s] INFO:colcon.colcon_core.shell:Creating environment descriptor '/home/dfx-rick/ctrl_ws/install/ctrl_ws/share/ctrl_ws/hook/path.dsv'
[37.466s] INFO:colcon.colcon_core.shell:Creating environment hook '/home/dfx-rick/ctrl_ws/install/ctrl_ws/share/ctrl_ws/hook/path.sh'
[37.467s] Level 1:colcon.colcon_core.environment:checking '/home/dfx-rick/ctrl_ws/install/ctrl_ws/lib/pkgconfig/ctrl_ws.pc'
[37.467s] Level 1:colcon.colcon_core.environment:checking '/home/dfx-rick/ctrl_ws/install/ctrl_ws/lib/python3.8/site-packages'
[37.469s] INFO:colcon.colcon_core.shell:Creating package script '/home/dfx-rick/ctrl_ws/install/ctrl_ws/share/ctrl_ws/package.ps1'
[37.472s] INFO:colcon.colcon_core.shell:Creating package descriptor '/home/dfx-rick/ctrl_ws/install/ctrl_ws/share/ctrl_ws/package.dsv'
[37.474s] INFO:colcon.colcon_core.shell:Creating package script '/home/dfx-rick/ctrl_ws/install/ctrl_ws/share/ctrl_ws/package.sh'
[37.476s] INFO:colcon.colcon_core.shell:Creating package script '/home/dfx-rick/ctrl_ws/install/ctrl_ws/share/ctrl_ws/package.bash'
[37.493s] INFO:colcon.colcon_core.shell:Creating package script '/home/dfx-rick/ctrl_ws/install/ctrl_ws/share/ctrl_ws/package.zsh'
[37.509s] Level 1:colcon.colcon_core.environment:create_file_with_runtime_dependencies(/home/dfx-rick/ctrl_ws/install/ctrl_ws/share/colcon-core/packages/ctrl_ws)
[37.544s] Level 1:colcon.colcon_core.environment:create_environment_scripts_only(ctrl_ws)
[37.545s] Level 1:colcon.colcon_core.environment:checking '/home/dfx-rick/ctrl_ws/install/ctrl_ws' for CMake module files
[37.546s] Level 1:colcon.colcon_core.environment:checking '/home/dfx-rick/ctrl_ws/install/ctrl_ws' for CMake config files
[37.547s] Level 1:colcon.colcon_core.shell:create_environment_hook('ctrl_ws', 'cmake_prefix_path')
[37.548s] INFO:colcon.colcon_core.shell:Creating environment hook '/home/dfx-rick/ctrl_ws/install/ctrl_ws/share/ctrl_ws/hook/cmake_prefix_path.ps1'
[37.549s] INFO:colcon.colcon_core.shell:Creating environment descriptor '/home/dfx-rick/ctrl_ws/install/ctrl_ws/share/ctrl_ws/hook/cmake_prefix_path.dsv'
[37.549s] INFO:colcon.colcon_core.shell:Creating environment hook '/home/dfx-rick/ctrl_ws/install/ctrl_ws/share/ctrl_ws/hook/cmake_prefix_path.sh'
[37.550s] Level 1:colcon.colcon_core.environment:checking '/home/dfx-rick/ctrl_ws/install/ctrl_ws/lib'
[37.550s] Level 1:colcon.colcon_core.shell:create_environment_hook('ctrl_ws', 'ld_library_path_lib')
[37.551s] INFO:colcon.colcon_core.shell:Creating environment hook '/home/dfx-rick/ctrl_ws/install/ctrl_ws/share/ctrl_ws/hook/ld_library_path_lib.ps1'
[37.552s] INFO:colcon.colcon_core.shell:Creating environment descriptor '/home/dfx-rick/ctrl_ws/install/ctrl_ws/share/ctrl_ws/hook/ld_library_path_lib.dsv'
[37.552s] INFO:colcon.colcon_core.shell:Creating environment hook '/home/dfx-rick/ctrl_ws/install/ctrl_ws/share/ctrl_ws/hook/ld_library_path_lib.sh'
[37.552s] Level 1:colcon.colcon_core.environment:checking '/home/dfx-rick/ctrl_ws/install/ctrl_ws/bin'
[37.552s] Level 1:colcon.colcon_core.shell:create_environment_hook('ctrl_ws', 'path')
[37.553s] INFO:colcon.colcon_core.shell:Creating environment hook '/home/dfx-rick/ctrl_ws/install/ctrl_ws/share/ctrl_ws/hook/path.ps1'
[37.555s] INFO:colcon.colcon_core.shell:Creating environment descriptor '/home/dfx-rick/ctrl_ws/install/ctrl_ws/share/ctrl_ws/hook/path.dsv'
[37.555s] INFO:colcon.colcon_core.shell:Creating environment hook '/home/dfx-rick/ctrl_ws/install/ctrl_ws/share/ctrl_ws/hook/path.sh'
[37.556s] Level 1:colcon.colcon_core.environment:checking '/home/dfx-rick/ctrl_ws/install/ctrl_ws/lib/pkgconfig/ctrl_ws.pc'
[37.556s] Level 1:colcon.colcon_core.environment:checking '/home/dfx-rick/ctrl_ws/install/ctrl_ws/lib/python3.8/site-packages'
[37.558s] INFO:colcon.colcon_core.shell:Creating package script '/home/dfx-rick/ctrl_ws/install/ctrl_ws/share/ctrl_ws/package.ps1'
[37.559s] INFO:colcon.colcon_core.shell:Creating package descriptor '/home/dfx-rick/ctrl_ws/install/ctrl_ws/share/ctrl_ws/package.dsv'
[37.560s] INFO:colcon.colcon_core.shell:Creating package script '/home/dfx-rick/ctrl_ws/install/ctrl_ws/share/ctrl_ws/package.sh'
[37.560s] INFO:colcon.colcon_core.shell:Creating package script '/home/dfx-rick/ctrl_ws/install/ctrl_ws/share/ctrl_ws/package.bash'
[37.561s] INFO:colcon.colcon_core.shell:Creating package script '/home/dfx-rick/ctrl_ws/install/ctrl_ws/share/ctrl_ws/package.zsh'
[37.561s] Level 1:colcon.colcon_core.environment:create_file_with_runtime_dependencies(/home/dfx-rick/ctrl_ws/install/ctrl_ws/share/colcon-core/packages/ctrl_ws)
[37.562s] DEBUG:colcon.colcon_parallel_executor.executor.parallel:closing loop
[37.562s] DEBUG:colcon.colcon_parallel_executor.executor.parallel:loop closed
[37.562s] DEBUG:colcon.colcon_parallel_executor.executor.parallel:run_until_complete finished with '0'
[37.562s] DEBUG:colcon.colcon_core.event_reactor:joining thread
[37.684s] INFO:colcon.colcon_core.plugin_system:Skipping extension 'colcon_notification.desktop_notification.terminal_notifier': Not used on non-Darwin systems
[37.685s] INFO:colcon.colcon_core.plugin_system:Skipping extension 'colcon_notification.desktop_notification.win32': Not used on non-Windows systems
[37.685s] INFO:colcon.colcon_notification.desktop_notification:Sending desktop notification using 'notify2'
[37.709s] DEBUG:colcon.colcon_core.event_reactor:joined thread
[37.710s] INFO:colcon.colcon_core.shell:Creating prefix script '/home/dfx-rick/ctrl_ws/install/local_setup.ps1'
[37.719s] INFO:colcon.colcon_core.shell:Creating prefix util module '/home/dfx-rick/ctrl_ws/install/_local_setup_util_ps1.py'
[37.722s] INFO:colcon.colcon_core.shell:Creating prefix chain script '/home/dfx-rick/ctrl_ws/install/setup.ps1'
[37.727s] INFO:colcon.colcon_core.shell:Creating prefix script '/home/dfx-rick/ctrl_ws/install/local_setup.sh'
[37.728s] INFO:colcon.colcon_core.shell:Creating prefix util module '/home/dfx-rick/ctrl_ws/install/_local_setup_util_sh.py'
[37.729s] INFO:colcon.colcon_core.shell:Creating prefix chain script '/home/dfx-rick/ctrl_ws/install/setup.sh'
[37.731s] INFO:colcon.colcon_core.shell:Creating prefix script '/home/dfx-rick/ctrl_ws/install/local_setup.bash'
[37.732s] INFO:colcon.colcon_core.shell:Creating prefix chain script '/home/dfx-rick/ctrl_ws/install/setup.bash'
[37.736s] INFO:colcon.colcon_core.shell:Creating prefix script '/home/dfx-rick/ctrl_ws/install/local_setup.zsh'
[37.740s] INFO:colcon.colcon_core.shell:Creating prefix chain script '/home/dfx-rick/ctrl_ws/install/setup.zsh'
