[0.014s] Invoking command in '/home/dfx-rick/ctrl_ws/build/ctrl_ws': CMAKE_PREFIX_PATH=/opt/ros/foxy /usr/bin/cmake --build /home/dfx-rick/ctrl_ws/build/ctrl_ws -- -j4 -l4
[0.052s] [35m[1mScanning dependencies of target lqr_implement[0m
[0.062s] [ 50%] Built target lqr_base
[0.077s] [ 75%] [32mBuilding CXX object CMakeFiles/lqr_implement.dir/src/ctrl_node.cpp.o[0m
[2.063s] [01m[K/home/dfx-rick/ctrl_ws/src/ctrl_node.cpp:[m[K In constructor ‘[01m[Kctrl_node::ctrl_node()[m[K’:
[2.064s] [01m[K/home/dfx-rick/ctrl_ws/src/ctrl_node.cpp:29:103:[m[K [01;31m[Kerror: [m[Kno match for ‘[01m[Koperator=[m[K’ (operand types are ‘[01m[K__gnu_cxx::__alloc_traits<std::allocator<rclcpp::Publisher<std_msgs::msg::Float32_<std::allocator<void> > > >, rclcpp::Publisher<std_msgs::msg::Float32_<std::allocator<void> > > >::value_type[m[K’ {aka ‘[01m[Krclcpp::Publisher<std_msgs::msg::Float32_<std::allocator<void> > >[m[K’} and ‘[01m[Kstd::shared_ptr<rclcpp::Publisher<std_msgs::msg::Float32_<std::allocator<void> > > >[m[K’)
[2.064s]    29 | gs::msg::Float32>("/joint"+std::to_string(i+1)+"_ctrl", 100[01;31m[K)[m[K;
[2.064s]       |                                                            [01;31m[K^[m[K
[2.064s] 
[2.064s] In file included from [01m[K/opt/ros/foxy/include/rclcpp/topic_statistics/subscription_topic_statistics.hpp:31[m[K,
[2.064s]                  from [01m[K/opt/ros/foxy/include/rclcpp/subscription.hpp:50[m[K,
[2.064s]                  from [01m[K/opt/ros/foxy/include/rclcpp/any_executable.hpp:25[m[K,
[2.064s]                  from [01m[K/opt/ros/foxy/include/rclcpp/memory_strategy.hpp:24[m[K,
[2.064s]                  from [01m[K/opt/ros/foxy/include/rclcpp/memory_strategies.hpp:18[m[K,
[2.064s]                  from [01m[K/opt/ros/foxy/include/rclcpp/executor_options.hpp:20[m[K,
[2.064s]                  from [01m[K/opt/ros/foxy/include/rclcpp/executor.hpp:33[m[K,
[2.064s]                  from [01m[K/opt/ros/foxy/include/rclcpp/executors/multi_threaded_executor.hpp:25[m[K,
[2.064s]                  from [01m[K/opt/ros/foxy/include/rclcpp/executors.hpp:21[m[K,
[2.064s]                  from [01m[K/opt/ros/foxy/include/rclcpp/rclcpp.hpp:146[m[K,
[2.065s]                  from [01m[K/home/dfx-rick/ctrl_ws/src/ctrl_node.cpp:6[m[K:
[2.065s] [01m[K/opt/ros/foxy/include/rclcpp/publisher.hpp:51:7:[m[K [01;36m[Knote: [m[Kcandidate: ‘[01m[Krclcpp::Publisher<std_msgs::msg::Float32_<std::allocator<void> > >& rclcpp::Publisher<std_msgs::msg::Float32_<std::allocator<void> > >::operator=(const rclcpp::Publisher<std_msgs::msg::Float32_<std::allocator<void> > >&)[m[K’ <deleted>
[2.065s]    51 | class [01;36m[KPublisher[m[K : public PublisherBase
[2.065s]       |       [01;36m[K^~~~~~~~~[m[K
[2.065s] [01m[K/opt/ros/foxy/include/rclcpp/publisher.hpp:51:7:[m[K [01;36m[Knote: [m[K  no known conversion for argument 1 from ‘[01m[Kstd::shared_ptr<rclcpp::Publisher<std_msgs::msg::Float32_<std::allocator<void> > > >[m[K’ to ‘[01m[Kconst rclcpp::Publisher<std_msgs::msg::Float32_<std::allocator<void> > >&[m[K’
[2.065s] In file included from [01m[K/home/dfx-rick/ctrl_ws/src/ctrl_node.cpp:2[m[K:
[2.065s] /usr/include/c++/9/functional: In instantiation of ‘[01m[Kstruct std::_Bind_check_arity<void (ctrl_node::*)(std::shared_ptr<std_msgs::msg::Float32MultiArray_<std::allocator<void> > >)>[m[K’:
[2.065s] [01m[K/usr/include/c++/9/functional:787:12:[m[K   required from ‘[01m[Kstruct std::_Bind_helper<false, void (ctrl_node::*)(std::shared_ptr<std_msgs::msg::Float32MultiArray_<std::allocator<void> > >)>[m[K’
[2.065s] [01m[K/usr/include/c++/9/functional:808:5:[m[K   required by substitution of ‘[01m[Ktemplate<class _Func, class ... _BoundArgs> typename std::_Bind_helper<std::__is_socketlike<_Func>::value, _Func, _BoundArgs ...>::type std::bind(_Func&&, _BoundArgs&& ...) [with _Func = void (ctrl_node::*)(std::shared_ptr<std_msgs::msg::Float32MultiArray_<std::allocator<void> > >); _BoundArgs = {}][m[K’
[2.065s] [01m[K/home/dfx-rick/ctrl_ws/src/ctrl_node.cpp:32:122:[m[K   required from here
[2.065s] [01m[K/usr/include/c++/9/functional:775:7:[m[K [01;31m[Kerror: [m[Kstatic assertion failed: Wrong number of arguments for pointer-to-member
[2.065s]   774 |       static_assert(_Varargs::[01;31m[Kvalue[m[K
[2.066s]       |                               [01;31m[K~~~~~[m[K
[2.066s]   775 | [01;31m[K      ? sizeof...(_BoundArgs) >= _Arity::value + 1[m[K
[2.066s]       |       [01;31m[K^~~~~~~~~~~~~~~~~~~~~~~~~~~~~~~~~~~~~~~~~~~~[m[K
[2.066s]   776 | [01;31m[K      : sizeof...(_BoundArgs) == _Arity::value + 1[m[K,
[2.066s]       |       [01;31m[K~~~~~~~~~~~~~~~~~~~~~~~~~~~~~~~~~~~~~~~~~~~~[m[K
[2.066s] /usr/include/c++/9/functional: In substitution of ‘[01m[Ktemplate<class _Functor, class ... _Bound_args> template<class _Fn, class _CallArgs, class ... _BArgs> using _Res_type_impl = typename std::result_of<_Fn&(std::_Bind<_Functor(_Bound_args ...)>::_Mu_type<_BArgs, _CallArgs>&& ...)>::type [with _Fn = void (ctrl_node::*)(std::shared_ptr<std_msgs::msg::Float32MultiArray_<std::allocator<void> > >); _CallArgs = _CallArgs; _BArgs = {}; _Functor = void (ctrl_node::*)(std::shared_ptr<std_msgs::msg::Float32MultiArray_<std::allocator<void> > >); _Bound_args = {}][m[K’:
[2.066s] [01m[K/usr/include/c++/9/functional:447:8:[m[K   required from ‘[01m[Kstruct std::_Bind<void (ctrl_node::*())(std::shared_ptr<std_msgs::msg::Float32MultiArray_<std::allocator<void> > >)>[m[K’
[2.066s] [01m[K/home/dfx-rick/ctrl_ws/src/ctrl_node.cpp:32:122:[m[K   required from here
[2.066s] [01m[K/usr/include/c++/9/functional:443:8:[m[K [01;31m[Kerror: [m[Kno type named ‘[01m[Ktype[m[K’ in ‘[01m[Kclass std::result_of<void (ctrl_node::*&())(std::shared_ptr<std_msgs::msg::Float32MultiArray_<std::allocator<void> > >)>[m[K’
[2.066s]   443 |  using [01;31m[K_Res_type_impl[m[K
[2.066s]       |        [01;31m[K^~~~~~~~~~~~~~[m[K
[2.066s] /usr/include/c++/9/functional: In substitution of ‘[01m[Ktemplate<class _Functor, class ... _Bound_args> template<class _Fn, class _CallArgs, class ... _BArgs> using _Res_type_impl = typename std::result_of<_Fn&(std::_Bind<_Functor(_Bound_args ...)>::_Mu_type<_BArgs, _CallArgs>&& ...)>::type [with _Fn = void (ctrl_node::*)(std::shared_ptr<std_msgs::msg::Float32MultiArray_<std::allocator<void> > >); _CallArgs = std::tuple<_Tps ...>; _BArgs = {}; _Functor = void (ctrl_node::*)(std::shared_ptr<std_msgs::msg::Float32MultiArray_<std::allocator<void> > >); _Bound_args = {}][m[K’:
[2.066s] [01m[K/usr/include/c++/9/functional:447:8:[m[K   required by substitution of ‘[01m[Ktemplate<class _Functor, class ... _Bound_args> template<class _CallArgs> using _Res_type = std::_Bind<_Functor(_Bound_args ...)>::_Res_type_impl<_Functor, _CallArgs, _Bound_args ...> [with _CallArgs = std::tuple<_Tps ...>; _Functor = void (ctrl_node::*)(std::shared_ptr<std_msgs::msg::Float32MultiArray_<std::allocator<void> > >); _Bound_args = {}][m[K’
[2.066s] [01m[K/usr/include/c++/9/functional:480:2:[m[K   required from ‘[01m[Kstruct std::_Bind<void (ctrl_node::*())(std::shared_ptr<std_msgs::msg::Float32MultiArray_<std::allocator<void> > >)>[m[K’
[2.066s] [01m[K/home/dfx-rick/ctrl_ws/src/ctrl_node.cpp:32:122:[m[K   required from here
[2.067s] [01m[K/usr/include/c++/9/functional:443:8:[m[K [01;31m[Kerror: [m[Kno type named ‘[01m[Ktype[m[K’ in ‘[01m[Kclass std::result_of<void (ctrl_node::*&())(std::shared_ptr<std_msgs::msg::Float32MultiArray_<std::allocator<void> > >)>[m[K’
[2.067s] [01m[K/home/dfx-rick/ctrl_ws/src/ctrl_node.cpp:32:123:[m[K [01;31m[Kerror: [m[Kno matching function for call to ‘[01m[Kctrl_node::create_subscription<std_msgs::msg::Float32MultiArray>(const char [11], std::_Bind_helper<false, void (ctrl_node::*)(std::shared_ptr<std_msgs::msg::Float32MultiArray_<std::allocator<void> > >)>::type)[m[K’
[2.067s]    32 | 32MultiArray>("StateTopic", std::bind(&ctrl_node::callback)[01;31m[K)[m[K;
[2.067s]       |                                                            [01;31m[K^[m[K
[2.067s] 
[2.067s] In file included from [01m[K/opt/ros/foxy/include/rclcpp/executors/single_threaded_executor.hpp:28[m[K,
[2.067s]                  from [01m[K/opt/ros/foxy/include/rclcpp/executors.hpp:22[m[K,
[2.067s]                  from [01m[K/opt/ros/foxy/include/rclcpp/rclcpp.hpp:146[m[K,
[2.067s]                  from [01m[K/home/dfx-rick/ctrl_ws/src/ctrl_node.cpp:6[m[K:
[2.067s] [01m[K/opt/ros/foxy/include/rclcpp/node.hpp:213:3:[m[K [01;36m[Knote: [m[Kcandidate: ‘[01m[Ktemplate<class MessageT, class CallbackT, class AllocatorT, class CallbackMessageT, class SubscriptionT, class MessageMemoryStrategyT> std::shared_ptr<SubscriptionT> rclcpp::Node::create_subscription(const string&, const rclcpp::QoS&, CallbackT&&, const rclcpp::SubscriptionOptionsWithAllocator<AllocatorT>&, typename MessageMemoryStrategyT::SharedPtr)[m[K’
[2.067s]   213 |   [01;36m[Kcreate_subscription[m[K(
[2.067s]       |   [01;36m[K^~~~~~~~~~~~~~~~~~~[m[K
[2.067s] [01m[K/opt/ros/foxy/include/rclcpp/node.hpp:213:3:[m[K [01;36m[Knote: [m[K  template argument deduction/substitution failed:
[2.067s] [01m[K/home/dfx-rick/ctrl_ws/src/ctrl_node.cpp:32:123:[m[K [01;36m[Knote: [m[K  candidate expects 5 arguments, 2 provided
[2.067s]    32 | 32MultiArray>("StateTopic", std::bind(&ctrl_node::callback)[01;36m[K)[m[K;
[2.067s]       |                                                            [01;36m[K^[m[K
[2.067s] 
[2.068s] [01m[K/home/dfx-rick/ctrl_ws/src/ctrl_node.cpp:33:124:[m[K [01;31m[Kerror: [m[Kno matching function for call to ‘[01m[Kctrl_node::create_subscription<std_msgs::msg::Float32MultiArray>(const char [9], std::_Bind_helper<false, void (ctrl_node::*)(std::shared_ptr<std_msgs::msg::Float32MultiArray_<std::allocator<void> > >)>::type)[m[K’
[2.068s]    33 | 2MultiArray>("Desstate", std::bind(&ctrl_node::descallback)[01;31m[K)[m[K;
[2.068s]       |                                                            [01;31m[K^[m[K
[2.068s] 
[2.068s] In file included from [01m[K/opt/ros/foxy/include/rclcpp/executors/single_threaded_executor.hpp:28[m[K,
[2.068s]                  from [01m[K/opt/ros/foxy/include/rclcpp/executors.hpp:22[m[K,
[2.068s]                  from [01m[K/opt/ros/foxy/include/rclcpp/rclcpp.hpp:146[m[K,
[2.068s]                  from [01m[K/home/dfx-rick/ctrl_ws/src/ctrl_node.cpp:6[m[K:
[2.068s] [01m[K/opt/ros/foxy/include/rclcpp/node.hpp:213:3:[m[K [01;36m[Knote: [m[Kcandidate: ‘[01m[Ktemplate<class MessageT, class CallbackT, class AllocatorT, class CallbackMessageT, class SubscriptionT, class MessageMemoryStrategyT> std::shared_ptr<SubscriptionT> rclcpp::Node::create_subscription(const string&, const rclcpp::QoS&, CallbackT&&, const rclcpp::SubscriptionOptionsWithAllocator<AllocatorT>&, typename MessageMemoryStrategyT::SharedPtr)[m[K’
[2.068s]   213 |   [01;36m[Kcreate_subscription[m[K(
[2.068s]       |   [01;36m[K^~~~~~~~~~~~~~~~~~~[m[K
[2.068s] [01m[K/opt/ros/foxy/include/rclcpp/node.hpp:213:3:[m[K [01;36m[Knote: [m[K  template argument deduction/substitution failed:
[2.068s] [01m[K/home/dfx-rick/ctrl_ws/src/ctrl_node.cpp:33:124:[m[K [01;36m[Knote: [m[K  candidate expects 5 arguments, 2 provided
[2.068s]    33 | 2MultiArray>("Desstate", std::bind(&ctrl_node::descallback)[01;36m[K)[m[K;
[2.068s]       |                                                            [01;36m[K^[m[K
[2.068s] 
[2.084s] [01m[K/home/dfx-rick/ctrl_ws/src/ctrl_node.cpp:[m[K In member function ‘[01m[Kvoid ctrl_node::callback(std_msgs::msg::Float32MultiArray_<std::allocator<void> >::SharedPtr)[m[K’:
[2.084s] [01m[K/home/dfx-rick/ctrl_ws/src/ctrl_node.cpp:84:23:[m[K [01;31m[Kerror: [m[Kno match for call to ‘[01m[K(std_msgs::msg::Float32MultiArray_<std::allocator<void> >::_data_type {aka std::vector<float>}) (long unsigned int&)[m[K’
[2.084s]    84 |    E(i,0)=msg_->data(i[01;31m[K)[m[K-msg->data(i);
[2.085s]       |                       [01;31m[K^[m[K
[2.085s] [01m[K/home/dfx-rick/ctrl_ws/src/ctrl_node.cpp:84:36:[m[K [01;31m[Kerror: [m[Kno match for call to ‘[01m[K(std_msgs::msg::Float32MultiArray_<std::allocator<void> >::_data_type {aka std::vector<float>}) (long unsigned int&)[m[K’
[2.085s]    84 |    E(i,0)=msg_->data(i)-msg->data(i[01;31m[K)[m[K;
[2.085s]       |                                    [01;31m[K^[m[K
[2.092s] [01m[K/home/dfx-rick/ctrl_ws/src/ctrl_node.cpp:92:6:[m[K [01;31m[Kerror: [m[Kbase operand of ‘[01m[K->[m[K’ has non-pointer type ‘[01m[Kstd_msgs::msg::Float32MultiArray[m[K’ {aka ‘[01m[Kstd_msgs::msg::Float32MultiArray_<std::allocator<void> >[m[K’}
[2.093s]    92 |    ci[01;31m[K->[m[Kdata=U(j,0);
[2.093s]       |      [01;31m[K^~[m[K
[2.098s] [01m[K/home/dfx-rick/ctrl_ws/src/ctrl_node.cpp:93:24:[m[K [01;31m[Kerror: [m[Kno matching function for call to ‘[01m[Krclcpp::Publisher<std_msgs::msg::Float32_<std::allocator<void> > >::publish(std_msgs::msg::Float32MultiArray&)[m[K’
[2.099s]    93 |    joints[j].publish(ci[01;31m[K)[m[K;
[2.099s]       |                        [01;31m[K^[m[K
[2.099s] In file included from [01m[K/opt/ros/foxy/include/rclcpp/topic_statistics/subscription_topic_statistics.hpp:31[m[K,
[2.099s]                  from [01m[K/opt/ros/foxy/include/rclcpp/subscription.hpp:50[m[K,
[2.099s]                  from [01m[K/opt/ros/foxy/include/rclcpp/any_executable.hpp:25[m[K,
[2.099s]                  from [01m[K/opt/ros/foxy/include/rclcpp/memory_strategy.hpp:24[m[K,
[2.099s]                  from [01m[K/opt/ros/foxy/include/rclcpp/memory_strategies.hpp:18[m[K,
[2.099s]                  from [01m[K/opt/ros/foxy/include/rclcpp/executor_options.hpp:20[m[K,
[2.099s]                  from [01m[K/opt/ros/foxy/include/rclcpp/executor.hpp:33[m[K,
[2.099s]                  from [01m[K/opt/ros/foxy/include/rclcpp/executors/multi_threaded_executor.hpp:25[m[K,
[2.099s]                  from [01m[K/opt/ros/foxy/include/rclcpp/executors.hpp:21[m[K,
[2.099s]                  from [01m[K/opt/ros/foxy/include/rclcpp/rclcpp.hpp:146[m[K,
[2.099s]                  from [01m[K/home/dfx-rick/ctrl_ws/src/ctrl_node.cpp:6[m[K:
[2.099s] [01m[K/opt/ros/foxy/include/rclcpp/publisher.hpp:185:3:[m[K [01;36m[Knote: [m[Kcandidate: ‘[01m[Kvoid rclcpp::Publisher<MessageT, AllocatorT>::publish(std::unique_ptr<MessageT, typename std::conditional<std::is_same<typename std::allocator_traits<typename std::allocator_traits<_NodeAlloc>::rebind_traits<MessageT>::allocator_type>::rebind_alloc<MessageT>, typename std::allocator<void>::rebind<_Tp1>::other>::value, std::default_delete<_Tp>, rclcpp::allocator::AllocatorDeleter<typename std::allocator_traits<_NodeAlloc>::rebind_traits<MessageT>::allocator_type> >::type>) [with MessageT = std_msgs::msg::Float32_<std::allocator<void> >; AllocatorT = std::allocator<void>; typename std::conditional<std::is_same<typename std::allocator_traits<typename std::allocator_traits<_NodeAlloc>::rebind_traits<MessageT>::allocator_type>::rebind_alloc<MessageT>, typename std::allocator<void>::rebind<_Tp1>::other>::value, std::default_delete<_Tp>, rclcpp::allocator::AllocatorDeleter<typename std::allocator_traits<_NodeAlloc>::rebind_traits<MessageT>::allocator_type> >::type = std::default_delete<std_msgs::msg::Float32_<std::allocator<void> > >][m[K’
[2.099s]   185 |   [01;36m[Kpublish[m[K(std::unique_ptr<MessageT, MessageDeleter> msg)
[2.099s]       |   [01;36m[K^~~~~~~[m[K
[2.099s] [01m[K/opt/ros/foxy/include/rclcpp/publisher.hpp:185:53:[m[K [01;36m[Knote: [m[K  no known conversion for argument 1 from ‘[01m[Kstd_msgs::msg::Float32MultiArray[m[K’ {aka ‘[01m[Kstd_msgs::msg::Float32MultiArray_<std::allocator<void> >[m[K’} to ‘[01m[Kstd::unique_ptr<std_msgs::msg::Float32_<std::allocator<void> >, std::default_delete<std_msgs::msg::Float32_<std::allocator<void> > > >[m[K’
[2.100s]   185 |   publish([01;36m[Kstd::unique_ptr<MessageT, MessageDeleter> msg[m[K)
[2.100s]       |           [01;36m[K~~~~~~~~~~~~~~~~~~~~~~~~~~~~~~~~~~~~~~~~~~^~~[m[K
[2.100s] [01m[K/opt/ros/foxy/include/rclcpp/publisher.hpp:209:3:[m[K [01;36m[Knote: [m[Kcandidate: ‘[01m[Kvoid rclcpp::Publisher<MessageT, AllocatorT>::publish(const MessageT&) [with MessageT = std_msgs::msg::Float32_<std::allocator<void> >; AllocatorT = std::allocator<void>][m[K’
[2.100s]   209 |   [01;36m[Kpublish[m[K(const MessageT & msg)
[2.100s]       |   [01;36m[K^~~~~~~[m[K
[2.100s] [01m[K/opt/ros/foxy/include/rclcpp/publisher.hpp:209:28:[m[K [01;36m[Knote: [m[K  no known conversion for argument 1 from ‘[01m[Kstd_msgs::msg::Float32MultiArray[m[K’ {aka ‘[01m[Kstd_msgs::msg::Float32MultiArray_<std::allocator<void> >[m[K’} to ‘[01m[Kconst std_msgs::msg::Float32_<std::allocator<void> >&[m[K’
[2.100s]   209 |   publish([01;36m[Kconst MessageT & msg[m[K)
[2.100s]       |           [01;36m[K~~~~~~~~~~~~~~~~~^~~[m[K
[2.100s] [01m[K/opt/ros/foxy/include/rclcpp/publisher.hpp:226:3:[m[K [01;36m[Knote: [m[Kcandidate: ‘[01m[Kvoid rclcpp::Publisher<MessageT, AllocatorT>::publish(const rcl_serialized_message_t&) [with MessageT = std_msgs::msg::Float32_<std::allocator<void> >; AllocatorT = std::allocator<void>; rcl_serialized_message_t = rcutils_uint8_array_t][m[K’
[2.100s]   226 |   [01;36m[Kpublish[m[K(const rcl_serialized_message_t & serialized_msg)
[2.100s]       |   [01;36m[K^~~~~~~[m[K
[2.100s] [01m[K/opt/ros/foxy/include/rclcpp/publisher.hpp:226:44:[m[K [01;36m[Knote: [m[K  no known conversion for argument 1 from ‘[01m[Kstd_msgs::msg::Float32MultiArray[m[K’ {aka ‘[01m[Kstd_msgs::msg::Float32MultiArray_<std::allocator<void> >[m[K’} to ‘[01m[Kconst rcl_serialized_message_t&[m[K’ {aka ‘[01m[Kconst rcutils_uint8_array_t&[m[K’}
[2.100s]   226 |   publish([01;36m[Kconst rcl_serialized_message_t & serialized_msg[m[K)
[2.100s]       |           [01;36m[K~~~~~~~~~~~~~~~~~~~~~~~~~~~~~~~~~^~~~~~~~~~~~~~[m[K
[2.100s] [01m[K/opt/ros/foxy/include/rclcpp/publisher.hpp:232:3:[m[K [01;36m[Knote: [m[Kcandidate: ‘[01m[Kvoid rclcpp::Publisher<MessageT, AllocatorT>::publish(const rclcpp::SerializedMessage&) [with MessageT = std_msgs::msg::Float32_<std::allocator<void> >; AllocatorT = std::allocator<void>][m[K’
[2.100s]   232 |   [01;36m[Kpublish[m[K(const SerializedMessage & serialized_msg)
[2.100s]       |   [01;36m[K^~~~~~~[m[K
[2.100s] [01m[K/opt/ros/foxy/include/rclcpp/publisher.hpp:232:37:[m[K [01;36m[Knote: [m[K  no known conversion for argument 1 from ‘[01m[Kstd_msgs::msg::Float32MultiArray[m[K’ {aka ‘[01m[Kstd_msgs::msg::Float32MultiArray_<std::allocator<void> >[m[K’} to ‘[01m[Kconst rclcpp::SerializedMessage&[m[K’
[2.101s]   232 |   publish([01;36m[Kconst SerializedMessage & serialized_msg[m[K)
[2.101s]       |           [01;36m[K~~~~~~~~~~~~~~~~~~~~~~~~~~^~~~~~~~~~~~~~[m[K
[2.101s] [01m[K/opt/ros/foxy/include/rclcpp/publisher.hpp:246:3:[m[K [01;36m[Knote: [m[Kcandidate: ‘[01m[Kvoid rclcpp::Publisher<MessageT, AllocatorT>::publish(rclcpp::LoanedMessage<MessageT, AllocatorT>&&) [with MessageT = std_msgs::msg::Float32_<std::allocator<void> >; AllocatorT = std::allocator<void>][m[K’
[2.101s]   246 |   [01;36m[Kpublish[m[K(rclcpp::LoanedMessage<MessageT, AllocatorT> && loaned_msg)
[2.101s]       |   [01;36m[K^~~~~~~[m[K
[2.101s] [01m[K/opt/ros/foxy/include/rclcpp/publisher.hpp:246:58:[m[K [01;36m[Knote: [m[K  no known conversion for argument 1 from ‘[01m[Kstd_msgs::msg::Float32MultiArray[m[K’ {aka ‘[01m[Kstd_msgs::msg::Float32MultiArray_<std::allocator<void> >[m[K’} to ‘[01m[Krclcpp::LoanedMessage<std_msgs::msg::Float32_<std::allocator<void> >, std::allocator<void> >&&[m[K’
[2.101s]   246 |   publish([01;36m[Krclcpp::LoanedMessage<MessageT, AllocatorT> && loaned_msg[m[K)
[2.101s]       |           [01;36m[K~~~~~~~~~~~~~~~~~~~~~~~~~~~~~~~~~~~~~~~~~~~~~~~^~~~~~~~~~[m[K
[2.431s] In file included from [01m[K/usr/include/c++/9/vector:65[m[K,
[2.432s]                  from [01m[K/usr/include/c++/9/functional:62[m[K,
[2.432s]                  from [01m[K/home/dfx-rick/ctrl_ws/src/ctrl_node.cpp:2[m[K:
[2.432s] /usr/include/c++/9/bits/stl_construct.h: In instantiation of ‘[01m[Kvoid std::_Construct(_T1*, _Args&& ...) [with _T1 = rclcpp::Publisher<std_msgs::msg::Float32_<std::allocator<void> > >; _Args = {}][m[K’:
[2.432s] [01m[K/usr/include/c++/9/bits/stl_uninitialized.h:545:18:[m[K   required from ‘[01m[Kstatic _ForwardIterator std::__uninitialized_default_n_1<_TrivialValueType>::__uninit_default_n(_ForwardIterator, _Size) [with _ForwardIterator = rclcpp::Publisher<std_msgs::msg::Float32_<std::allocator<void> > >*; _Size = long unsigned int; bool _TrivialValueType = false][m[K’
[2.432s] [01m[K/usr/include/c++/9/bits/stl_uninitialized.h:601:20:[m[K   required from ‘[01m[K_ForwardIterator std::__uninitialized_default_n(_ForwardIterator, _Size) [with _ForwardIterator = rclcpp::Publisher<std_msgs::msg::Float32_<std::allocator<void> > >*; _Size = long unsigned int][m[K’
[2.432s] [01m[K/usr/include/c++/9/bits/stl_uninitialized.h:663:44:[m[K   required from ‘[01m[K_ForwardIterator std::__uninitialized_default_n_a(_ForwardIterator, _Size, std::allocator<_Tp>&) [with _ForwardIterator = rclcpp::Publisher<std_msgs::msg::Float32_<std::allocator<void> > >*; _Size = long unsigned int; _Tp = rclcpp::Publisher<std_msgs::msg::Float32_<std::allocator<void> > >][m[K’
[2.432s] [01m[K/usr/include/c++/9/bits/vector.tcc:627:35:[m[K   required from ‘[01m[Kvoid std::vector<_Tp, _Alloc>::_M_default_append(std::vector<_Tp, _Alloc>::size_type) [with _Tp = rclcpp::Publisher<std_msgs::msg::Float32_<std::allocator<void> > >; _Alloc = std::allocator<rclcpp::Publisher<std_msgs::msg::Float32_<std::allocator<void> > > >; std::vector<_Tp, _Alloc>::size_type = long unsigned int][m[K’
[2.432s] [01m[K/usr/include/c++/9/bits/stl_vector.h:937:4:[m[K   required from ‘[01m[Kvoid std::vector<_Tp, _Alloc>::resize(std::vector<_Tp, _Alloc>::size_type) [with _Tp = rclcpp::Publisher<std_msgs::msg::Float32_<std::allocator<void> > >; _Alloc = std::allocator<rclcpp::Publisher<std_msgs::msg::Float32_<std::allocator<void> > > >; std::vector<_Tp, _Alloc>::size_type = long unsigned int][m[K’
[2.433s] [01m[K/home/dfx-rick/ctrl_ws/src/ctrl_node.cpp:25:19:[m[K   required from here
[2.433s] [01m[K/usr/include/c++/9/bits/stl_construct.h:75:7:[m[K [01;31m[Kerror: [m[Kno matching function for call to ‘[01m[Krclcpp::Publisher<std_msgs::msg::Float32_<std::allocator<void> > >::Publisher()[m[K’
[2.433s]    75 |     { [01;31m[K::new(static_cast<void*>(__p)) _T1(std::forward<_Args>(__args)...)[m[K; }
[2.433s]       |       [01;31m[K^~~~~~~~~~~~~~~~~~~~~~~~~~~~~~~~~~~~~~~~~~~~~~~~~~~~~~~~~~~~~~~~~~[m[K
[2.433s] In file included from [01m[K/opt/ros/foxy/include/rclcpp/topic_statistics/subscription_topic_statistics.hpp:31[m[K,
[2.433s]                  from [01m[K/opt/ros/foxy/include/rclcpp/subscription.hpp:50[m[K,
[2.433s]                  from [01m[K/opt/ros/foxy/include/rclcpp/any_executable.hpp:25[m[K,
[2.433s]                  from [01m[K/opt/ros/foxy/include/rclcpp/memory_strategy.hpp:24[m[K,
[2.433s]                  from [01m[K/opt/ros/foxy/include/rclcpp/memory_strategies.hpp:18[m[K,
[2.434s]                  from [01m[K/opt/ros/foxy/include/rclcpp/executor_options.hpp:20[m[K,
[2.434s]                  from [01m[K/opt/ros/foxy/include/rclcpp/executor.hpp:33[m[K,
[2.434s]                  from [01m[K/opt/ros/foxy/include/rclcpp/executors/multi_threaded_executor.hpp:25[m[K,
[2.434s]                  from [01m[K/opt/ros/foxy/include/rclcpp/executors.hpp:21[m[K,
[2.434s]                  from [01m[K/opt/ros/foxy/include/rclcpp/rclcpp.hpp:146[m[K,
[2.434s]                  from [01m[K/home/dfx-rick/ctrl_ws/src/ctrl_node.cpp:6[m[K:
[2.434s] [01m[K/opt/ros/foxy/include/rclcpp/publisher.hpp:73:3:[m[K [01;36m[Knote: [m[Kcandidate: ‘[01m[Krclcpp::Publisher<MessageT, AllocatorT>::Publisher(rclcpp::node_interfaces::NodeBaseInterface*, const string&, const rclcpp::QoS&, const rclcpp::PublisherOptionsWithAllocator<AllocatorT>&) [with MessageT = std_msgs::msg::Float32_<std::allocator<void> >; AllocatorT = std::allocator<void>; std::string = std::__cxx11::basic_string<char>][m[K’
[2.434s]    73 |   [01;36m[KPublisher[m[K(
[2.434s]       |   [01;36m[K^~~~~~~~~[m[K
[2.435s] [01m[K/opt/ros/foxy/include/rclcpp/publisher.hpp:73:3:[m[K [01;36m[Knote: [m[K  candidate expects 4 arguments, 0 provided
[2.435s] [01m[K/opt/ros/foxy/include/rclcpp/publisher.hpp:51:7:[m[K [01;36m[Knote: [m[Kcandidate: ‘[01m[Krclcpp::Publisher<std_msgs::msg::Float32_<std::allocator<void> > >::Publisher(const rclcpp::Publisher<std_msgs::msg::Float32_<std::allocator<void> > >&)[m[K’
[2.435s]    51 | class [01;36m[KPublisher[m[K : public PublisherBase
[2.435s]       |       [01;36m[K^~~~~~~~~[m[K
[2.435s] [01m[K/opt/ros/foxy/include/rclcpp/publisher.hpp:51:7:[m[K [01;36m[Knote: [m[K  candidate expects 1 argument, 0 provided
[2.827s] make[2]: *** [CMakeFiles/lqr_implement.dir/build.make:63: CMakeFiles/lqr_implement.dir/src/ctrl_node.cpp.o] Error 1
[2.828s] make[1]: *** [CMakeFiles/Makefile2:80: CMakeFiles/lqr_implement.dir/all] Error 2
[2.828s] make: *** [Makefile:141: all] Error 2
[2.830s] Invoked command in '/home/dfx-rick/ctrl_ws/build/ctrl_ws' returned '2': CMAKE_PREFIX_PATH=/opt/ros/foxy /usr/bin/cmake --build /home/dfx-rick/ctrl_ws/build/ctrl_ws -- -j4 -l4
