[0.338s] DEBUG:colcon:Command line arguments: ['/usr/bin/colcon', 'build', '--symlink-install', '--cmake-args', '-DCMAKE_BUILD_TYPE=Release']
[0.338s] DEBUG:colcon:Parsed command line arguments: Namespace(ament_cmake_args=None, base_paths=['.'], build_base='build', catkin_cmake_args=None, catkin_skip_building_tests=False, cmake_args=['-DCMAKE_BUILD_TYPE=Release'], cmake_clean_cache=False, cmake_clean_first=False, cmake_force_configure=False, cmake_target=None, cmake_target_skip_unavailable=False, continue_on_error=False, event_handlers=None, executor='parallel', ignore_user_meta=False, install_base='install', log_base=None, log_level=None, main=<bound method BuildVerb.main of <colcon_core.verb.build.BuildVerb object at 0x7f87f63499d0>>, merge_install=False, metas=['./colcon.meta'], packages_above=None, packages_above_and_dependencies=None, packages_above_depth=None, packages_end=None, packages_ignore=None, packages_ignore_regex=None, packages_select=None, packages_select_build_failed=False, packages_select_by_dep=None, packages_select_regex=None, packages_select_test_failures=False, packages_skip=None, packages_skip_build_finished=False, packages_skip_by_dep=None, packages_skip_regex=None, packages_skip_test_passed=False, packages_skip_up_to=None, packages_start=None, packages_up_to=None, packages_up_to_regex=None, parallel_workers=4, paths=None, symlink_install=True, test_result_base=None, verb_extension=<colcon_core.verb.build.BuildVerb object at 0x7f87f63499d0>, verb_name='build', verb_parser=<colcon_defaults.argument_parser.defaults.DefaultArgumentsDecorator object at 0x7f87f6349f40>)
[0.343s] Level 1:colcon.colcon_core.package_discovery:discover_packages(colcon_meta) check parameters
[0.343s] Level 1:colcon.colcon_core.package_discovery:discover_packages(recursive) check parameters
[0.343s] Level 1:colcon.colcon_core.package_discovery:discover_packages(ignore) check parameters
[0.343s] Level 1:colcon.colcon_core.package_discovery:discover_packages(path) check parameters
[0.343s] Level 1:colcon.colcon_core.package_discovery:discover_packages(colcon_meta) discover
[0.343s] Level 1:colcon.colcon_core.package_discovery:discover_packages(recursive) discover
[0.343s] INFO:colcon.colcon_core.package_discovery:Crawling recursively for packages in '/home/dfx-rick/ctrl_ws'
[0.344s] Level 1:colcon.colcon_core.package_identification:_identify(.) by extensions ['ignore', 'ignore_ament_install']
[0.344s] Level 1:colcon.colcon_core.package_identification:_identify(.) by extension 'ignore'
[0.344s] Level 1:colcon.colcon_core.package_identification:_identify(.) by extension 'ignore_ament_install'
[0.344s] Level 1:colcon.colcon_core.package_identification:_identify(.) by extensions ['colcon_pkg']
[0.344s] Level 1:colcon.colcon_core.package_identification:_identify(.) by extension 'colcon_pkg'
[0.344s] Level 1:colcon.colcon_core.package_identification:_identify(.) by extensions ['colcon_meta']
[0.344s] Level 1:colcon.colcon_core.package_identification:_identify(.) by extension 'colcon_meta'
[0.344s] Level 1:colcon.colcon_core.package_identification:_identify(.) by extensions ['ros']
[0.344s] Level 1:colcon.colcon_core.package_identification:_identify(.) by extension 'ros'
[0.357s] DEBUG:colcon.colcon_core.package_identification:Package '.' with type 'ros.ament_cmake' and name 'ctrl_ws'
[0.357s] Level 1:colcon.colcon_core.package_discovery:discover_packages(recursive) using defaults
[0.357s] Level 1:colcon.colcon_core.package_discovery:discover_packages(ignore) discover
[0.357s] Level 1:colcon.colcon_core.package_discovery:discover_packages(ignore) using defaults
[0.357s] Level 1:colcon.colcon_core.package_discovery:discover_packages(path) discover
[0.357s] Level 1:colcon.colcon_core.package_discovery:discover_packages(path) using defaults
[0.376s] Level 5:colcon.colcon_core.verb:set package 'ctrl_ws' build argument 'cmake_args' from command line to '['-DCMAKE_BUILD_TYPE=Release']'
[0.377s] Level 5:colcon.colcon_core.verb:set package 'ctrl_ws' build argument 'cmake_target' from command line to 'None'
[0.377s] Level 5:colcon.colcon_core.verb:set package 'ctrl_ws' build argument 'cmake_target_skip_unavailable' from command line to 'False'
[0.377s] Level 5:colcon.colcon_core.verb:set package 'ctrl_ws' build argument 'cmake_clean_cache' from command line to 'False'
[0.377s] Level 5:colcon.colcon_core.verb:set package 'ctrl_ws' build argument 'cmake_clean_first' from command line to 'False'
[0.377s] Level 5:colcon.colcon_core.verb:set package 'ctrl_ws' build argument 'cmake_force_configure' from command line to 'False'
[0.377s] Level 5:colcon.colcon_core.verb:set package 'ctrl_ws' build argument 'ament_cmake_args' from command line to 'None'
[0.377s] Level 5:colcon.colcon_core.verb:set package 'ctrl_ws' build argument 'catkin_cmake_args' from command line to 'None'
[0.377s] Level 5:colcon.colcon_core.verb:set package 'ctrl_ws' build argument 'catkin_skip_building_tests' from command line to 'False'
[0.377s] DEBUG:colcon.colcon_core.verb:Building package 'ctrl_ws' with the following arguments: {'ament_cmake_args': None, 'build_base': '/home/dfx-rick/ctrl_ws/build/ctrl_ws', 'catkin_cmake_args': None, 'catkin_skip_building_tests': False, 'cmake_args': ['-DCMAKE_BUILD_TYPE=Release'], 'cmake_clean_cache': False, 'cmake_clean_first': False, 'cmake_force_configure': False, 'cmake_target': None, 'cmake_target_skip_unavailable': False, 'install_base': '/home/dfx-rick/ctrl_ws/install/ctrl_ws', 'merge_install': False, 'path': '/home/dfx-rick/ctrl_ws', 'symlink_install': True, 'test_result_base': None}
[0.378s] INFO:colcon.colcon_core.executor:Executing jobs using 'parallel' executor
[0.381s] DEBUG:colcon.colcon_parallel_executor.executor.parallel:run_until_complete
[0.381s] INFO:colcon.colcon_ros.task.ament_cmake.build:Building ROS package in '/home/dfx-rick/ctrl_ws' with build type 'ament_cmake'
[0.381s] INFO:colcon.colcon_cmake.task.cmake.build:Building CMake package in '/home/dfx-rick/ctrl_ws'
[0.385s] INFO:colcon.colcon_core.plugin_system:Skipping extension 'colcon_core.shell.bat': Not used on non-Windows systems
[0.385s] INFO:colcon.colcon_core.shell:Skip shell extension 'powershell' for command environment: Not usable outside of PowerShell
[0.385s] DEBUG:colcon.colcon_core.shell:Skip shell extension 'dsv' for command environment
[0.387s] DEBUG:colcon.colcon_core.shell:Ignoring prefix path '/opt/ros/foxy'
[0.395s] DEBUG:colcon.colcon_core.event_handler.log_command:Invoking command in '/home/dfx-rick/ctrl_ws/build/ctrl_ws': CMAKE_PREFIX_PATH=${CMAKE_PREFIX_PATH}:/opt/ros/foxy /usr/bin/cmake --build /home/dfx-rick/ctrl_ws/build/ctrl_ws -- -j4 -l4
[9.348s] DEBUG:colcon.colcon_core.event_handler.log_command:Invoked command in '/home/dfx-rick/ctrl_ws/build/ctrl_ws' returned '0': CMAKE_PREFIX_PATH=${CMAKE_PREFIX_PATH}:/opt/ros/foxy /usr/bin/cmake --build /home/dfx-rick/ctrl_ws/build/ctrl_ws -- -j4 -l4
[9.386s] DEBUG:colcon.colcon_core.event_handler.log_command:Invoking command in '/home/dfx-rick/ctrl_ws/build/ctrl_ws': CMAKE_PREFIX_PATH=${CMAKE_PREFIX_PATH}:/opt/ros/foxy /usr/bin/cmake --install /home/dfx-rick/ctrl_ws/build/ctrl_ws
[9.412s] Level 1:colcon.colcon_core.environment:create_environment_scripts_only(ctrl_ws)
[9.414s] DEBUG:colcon.colcon_core.event_handler.log_command:Invoked command in '/home/dfx-rick/ctrl_ws/build/ctrl_ws' returned '0': CMAKE_PREFIX_PATH=${CMAKE_PREFIX_PATH}:/opt/ros/foxy /usr/bin/cmake --install /home/dfx-rick/ctrl_ws/build/ctrl_ws
[9.416s] Level 1:colcon.colcon_core.environment:checking '/home/dfx-rick/ctrl_ws/install/ctrl_ws' for CMake module files
[9.417s] Level 1:colcon.colcon_core.environment:checking '/home/dfx-rick/ctrl_ws/install/ctrl_ws' for CMake config files
[9.417s] Level 1:colcon.colcon_core.shell:create_environment_hook('ctrl_ws', 'cmake_prefix_path')
[9.418s] INFO:colcon.colcon_core.shell:Creating environment hook '/home/dfx-rick/ctrl_ws/install/ctrl_ws/share/ctrl_ws/hook/cmake_prefix_path.ps1'
[9.418s] INFO:colcon.colcon_core.shell:Creating environment descriptor '/home/dfx-rick/ctrl_ws/install/ctrl_ws/share/ctrl_ws/hook/cmake_prefix_path.dsv'
[9.419s] INFO:colcon.colcon_core.shell:Creating environment hook '/home/dfx-rick/ctrl_ws/install/ctrl_ws/share/ctrl_ws/hook/cmake_prefix_path.sh'
[9.420s] Level 1:colcon.colcon_core.environment:checking '/home/dfx-rick/ctrl_ws/install/ctrl_ws/lib'
[9.420s] Level 1:colcon.colcon_core.shell:create_environment_hook('ctrl_ws', 'ld_library_path_lib')
[9.420s] INFO:colcon.colcon_core.shell:Creating environment hook '/home/dfx-rick/ctrl_ws/install/ctrl_ws/share/ctrl_ws/hook/ld_library_path_lib.ps1'
[9.421s] INFO:colcon.colcon_core.shell:Creating environment descriptor '/home/dfx-rick/ctrl_ws/install/ctrl_ws/share/ctrl_ws/hook/ld_library_path_lib.dsv'
[9.421s] INFO:colcon.colcon_core.shell:Creating environment hook '/home/dfx-rick/ctrl_ws/install/ctrl_ws/share/ctrl_ws/hook/ld_library_path_lib.sh'
[9.421s] Level 1:colcon.colcon_core.environment:checking '/home/dfx-rick/ctrl_ws/install/ctrl_ws/bin'
[9.421s] Level 1:colcon.colcon_core.shell:create_environment_hook('ctrl_ws', 'path')
[9.422s] INFO:colcon.colcon_core.shell:Creating environment hook '/home/dfx-rick/ctrl_ws/install/ctrl_ws/share/ctrl_ws/hook/path.ps1'
[9.422s] INFO:colcon.colcon_core.shell:Creating environment descriptor '/home/dfx-rick/ctrl_ws/install/ctrl_ws/share/ctrl_ws/hook/path.dsv'
[9.422s] INFO:colcon.colcon_core.shell:Creating environment hook '/home/dfx-rick/ctrl_ws/install/ctrl_ws/share/ctrl_ws/hook/path.sh'
[9.423s] Level 1:colcon.colcon_core.environment:checking '/home/dfx-rick/ctrl_ws/install/ctrl_ws/lib/pkgconfig/ctrl_ws.pc'
[9.423s] Level 1:colcon.colcon_core.environment:checking '/home/dfx-rick/ctrl_ws/install/ctrl_ws/lib/python3.8/site-packages'
[9.423s] INFO:colcon.colcon_core.shell:Creating package script '/home/dfx-rick/ctrl_ws/install/ctrl_ws/share/ctrl_ws/package.ps1'
[9.424s] INFO:colcon.colcon_core.shell:Creating package descriptor '/home/dfx-rick/ctrl_ws/install/ctrl_ws/share/ctrl_ws/package.dsv'
[9.425s] INFO:colcon.colcon_core.shell:Creating package script '/home/dfx-rick/ctrl_ws/install/ctrl_ws/share/ctrl_ws/package.sh'
[9.425s] INFO:colcon.colcon_core.shell:Creating package script '/home/dfx-rick/ctrl_ws/install/ctrl_ws/share/ctrl_ws/package.bash'
[9.426s] INFO:colcon.colcon_core.shell:Creating package script '/home/dfx-rick/ctrl_ws/install/ctrl_ws/share/ctrl_ws/package.zsh'
[9.427s] Level 1:colcon.colcon_core.environment:create_file_with_runtime_dependencies(/home/dfx-rick/ctrl_ws/install/ctrl_ws/share/colcon-core/packages/ctrl_ws)
[9.453s] Level 1:colcon.colcon_core.environment:create_environment_scripts_only(ctrl_ws)
[9.454s] Level 1:colcon.colcon_core.environment:checking '/home/dfx-rick/ctrl_ws/install/ctrl_ws' for CMake module files
[9.454s] Level 1:colcon.colcon_core.environment:checking '/home/dfx-rick/ctrl_ws/install/ctrl_ws' for CMake config files
[9.454s] Level 1:colcon.colcon_core.shell:create_environment_hook('ctrl_ws', 'cmake_prefix_path')
[9.455s] INFO:colcon.colcon_core.shell:Creating environment hook '/home/dfx-rick/ctrl_ws/install/ctrl_ws/share/ctrl_ws/hook/cmake_prefix_path.ps1'
[9.455s] INFO:colcon.colcon_core.shell:Creating environment descriptor '/home/dfx-rick/ctrl_ws/install/ctrl_ws/share/ctrl_ws/hook/cmake_prefix_path.dsv'
[9.456s] INFO:colcon.colcon_core.shell:Creating environment hook '/home/dfx-rick/ctrl_ws/install/ctrl_ws/share/ctrl_ws/hook/cmake_prefix_path.sh'
[9.456s] Level 1:colcon.colcon_core.environment:checking '/home/dfx-rick/ctrl_ws/install/ctrl_ws/lib'
[9.456s] Level 1:colcon.colcon_core.shell:create_environment_hook('ctrl_ws', 'ld_library_path_lib')
[9.457s] INFO:colcon.colcon_core.shell:Creating environment hook '/home/dfx-rick/ctrl_ws/install/ctrl_ws/share/ctrl_ws/hook/ld_library_path_lib.ps1'
[9.457s] INFO:colcon.colcon_core.shell:Creating environment descriptor '/home/dfx-rick/ctrl_ws/install/ctrl_ws/share/ctrl_ws/hook/ld_library_path_lib.dsv'
[9.457s] INFO:colcon.colcon_core.shell:Creating environment hook '/home/dfx-rick/ctrl_ws/install/ctrl_ws/share/ctrl_ws/hook/ld_library_path_lib.sh'
[9.458s] Level 1:colcon.colcon_core.environment:checking '/home/dfx-rick/ctrl_ws/install/ctrl_ws/bin'
[9.458s] Level 1:colcon.colcon_core.shell:create_environment_hook('ctrl_ws', 'path')
[9.458s] INFO:colcon.colcon_core.shell:Creating environment hook '/home/dfx-rick/ctrl_ws/install/ctrl_ws/share/ctrl_ws/hook/path.ps1'
[9.459s] INFO:colcon.colcon_core.shell:Creating environment descriptor '/home/dfx-rick/ctrl_ws/install/ctrl_ws/share/ctrl_ws/hook/path.dsv'
[9.459s] INFO:colcon.colcon_core.shell:Creating environment hook '/home/dfx-rick/ctrl_ws/install/ctrl_ws/share/ctrl_ws/hook/path.sh'
[9.459s] Level 1:colcon.colcon_core.environment:checking '/home/dfx-rick/ctrl_ws/install/ctrl_ws/lib/pkgconfig/ctrl_ws.pc'
[9.459s] Level 1:colcon.colcon_core.environment:checking '/home/dfx-rick/ctrl_ws/install/ctrl_ws/lib/python3.8/site-packages'
[9.460s] INFO:colcon.colcon_core.shell:Creating package script '/home/dfx-rick/ctrl_ws/install/ctrl_ws/share/ctrl_ws/package.ps1'
[9.461s] INFO:colcon.colcon_core.shell:Creating package descriptor '/home/dfx-rick/ctrl_ws/install/ctrl_ws/share/ctrl_ws/package.dsv'
[9.462s] INFO:colcon.colcon_core.shell:Creating package script '/home/dfx-rick/ctrl_ws/install/ctrl_ws/share/ctrl_ws/package.sh'
[9.462s] INFO:colcon.colcon_core.shell:Creating package script '/home/dfx-rick/ctrl_ws/install/ctrl_ws/share/ctrl_ws/package.bash'
[9.463s] INFO:colcon.colcon_core.shell:Creating package script '/home/dfx-rick/ctrl_ws/install/ctrl_ws/share/ctrl_ws/package.zsh'
[9.463s] Level 1:colcon.colcon_core.environment:create_file_with_runtime_dependencies(/home/dfx-rick/ctrl_ws/install/ctrl_ws/share/colcon-core/packages/ctrl_ws)
[9.464s] DEBUG:colcon.colcon_parallel_executor.executor.parallel:closing loop
[9.464s] DEBUG:colcon.colcon_parallel_executor.executor.parallel:loop closed
[9.465s] DEBUG:colcon.colcon_parallel_executor.executor.parallel:run_until_complete finished with '0'
[9.465s] DEBUG:colcon.colcon_core.event_reactor:joining thread
[9.471s] INFO:colcon.colcon_core.plugin_system:Skipping extension 'colcon_notification.desktop_notification.terminal_notifier': Not used on non-Darwin systems
[9.471s] INFO:colcon.colcon_core.plugin_system:Skipping extension 'colcon_notification.desktop_notification.win32': Not used on non-Windows systems
[9.471s] INFO:colcon.colcon_notification.desktop_notification:Sending desktop notification using 'notify2'
[9.488s] DEBUG:colcon.colcon_core.event_reactor:joined thread
[9.489s] INFO:colcon.colcon_core.shell:Creating prefix script '/home/dfx-rick/ctrl_ws/install/local_setup.ps1'
[9.490s] INFO:colcon.colcon_core.shell:Creating prefix util module '/home/dfx-rick/ctrl_ws/install/_local_setup_util_ps1.py'
[9.492s] INFO:colcon.colcon_core.shell:Creating prefix chain script '/home/dfx-rick/ctrl_ws/install/setup.ps1'
[9.496s] INFO:colcon.colcon_core.shell:Creating prefix script '/home/dfx-rick/ctrl_ws/install/local_setup.sh'
[9.497s] INFO:colcon.colcon_core.shell:Creating prefix util module '/home/dfx-rick/ctrl_ws/install/_local_setup_util_sh.py'
[9.498s] INFO:colcon.colcon_core.shell:Creating prefix chain script '/home/dfx-rick/ctrl_ws/install/setup.sh'
[9.500s] INFO:colcon.colcon_core.shell:Creating prefix script '/home/dfx-rick/ctrl_ws/install/local_setup.bash'
[9.500s] INFO:colcon.colcon_core.shell:Creating prefix chain script '/home/dfx-rick/ctrl_ws/install/setup.bash'
[9.502s] INFO:colcon.colcon_core.shell:Creating prefix script '/home/dfx-rick/ctrl_ws/install/local_setup.zsh'
[9.503s] INFO:colcon.colcon_core.shell:Creating prefix chain script '/home/dfx-rick/ctrl_ws/install/setup.zsh'
