[0.012s] Invoking command in '/home/dfx-rick/ctrl_ws/build/ctrl_ws': CMAKE_PREFIX_PATH=${CMAKE_PREFIX_PATH}:/opt/ros/foxy /usr/bin/cmake --build /home/dfx-rick/ctrl_ws/build/ctrl_ws -- -j4 -l4
[0.040s] -- Found ament_cmake: 0.9.8 (/opt/ros/foxy/share/ament_cmake/cmake)
[0.062s] -- Using PYTHON_EXECUTABLE: /usr/bin/python3
[0.256s] -- Override CMake install command with custom implementation using symlinks instead of copying resources
[0.263s] -- Found rclcpp: 2.3.1 (/opt/ros/foxy/share/rclcpp/cmake)
[0.295s] -- Using all available rosidl_typesupport_c: rosidl_typesupport_fastrtps_c;rosidl_typesupport_introspection_c
[0.298s] -- Found rosidl_adapter: 1.2.1 (/opt/ros/foxy/share/rosidl_adapter/cmake)
[0.416s] -- Using all available rosidl_typesupport_cpp: rosidl_typesupport_fastrtps_cpp;rosidl_typesupport_introspection_cpp
[0.465s] -- Found rmw_implementation_cmake: 1.0.3 (/opt/ros/foxy/share/rmw_implementation_cmake/cmake)
[0.466s] -- Using RMW implementation 'rmw_fastrtps_cpp' as default
[0.607s] -- Found ament_lint_auto: 0.9.6 (/opt/ros/foxy/share/ament_lint_auto/cmake)
[0.673s] -- Added test 'copyright' to check source files copyright and LICENSE
[0.751s] -- Added test 'cppcheck' to perform static code analysis on C / C++ code
[0.751s] -- Configured cppcheck include dirs: /home/dfx-rick/ctrl_ws/include
[0.751s] -- Configured cppcheck exclude dirs and/or files: 
[0.829s] -- Added test 'cpplint' to check C / C++ code against the Google style
[0.829s] -- Configured cpplint exclude dirs and/or files: 
[0.839s] -- Added test 'flake8' to check Python code syntax and style conventions
[0.859s] -- Added test 'lint_cmake' to check CMake code style
[0.869s] -- Added test 'pep257' to check Python code against some of the style conventions in PEP 257
[0.946s] -- Added test 'uncrustify' to check C / C++ code style
[0.947s] -- Configured uncrustify additional arguments: 
[0.956s] -- Added test 'xmllint' to check XML markup files
[0.961s] -- Configuring done
[0.968s] -- Generating done
[0.970s] -- Build files have been written to: /home/dfx-rick/ctrl_ws/build/ctrl_ws
[1.002s] [ 50%] Built target lqr_base
[1.031s] [ 75%] [32m[1mLinking CXX executable lqr_implement[0m
[1.416s] [100%] Built target lqr_implement
[1.427s] Invoked command in '/home/dfx-rick/ctrl_ws/build/ctrl_ws' returned '0': CMAKE_PREFIX_PATH=${CMAKE_PREFIX_PATH}:/opt/ros/foxy /usr/bin/cmake --build /home/dfx-rick/ctrl_ws/build/ctrl_ws -- -j4 -l4
[1.462s] Invoking command in '/home/dfx-rick/ctrl_ws/build/ctrl_ws': CMAKE_PREFIX_PATH=${CMAKE_PREFIX_PATH}:/opt/ros/foxy /usr/bin/cmake --install /home/dfx-rick/ctrl_ws/build/ctrl_ws
[1.470s] -- Install configuration: ""
[1.471s] -- Execute custom install script
[1.471s] -- Up-to-date symlink: /home/dfx-rick/ctrl_ws/install/ctrl_ws/include/lqr
[1.471s] -- Up-to-date symlink: /home/dfx-rick/ctrl_ws/install/ctrl_ws/include/lqr.h
[1.472s] -- Symlinking: /home/dfx-rick/ctrl_ws/install/ctrl_ws/lib/ctrl_ws/liblqr_base.so
[1.481s] -- Symlinking: /home/dfx-rick/ctrl_ws/install/ctrl_ws/lib/ctrl_ws/lqr_implement
[1.489s] -- Up-to-date symlink: /home/dfx-rick/ctrl_ws/install/ctrl_ws/share/ctrl_ws/environment/library_path.sh
[1.490s] -- Up-to-date symlink: /home/dfx-rick/ctrl_ws/install/ctrl_ws/share/ctrl_ws/environment/library_path.dsv
[1.490s] -- Up-to-date symlink: /home/dfx-rick/ctrl_ws/install/ctrl_ws/share/ament_index/resource_index/package_run_dependencies/ctrl_ws
[1.490s] -- Up-to-date symlink: /home/dfx-rick/ctrl_ws/install/ctrl_ws/share/ament_index/resource_index/parent_prefix_path/ctrl_ws
[1.490s] -- Up-to-date symlink: /home/dfx-rick/ctrl_ws/install/ctrl_ws/share/ctrl_ws/environment/ament_prefix_path.sh
[1.491s] -- Up-to-date symlink: /home/dfx-rick/ctrl_ws/install/ctrl_ws/share/ctrl_ws/environment/ament_prefix_path.dsv
[1.491s] -- Up-to-date symlink: /home/dfx-rick/ctrl_ws/install/ctrl_ws/share/ctrl_ws/environment/path.sh
[1.491s] -- Up-to-date symlink: /home/dfx-rick/ctrl_ws/install/ctrl_ws/share/ctrl_ws/environment/path.dsv
[1.492s] -- Up-to-date symlink: /home/dfx-rick/ctrl_ws/install/ctrl_ws/share/ctrl_ws/local_setup.bash
[1.492s] -- Up-to-date symlink: /home/dfx-rick/ctrl_ws/install/ctrl_ws/share/ctrl_ws/local_setup.sh
[1.492s] -- Up-to-date symlink: /home/dfx-rick/ctrl_ws/install/ctrl_ws/share/ctrl_ws/local_setup.zsh
[1.493s] -- Up-to-date symlink: /home/dfx-rick/ctrl_ws/install/ctrl_ws/share/ctrl_ws/local_setup.dsv
[1.493s] -- Symlinking: /home/dfx-rick/ctrl_ws/install/ctrl_ws/share/ctrl_ws/package.dsv
[1.502s] -- Up-to-date symlink: /home/dfx-rick/ctrl_ws/install/ctrl_ws/share/ament_index/resource_index/packages/ctrl_ws
[1.502s] -- Up-to-date symlink: /home/dfx-rick/ctrl_ws/install/ctrl_ws/share/ctrl_ws/cmake/ament_cmake_export_include_directories-extras.cmake
[1.502s] -- Up-to-date symlink: /home/dfx-rick/ctrl_ws/install/ctrl_ws/share/ctrl_ws/cmake/ament_cmake_export_libraries-extras.cmake
[1.503s] -- Up-to-date symlink: /home/dfx-rick/ctrl_ws/install/ctrl_ws/share/ctrl_ws/cmake/ament_cmake_export_dependencies-extras.cmake
[1.503s] -- Up-to-date symlink: /home/dfx-rick/ctrl_ws/install/ctrl_ws/share/ctrl_ws/cmake/ctrl_wsConfig.cmake
[1.503s] -- Up-to-date symlink: /home/dfx-rick/ctrl_ws/install/ctrl_ws/share/ctrl_ws/cmake/ctrl_wsConfig-version.cmake
[1.504s] -- Up-to-date symlink: /home/dfx-rick/ctrl_ws/install/ctrl_ws/share/ctrl_ws/package.xml
[1.504s] -- Up-to-date: /home/dfx-rick/ctrl_ws/install/ctrl_ws/lib/liblqr_base.so
[1.506s] Invoked command in '/home/dfx-rick/ctrl_ws/build/ctrl_ws' returned '0': CMAKE_PREFIX_PATH=${CMAKE_PREFIX_PATH}:/opt/ros/foxy /usr/bin/cmake --install /home/dfx-rick/ctrl_ws/build/ctrl_ws
