[0.011s] Invoking command in '/home/dfx-rick/ctrl_ws/build/ctrl_ws': CMAKE_PREFIX_PATH=/opt/ros/foxy /usr/bin/cmake --build /home/dfx-rick/ctrl_ws/build/ctrl_ws -- -j4 -l4
[0.052s] [35m[1mScanning dependencies of target lqr_implement[0m
[0.062s] [ 50%] Built target lqr_base
[0.077s] [ 75%] [32mBuilding CXX object CMakeFiles/lqr_implement.dir/src/ctrl_node.cpp.o[0m
[6.712s] [100%] [32m[1mLinking CXX shared library liblqr_implement.so[0m
[7.939s] [100%] Built target lqr_implement
[7.949s] Invoked command in '/home/dfx-rick/ctrl_ws/build/ctrl_ws' returned '0': CMAKE_PREFIX_PATH=/opt/ros/foxy /usr/bin/cmake --build /home/dfx-rick/ctrl_ws/build/ctrl_ws -- -j4 -l4
[7.984s] Invoking command in '/home/dfx-rick/ctrl_ws/build/ctrl_ws': CMAKE_PREFIX_PATH=/opt/ros/foxy /usr/bin/cmake --install /home/dfx-rick/ctrl_ws/build/ctrl_ws
[7.992s] -- Install configuration: ""
[7.993s] -- Execute custom install script
[7.993s] -- Up-to-date symlink: /home/dfx-rick/ctrl_ws/install/ctrl_ws/include/lqr
[7.993s] -- Up-to-date symlink: /home/dfx-rick/ctrl_ws/install/ctrl_ws/include/lqr.h
[7.994s] -- Up-to-date symlink: /home/dfx-rick/ctrl_ws/install/ctrl_ws/share/ctrl_ws/environment/library_path.sh
[7.994s] -- Up-to-date symlink: /home/dfx-rick/ctrl_ws/install/ctrl_ws/share/ctrl_ws/environment/library_path.dsv
[7.994s] -- Up-to-date symlink: /home/dfx-rick/ctrl_ws/install/ctrl_ws/share/ament_index/resource_index/package_run_dependencies/ctrl_ws
[7.995s] -- Up-to-date symlink: /home/dfx-rick/ctrl_ws/install/ctrl_ws/share/ament_index/resource_index/parent_prefix_path/ctrl_ws
[7.995s] -- Up-to-date symlink: /home/dfx-rick/ctrl_ws/install/ctrl_ws/share/ctrl_ws/environment/ament_prefix_path.sh
[7.995s] -- Up-to-date symlink: /home/dfx-rick/ctrl_ws/install/ctrl_ws/share/ctrl_ws/environment/ament_prefix_path.dsv
[7.995s] -- Up-to-date symlink: /home/dfx-rick/ctrl_ws/install/ctrl_ws/share/ctrl_ws/environment/path.sh
[7.996s] -- Up-to-date symlink: /home/dfx-rick/ctrl_ws/install/ctrl_ws/share/ctrl_ws/environment/path.dsv
[7.996s] -- Up-to-date symlink: /home/dfx-rick/ctrl_ws/install/ctrl_ws/share/ctrl_ws/local_setup.bash
[7.996s] -- Up-to-date symlink: /home/dfx-rick/ctrl_ws/install/ctrl_ws/share/ctrl_ws/local_setup.sh
[7.996s] -- Up-to-date symlink: /home/dfx-rick/ctrl_ws/install/ctrl_ws/share/ctrl_ws/local_setup.zsh
[7.997s] -- Up-to-date symlink: /home/dfx-rick/ctrl_ws/install/ctrl_ws/share/ctrl_ws/local_setup.dsv
[7.997s] -- Symlinking: /home/dfx-rick/ctrl_ws/install/ctrl_ws/share/ctrl_ws/package.dsv
[8.007s] -- Up-to-date symlink: /home/dfx-rick/ctrl_ws/install/ctrl_ws/share/ament_index/resource_index/packages/ctrl_ws
[8.007s] -- Up-to-date symlink: /home/dfx-rick/ctrl_ws/install/ctrl_ws/share/ctrl_ws/cmake/ament_cmake_export_include_directories-extras.cmake
[8.007s] -- Up-to-date symlink: /home/dfx-rick/ctrl_ws/install/ctrl_ws/share/ctrl_ws/cmake/ament_cmake_export_libraries-extras.cmake
[8.008s] -- Up-to-date symlink: /home/dfx-rick/ctrl_ws/install/ctrl_ws/share/ctrl_ws/cmake/ament_cmake_export_dependencies-extras.cmake
[8.008s] -- Up-to-date symlink: /home/dfx-rick/ctrl_ws/install/ctrl_ws/share/ctrl_ws/cmake/ctrl_wsConfig.cmake
[8.008s] -- Up-to-date symlink: /home/dfx-rick/ctrl_ws/install/ctrl_ws/share/ctrl_ws/cmake/ctrl_wsConfig-version.cmake
[8.008s] -- Up-to-date symlink: /home/dfx-rick/ctrl_ws/install/ctrl_ws/share/ctrl_ws/package.xml
[8.035s] -- Up-to-date: /home/dfx-rick/ctrl_ws/install/ctrl_ws/lib/liblqr_base.so
[8.036s] -- Installing: /home/dfx-rick/ctrl_ws/install/ctrl_ws/lib/liblqr_implement.so
[8.039s] -- Set runtime path of "/home/dfx-rick/ctrl_ws/install/ctrl_ws/lib/liblqr_implement.so" to ""
[8.042s] Invoked command in '/home/dfx-rick/ctrl_ws/build/ctrl_ws' returned '0': CMAKE_PREFIX_PATH=/opt/ros/foxy /usr/bin/cmake --install /home/dfx-rick/ctrl_ws/build/ctrl_ws
