[0.012s] Invoking command in '/home/dfx-rick/ctrl_ws/build/ctrl_ws': CMAKE_PREFIX_PATH=/opt/ros/foxy /usr/bin/cmake --build /home/dfx-rick/ctrl_ws/build/ctrl_ws -- -j4 -l4
[0.039s] -- Found ament_cmake: 0.9.8 (/opt/ros/foxy/share/ament_cmake/cmake)
[0.060s] -- Using PYTHON_EXECUTABLE: /usr/bin/python3
[0.328s] -- Override CMake install command with custom implementation using symlinks instead of copying resources
[0.373s] -- Found rclcpp: 2.3.1 (/opt/ros/foxy/share/rclcpp/cmake)
[0.790s] -- Using all available rosidl_typesupport_c: rosidl_typesupport_fastrtps_c;rosidl_typesupport_introspection_c
[0.797s] -- Found rosidl_adapter: 1.2.1 (/opt/ros/foxy/share/rosidl_adapter/cmake)
[1.046s] -- Using all available rosidl_typesupport_cpp: rosidl_typesupport_fastrtps_cpp;rosidl_typesupport_introspection_cpp
[1.106s] -- Found rmw_implementation_cmake: 1.0.3 (/opt/ros/foxy/share/rmw_implementation_cmake/cmake)
[1.108s] -- Using RMW implementation 'rmw_fastrtps_cpp' as default
[1.255s] -- Found ament_lint_auto: 0.9.6 (/opt/ros/foxy/share/ament_lint_auto/cmake)
[1.334s] -- Added test 'copyright' to check source files copyright and LICENSE
[1.544s] -- Added test 'cppcheck' to perform static code analysis on C / C++ code
[1.544s] -- Configured cppcheck include dirs: /home/dfx-rick/ctrl_ws/include
[1.544s] -- Configured cppcheck exclude dirs and/or files: 
[1.613s] -- Added test 'cpplint' to check C / C++ code against the Google style
[1.613s] -- Configured cpplint exclude dirs and/or files: 
[1.622s] -- Added test 'flake8' to check Python code syntax and style conventions
[1.640s] -- Added test 'lint_cmake' to check CMake code style
[1.649s] -- Added test 'pep257' to check Python code against some of the style conventions in PEP 257
[1.718s] -- Added test 'uncrustify' to check C / C++ code style
[1.718s] -- Configured uncrustify additional arguments: 
[1.727s] -- Added test 'xmllint' to check XML markup files
[1.732s] -- Configuring done
[1.771s] -- Generating done
[1.778s] -- Build files have been written to: /home/dfx-rick/ctrl_ws/build/ctrl_ws
[1.815s] [35m[1mScanning dependencies of target lqr_implement[0m
[1.824s] [ 50%] [32mBuilding CXX object CMakeFiles/lqr_implement.dir/src/ctrl_node.cpp.o[0m
[1.824s] [ 75%] Built target lqr_base
[2.042s] [01m[K/home/dfx-rick/ctrl_ws/src/ctrl_node.cpp:6:10:[m[K [01;31m[Kfatal error: [m[Krclcpp/rclcpp.hpp: No such file or directory
[2.043s]     6 | #include [01;31m[K"rclcpp/rclcpp.hpp"[m[K
[2.043s]       |          [01;31m[K^~~~~~~~~~~~~~~~~~~[m[K
[2.044s] compilation terminated.
[2.050s] make[2]: *** [CMakeFiles/lqr_implement.dir/build.make:63: CMakeFiles/lqr_implement.dir/src/ctrl_node.cpp.o] Error 1
[2.051s] make[1]: *** [CMakeFiles/Makefile2:80: CMakeFiles/lqr_implement.dir/all] Error 2
[2.052s] make: *** [Makefile:141: all] Error 2
[2.061s] Invoked command in '/home/dfx-rick/ctrl_ws/build/ctrl_ws' returned '2': CMAKE_PREFIX_PATH=/opt/ros/foxy /usr/bin/cmake --build /home/dfx-rick/ctrl_ws/build/ctrl_ws -- -j4 -l4
