[35m[1mScanning dependencies of target lqr_implement[0m
[ 50%] Built target lqr_base
[ 75%] [32mBuilding CXX object CMakeFiles/lqr_implement.dir/src/ctrl_node.cpp.o[0m
[01m[K/home/dfx-rick/ctrl_ws/src/ctrl_node.cpp:63:57:[m[K [01;31m[Kerror: [m[Ktemplate argument 1 is invalid
   63 |   std::vector<rclcpp::Publisher<std_msgs::msg::Float32> [01;31m[Kjoints[m[K;
      |                                                         [01;31m[K^~~~~~[m[K
[01m[K/home/dfx-rick/ctrl_ws/src/ctrl_node.cpp:63:57:[m[K [01;31m[Kerror: [m[Ktemplate argument 2 is invalid
[01m[K/home/dfx-rick/ctrl_ws/src/ctrl_node.cpp:[m[K In constructor ‘[01m[Kctrl_node::ctrl_node()[m[K’:
[01m[K/home/dfx-rick/ctrl_ws/src/ctrl_node.cpp:25:4:[m[K [01;31m[Kerror: [m[K‘[01m[Kjoints[m[K’ was not declared in this scope
   25 |    [01;31m[Kjoints[m[K.resize(6);
      |    [01;31m[K^~~~~~[m[K
[01m[K/home/dfx-rick/ctrl_ws/src/ctrl_node.cpp:32:152:[m[K [01;31m[Kerror: [m[Kno matching function for call to ‘[01m[Kctrl_node::create_subscription<std_msgs::msg::Float32MultiArray>(const char [11], std::_Bind_helper<false, void (ctrl_node::*)(std::shared_ptr<std_msgs::msg::Float32MultiArray_<std::allocator<void> > >), ctrl_node*, const std::_Placeholder<1>&>::type)[m[K’
   32 |    jointStatesub=this->create_subscription<std_msgs::msg::Float32MultiArray>("StateTopic", std::bind(&ctrl_node::callback, this, std::placeholders::_1)[01;31m[K)[m[K;
      |                                                                                                                                                        [01;31m[K^[m[K
In file included from [01m[K/opt/ros/foxy/include/rclcpp/executors/single_threaded_executor.hpp:28[m[K,
                 from [01m[K/opt/ros/foxy/include/rclcpp/executors.hpp:22[m[K,
                 from [01m[K/opt/ros/foxy/include/rclcpp/rclcpp.hpp:146[m[K,
                 from [01m[K/home/dfx-rick/ctrl_ws/src/ctrl_node.cpp:6[m[K:
[01m[K/opt/ros/foxy/include/rclcpp/node.hpp:213:3:[m[K [01;36m[Knote: [m[Kcandidate: ‘[01m[Ktemplate<class MessageT, class CallbackT, class AllocatorT, class CallbackMessageT, class SubscriptionT, class MessageMemoryStrategyT> std::shared_ptr<SubscriptionT> rclcpp::Node::create_subscription(const string&, const rclcpp::QoS&, CallbackT&&, const rclcpp::SubscriptionOptionsWithAllocator<AllocatorT>&, typename MessageMemoryStrategyT::SharedPtr)[m[K’
  213 |   [01;36m[Kcreate_subscription[m[K(
      |   [01;36m[K^~~~~~~~~~~~~~~~~~~[m[K
[01m[K/opt/ros/foxy/include/rclcpp/node.hpp:213:3:[m[K [01;36m[Knote: [m[K  template argument deduction/substitution failed:
[01m[K/home/dfx-rick/ctrl_ws/src/ctrl_node.cpp:32:152:[m[K [01;36m[Knote: [m[K  candidate expects 5 arguments, 2 provided
   32 |    jointStatesub=this->create_subscription<std_msgs::msg::Float32MultiArray>("StateTopic", std::bind(&ctrl_node::callback, this, std::placeholders::_1)[01;36m[K)[m[K;
      |                                                                                                                                                        [01;36m[K^[m[K
[01m[K/home/dfx-rick/ctrl_ws/src/ctrl_node.cpp:33:153:[m[K [01;31m[Kerror: [m[Kno matching function for call to ‘[01m[Kctrl_node::create_subscription<std_msgs::msg::Float32MultiArray>(const char [9], std::_Bind_helper<false, void (ctrl_node::*)(std::shared_ptr<std_msgs::msg::Float32MultiArray_<std::allocator<void> > >), ctrl_node*, const std::_Placeholder<1>&>::type)[m[K’
   33 |    jointStatedes=this->create_subscription<std_msgs::msg::Float32MultiArray>("Desstate", std::bind(&ctrl_node::descallback, this, std::placeholders::_1)[01;31m[K)[m[K;
      |                                                                                                                                                         [01;31m[K^[m[K
In file included from [01m[K/opt/ros/foxy/include/rclcpp/executors/single_threaded_executor.hpp:28[m[K,
                 from [01m[K/opt/ros/foxy/include/rclcpp/executors.hpp:22[m[K,
                 from [01m[K/opt/ros/foxy/include/rclcpp/rclcpp.hpp:146[m[K,
                 from [01m[K/home/dfx-rick/ctrl_ws/src/ctrl_node.cpp:6[m[K:
[01m[K/opt/ros/foxy/include/rclcpp/node.hpp:213:3:[m[K [01;36m[Knote: [m[Kcandidate: ‘[01m[Ktemplate<class MessageT, class CallbackT, class AllocatorT, class CallbackMessageT, class SubscriptionT, class MessageMemoryStrategyT> std::shared_ptr<SubscriptionT> rclcpp::Node::create_subscription(const string&, const rclcpp::QoS&, CallbackT&&, const rclcpp::SubscriptionOptionsWithAllocator<AllocatorT>&, typename MessageMemoryStrategyT::SharedPtr)[m[K’
  213 |   [01;36m[Kcreate_subscription[m[K(
      |   [01;36m[K^~~~~~~~~~~~~~~~~~~[m[K
[01m[K/opt/ros/foxy/include/rclcpp/node.hpp:213:3:[m[K [01;36m[Knote: [m[K  template argument deduction/substitution failed:
[01m[K/home/dfx-rick/ctrl_ws/src/ctrl_node.cpp:33:153:[m[K [01;36m[Knote: [m[K  candidate expects 5 arguments, 2 provided
   33 |    jointStatedes=this->create_subscription<std_msgs::msg::Float32MultiArray>("Desstate", std::bind(&ctrl_node::descallback, this, std::placeholders::_1)[01;36m[K)[m[K;
      |                                                                                                                                                         [01;36m[K^[m[K
[01m[K/home/dfx-rick/ctrl_ws/src/ctrl_node.cpp:[m[K In member function ‘[01m[Kvoid ctrl_node::callback(std_msgs::msg::Float32MultiArray_<std::allocator<void> >::SharedPtr)[m[K’:
[01m[K/home/dfx-rick/ctrl_ws/src/ctrl_node.cpp:80:37:[m[K [01;31m[Kerror: [m[K‘[01m[Kjoints[m[K’ was not declared in this scope
   80 |   Eigen::MatrixXd U=Eigen::MatrixXd([01;31m[Kjoints[m[K.size(),1);
      |                                     [01;31m[K^~~~~~[m[K
[01m[K/home/dfx-rick/ctrl_ws/src/ctrl_node.cpp:84:23:[m[K [01;31m[Kerror: [m[Kno match for call to ‘[01m[K(std_msgs::msg::Float32MultiArray_<std::allocator<void> >::_data_type {aka std::vector<float>}) (long unsigned int&)[m[K’
   84 |    E(i,0)=msg_->data(i[01;31m[K)[m[K-msg->data(i);
      |                       [01;31m[K^[m[K
[01m[K/home/dfx-rick/ctrl_ws/src/ctrl_node.cpp:84:36:[m[K [01;31m[Kerror: [m[Kno match for call to ‘[01m[K(std_msgs::msg::Float32MultiArray_<std::allocator<void> >::_data_type {aka std::vector<float>}) (long unsigned int&)[m[K’
   84 |    E(i,0)=msg_->data(i)-msg->data(i[01;31m[K)[m[K;
      |                                    [01;31m[K^[m[K
[01m[K/home/dfx-rick/ctrl_ws/src/ctrl_node.cpp:92:17:[m[K [01;31m[Kerror: [m[Kno match for ‘[01m[Koperator=[m[K’ (operand types are ‘[01m[Kstd_msgs::msg::Float32MultiArray_<std::allocator<void> >::_data_type[m[K’ {aka ‘[01m[Kstd::vector<float>[m[K’} and ‘[01m[KEigen::DenseCoeffsBase<Eigen::Matrix<double, -1, -1>, 1>::Scalar[m[K’ {aka ‘[01m[Kdouble[m[K’})
   92 |    ci.data=U(j,0[01;31m[K)[m[K;
      |                 [01;31m[K^[m[K
In file included from [01m[K/usr/include/c++/9/vector:72[m[K,
                 from [01m[K/usr/include/c++/9/functional:62[m[K,
                 from [01m[K/home/dfx-rick/ctrl_ws/src/ctrl_node.cpp:2[m[K:
[01m[K/usr/include/c++/9/bits/vector.tcc:198:5:[m[K [01;36m[Knote: [m[Kcandidate: ‘[01m[Kstd::vector<_Tp, _Alloc>& std::vector<_Tp, _Alloc>::operator=(const std::vector<_Tp, _Alloc>&) [with _Tp = float; _Alloc = std::allocator<float>][m[K’
  198 |     [01;36m[Kvector<_Tp, _Alloc>[m[K::
      |     [01;36m[K^~~~~~~~~~~~~~~~~~~[m[K
[01m[K/usr/include/c++/9/bits/vector.tcc:199:42:[m[K [01;36m[Knote: [m[K  no known conversion for argument 1 from ‘[01m[KEigen::DenseCoeffsBase<Eigen::Matrix<double, -1, -1>, 1>::Scalar[m[K’ {aka ‘[01m[Kdouble[m[K’} to ‘[01m[Kconst std::vector<float>&[m[K’
  199 |     operator=([01;36m[Kconst vector<_Tp, _Alloc>& __x[m[K)
      |               [01;36m[K~~~~~~~~~~~~~~~~~~~~~~~~~~~^~~[m[K
In file included from [01m[K/usr/include/c++/9/vector:67[m[K,
                 from [01m[K/usr/include/c++/9/functional:62[m[K,
                 from [01m[K/home/dfx-rick/ctrl_ws/src/ctrl_node.cpp:2[m[K:
[01m[K/usr/include/c++/9/bits/stl_vector.h:706:7:[m[K [01;36m[Knote: [m[Kcandidate: ‘[01m[Kstd::vector<_Tp, _Alloc>& std::vector<_Tp, _Alloc>::operator=(std::vector<_Tp, _Alloc>&&) [with _Tp = float; _Alloc = std::allocator<float>][m[K’
  706 |       [01;36m[Koperator[m[K=(vector&& __x) noexcept(_Alloc_traits::_S_nothrow_move())
      |       [01;36m[K^~~~~~~~[m[K
[01m[K/usr/include/c++/9/bits/stl_vector.h:706:26:[m[K [01;36m[Knote: [m[K  no known conversion for argument 1 from ‘[01m[KEigen::DenseCoeffsBase<Eigen::Matrix<double, -1, -1>, 1>::Scalar[m[K’ {aka ‘[01m[Kdouble[m[K’} to ‘[01m[Kstd::vector<float>&&[m[K’
  706 |       operator=([01;36m[Kvector&& __x[m[K) noexcept(_Alloc_traits::_S_nothrow_move())
      |                 [01;36m[K~~~~~~~~~^~~[m[K
[01m[K/usr/include/c++/9/bits/stl_vector.h:727:7:[m[K [01;36m[Knote: [m[Kcandidate: ‘[01m[Kstd::vector<_Tp, _Alloc>& std::vector<_Tp, _Alloc>::operator=(std::initializer_list<_Tp>) [with _Tp = float; _Alloc = std::allocator<float>][m[K’
  727 |       [01;36m[Koperator[m[K=(initializer_list<value_type> __l)
      |       [01;36m[K^~~~~~~~[m[K
[01m[K/usr/include/c++/9/bits/stl_vector.h:727:46:[m[K [01;36m[Knote: [m[K  no known conversion for argument 1 from ‘[01m[KEigen::DenseCoeffsBase<Eigen::Matrix<double, -1, -1>, 1>::Scalar[m[K’ {aka ‘[01m[Kdouble[m[K’} to ‘[01m[Kstd::initializer_list<float>[m[K’
  727 |       operator=([01;36m[Kinitializer_list<value_type> __l[m[K)
      |                 [01;36m[K~~~~~~~~~~~~~~~~~~~~~~~~~~~~~^~~[m[K
make[2]: *** [CMakeFiles/lqr_implement.dir/build.make:63: CMakeFiles/lqr_implement.dir/src/ctrl_node.cpp.o] Error 1
make[1]: *** [CMakeFiles/Makefile2:80: CMakeFiles/lqr_implement.dir/all] Error 2
make: *** [Makefile:141: all] Error 2
