[0.014s] Invoking command in '/home/dfx-rick/ctrl_ws/build/ctrl_ws': CMAKE_PREFIX_PATH=/opt/ros/foxy /usr/bin/cmake --build /home/dfx-rick/ctrl_ws/build/ctrl_ws -- -j4 -l4
[0.037s] -- Found ament_cmake: 0.9.8 (/opt/ros/foxy/share/ament_cmake/cmake)
[0.058s] -- Using PYTHON_EXECUTABLE: /usr/bin/python3
[0.228s] -- Found rclcpp: 2.3.1 (/opt/ros/foxy/share/rclcpp/cmake)
[0.261s] -- Using all available rosidl_typesupport_c: rosidl_typesupport_fastrtps_c;rosidl_typesupport_introspection_c
[0.264s] -- Found rosidl_adapter: 1.2.1 (/opt/ros/foxy/share/rosidl_adapter/cmake)
[0.378s] -- Using all available rosidl_typesupport_cpp: rosidl_typesupport_fastrtps_cpp;rosidl_typesupport_introspection_cpp
[0.425s] -- Found rmw_implementation_cmake: 1.0.3 (/opt/ros/foxy/share/rmw_implementation_cmake/cmake)
[0.427s] -- Using RMW implementation 'rmw_fastrtps_cpp' as default
[0.568s] -- Found ament_lint_auto: 0.9.6 (/opt/ros/foxy/share/ament_lint_auto/cmake)
[0.629s] -- Added test 'copyright' to check source files copyright and LICENSE
[0.699s] -- Added test 'cppcheck' to perform static code analysis on C / C++ code
[0.699s] -- Configured cppcheck include dirs: /home/dfx-rick/ctrl_ws/include
[0.699s] -- Configured cppcheck exclude dirs and/or files: 
[0.769s] -- Added test 'cpplint' to check C / C++ code against the Google style
[0.769s] -- Configured cpplint exclude dirs and/or files: 
[0.778s] -- Added test 'flake8' to check Python code syntax and style conventions
[0.796s] -- Added test 'lint_cmake' to check CMake code style
[0.804s] -- Added test 'pep257' to check Python code against some of the style conventions in PEP 257
[0.874s] -- Added test 'uncrustify' to check C / C++ code style
[0.874s] -- Configured uncrustify additional arguments: 
[0.883s] -- Added test 'xmllint' to check XML markup files
[0.887s] -- Configuring done
[0.891s] -- Generating done
[0.892s] -- Build files have been written to: /home/dfx-rick/ctrl_ws/build/ctrl_ws
[0.913s] [35m[1mScanning dependencies of target lqr_test[0m
[0.913s] [35m[1mScanning dependencies of target lqr_base[0m
[0.923s] [ 50%] [32mBuilding CXX object CMakeFiles/lqr_base.dir/src/lqr.cpp.o[0m
[0.923s] [ 50%] [32mBuilding CXX object CMakeFiles/lqr_test.dir/src/example.cpp.o[0m
[0.932s] [01m[K/home/dfx-rick/ctrl_ws/src/example.cpp:1:10:[m[K [01;31m[Kfatal error: [m[Klqr/lqr.h: No such file or directory
[0.932s]     1 | #include [01;31m[K"lqr/lqr.h"[m[K
[0.932s]       |          [01;31m[K^~~~~~~~~~~[m[K
[0.932s] compilation terminated.
[0.933s] make[2]: *** [CMakeFiles/lqr_test.dir/build.make:63: CMakeFiles/lqr_test.dir/src/example.cpp.o] Error 1
[0.933s] make[1]: *** [CMakeFiles/Makefile2:80: CMakeFiles/lqr_test.dir/all] Error 2
[0.933s] make[1]: *** Waiting for unfinished jobs....
[10.226s] [ 75%] [32m[1mLinking CXX shared library liblqr_base.so[0m
[10.542s] [ 75%] Built target lqr_base
[10.543s] make: *** [Makefile:141: all] Error 2
[10.545s] Invoked command in '/home/dfx-rick/ctrl_ws/build/ctrl_ws' returned '2': CMAKE_PREFIX_PATH=/opt/ros/foxy /usr/bin/cmake --build /home/dfx-rick/ctrl_ws/build/ctrl_ws -- -j4 -l4
