[0.012s] Invoking command in '/home/dfx-rick/ctrl_ws/build/ctrl_ws': CMAKE_PREFIX_PATH=/opt/ros/foxy /usr/bin/cmake --build /home/dfx-rick/ctrl_ws/build/ctrl_ws -- -j4 -l4
[0.040s] -- Found ament_cmake: 0.9.8 (/opt/ros/foxy/share/ament_cmake/cmake)
[0.061s] -- Using PYTHON_EXECUTABLE: /usr/bin/python3
[0.233s] -- Found rclcpp: 2.3.1 (/opt/ros/foxy/share/rclcpp/cmake)
[0.265s] -- Using all available rosidl_typesupport_c: rosidl_typesupport_fastrtps_c;rosidl_typesupport_introspection_c
[0.268s] -- Found rosidl_adapter: 1.2.1 (/opt/ros/foxy/share/rosidl_adapter/cmake)
[0.384s] -- Using all available rosidl_typesupport_cpp: rosidl_typesupport_fastrtps_cpp;rosidl_typesupport_introspection_cpp
[0.434s] -- Found rmw_implementation_cmake: 1.0.3 (/opt/ros/foxy/share/rmw_implementation_cmake/cmake)
[0.436s] -- Using RMW implementation 'rmw_fastrtps_cpp' as default
[0.583s] -- Found ament_lint_auto: 0.9.6 (/opt/ros/foxy/share/ament_lint_auto/cmake)
[0.646s] -- Added test 'copyright' to check source files copyright and LICENSE
[0.654s] -- Added test 'cppcheck' to perform static code analysis on C / C++ code
[0.655s] -- Configured cppcheck include dirs: /home/dfx-rick/ctrl_ws/include
[0.655s] -- Configured cppcheck exclude dirs and/or files: 
[0.663s] -- Added test 'cpplint' to check C / C++ code against the Google style
[0.663s] -- Configured cpplint exclude dirs and/or files: 
[0.664s] -- Added test 'flake8' to check Python code syntax and style conventions
[0.666s] -- Added test 'lint_cmake' to check CMake code style
[0.668s] -- Added test 'pep257' to check Python code against some of the style conventions in PEP 257
[0.676s] -- Added test 'uncrustify' to check C / C++ code style
[0.676s] -- Configured uncrustify additional arguments: 
[0.677s] -- Added test 'xmllint' to check XML markup files
[0.681s] -- Configuring done
[0.684s] -- Generating done
[0.685s] -- Build files have been written to: /home/dfx-rick/ctrl_ws/build/ctrl_ws
[0.706s] [35m[1mScanning dependencies of target lqr_core[0m
[0.716s] [ 50%] [32mBuilding CXX object CMakeFiles/lqr_core.dir/src/lqr.cpp.o[0m
[0.722s] [01m[K/home/dfx-rick/ctrl_ws/src/lqr.cpp:1:10:[m[K [01;31m[Kfatal error: [m[Klqr/lqr.h: No such file or directory
[0.722s]     1 | #include [01;31m[K"lqr/lqr.h"[m[K
[0.723s]       |          [01;31m[K^~~~~~~~~~~[m[K
[0.723s] compilation terminated.
[0.723s] make[2]: *** [CMakeFiles/lqr_core.dir/build.make:63: CMakeFiles/lqr_core.dir/src/lqr.cpp.o] Error 1
[0.724s] make[1]: *** [CMakeFiles/Makefile2:78: CMakeFiles/lqr_core.dir/all] Error 2
[0.724s] make: *** [Makefile:141: all] Error 2
[0.726s] Invoked command in '/home/dfx-rick/ctrl_ws/build/ctrl_ws' returned '2': CMAKE_PREFIX_PATH=/opt/ros/foxy /usr/bin/cmake --build /home/dfx-rick/ctrl_ws/build/ctrl_ws -- -j4 -l4
