[35m[1mScanning dependencies of target lqr_test[0m
[ 50%] Built target lqr_base
[ 75%] [32mBuilding CXX object CMakeFiles/lqr_test.dir/src/example.cpp.o[0m
[100%] [32m[1mLinking CXX shared library liblqr_test.so[0m
[100%] Built target lqr_test
-- Install configuration: ""
-- Up-to-date: /home/dfx-rick/ctrl_ws/install/ctrl_ws/include
-- Up-to-date: /home/dfx-rick/ctrl_ws/install/ctrl_ws/include/lqr.h
-- Up-to-date: /home/dfx-rick/ctrl_ws/install/ctrl_ws/include/lqr
-- Up-to-date: /home/dfx-rick/ctrl_ws/install/ctrl_ws/share/ctrl_ws/script
-- Up-to-date: /home/dfx-rick/ctrl_ws/install/ctrl_ws/lib/liblqr_base.so
-- Up-to-date: /home/dfx-rick/ctrl_ws/install/ctrl_ws/share/ctrl_ws/environment/library_path.sh
-- Up-to-date: /home/dfx-rick/ctrl_ws/install/ctrl_ws/share/ctrl_ws/environment/library_path.dsv
-- Up-to-date: /home/dfx-rick/ctrl_ws/install/ctrl_ws/share/ament_index/resource_index/package_run_dependencies/ctrl_ws
-- Up-to-date: /home/dfx-rick/ctrl_ws/install/ctrl_ws/share/ament_index/resource_index/parent_prefix_path/ctrl_ws
-- Up-to-date: /home/dfx-rick/ctrl_ws/install/ctrl_ws/share/ctrl_ws/environment/ament_prefix_path.sh
-- Up-to-date: /home/dfx-rick/ctrl_ws/install/ctrl_ws/share/ctrl_ws/environment/ament_prefix_path.dsv
-- Up-to-date: /home/dfx-rick/ctrl_ws/install/ctrl_ws/share/ctrl_ws/environment/path.sh
-- Up-to-date: /home/dfx-rick/ctrl_ws/install/ctrl_ws/share/ctrl_ws/environment/path.dsv
-- Up-to-date: /home/dfx-rick/ctrl_ws/install/ctrl_ws/share/ctrl_ws/local_setup.bash
-- Up-to-date: /home/dfx-rick/ctrl_ws/install/ctrl_ws/share/ctrl_ws/local_setup.sh
-- Up-to-date: /home/dfx-rick/ctrl_ws/install/ctrl_ws/share/ctrl_ws/local_setup.zsh
-- Up-to-date: /home/dfx-rick/ctrl_ws/install/ctrl_ws/share/ctrl_ws/local_setup.dsv
-- Installing: /home/dfx-rick/ctrl_ws/install/ctrl_ws/share/ctrl_ws/package.dsv
-- Up-to-date: /home/dfx-rick/ctrl_ws/install/ctrl_ws/share/ament_index/resource_index/packages/ctrl_ws
-- Up-to-date: /home/dfx-rick/ctrl_ws/install/ctrl_ws/share/ctrl_ws/cmake/ament_cmake_export_include_directories-extras.cmake
-- Up-to-date: /home/dfx-rick/ctrl_ws/install/ctrl_ws/share/ctrl_ws/cmake/ament_cmake_export_libraries-extras.cmake
-- Up-to-date: /home/dfx-rick/ctrl_ws/install/ctrl_ws/share/ctrl_ws/cmake/ament_cmake_export_dependencies-extras.cmake
-- Up-to-date: /home/dfx-rick/ctrl_ws/install/ctrl_ws/share/ctrl_ws/cmake/ctrl_wsConfig.cmake
-- Up-to-date: /home/dfx-rick/ctrl_ws/install/ctrl_ws/share/ctrl_ws/cmake/ctrl_wsConfig-version.cmake
-- Up-to-date: /home/dfx-rick/ctrl_ws/install/ctrl_ws/share/ctrl_ws/package.xml
