[0.014s] Invoking command in '/home/dfx-rick/ctrl_ws/build/ctrl_ws': CMAKE_PREFIX_PATH=/opt/ros/foxy /usr/bin/cmake --build /home/dfx-rick/ctrl_ws/build/ctrl_ws -- -j4 -l4
[0.051s] [35m[1mScanning dependencies of target lqr_core[0m
[0.060s] [ 50%] [32mBuilding CXX object CMakeFiles/lqr_core.dir/src/lqr.cpp.o[0m
[1.039s] [01m[K/home/dfx-rick/ctrl_ws/src/lqr.cpp:6:70:[m[K [01;31m[Kerror: [m[Kexpected ‘[01m[K)[m[K’ before ‘[01m[K;[m[K’ token
[1.040s]     6 | lqr::lqr[34m[K([m[Klss &system_, std::vector<double> Q_, std::vector<double> R_[01;31m[K;[m[K){
[1.040s]       |         [34m[K~[m[K                                                            [01;31m[K^[m[K
[1.040s]       |                                                                      [32m[K)[m[K
[1.040s] [01m[K/home/dfx-rick/ctrl_ws/src/lqr.cpp:6:1:[m[K [01;31m[Kerror: [m[Kdeclaration of ‘[01m[Klqr::lqr(lss&, std::vector<double>, std::vector<double>)[m[K’ outside of class is not definition [[01;31m[K-fpermissive[m[K]
[1.040s]     6 | [01;31m[Klqr[m[K::lqr(lss &system_, std::vector<double> Q_, std::vector<double> R_;){
[1.040s]       | [01;31m[K^~~[m[K
[1.040s] [01m[K/home/dfx-rick/ctrl_ws/src/lqr.cpp:6:71:[m[K [01;31m[Kerror: [m[Kexpected unqualified-id before ‘[01m[K)[m[K’ token
[1.040s]     6 | lqr::lqr(lss &system_, std::vector<double> Q_, std::vector<double> R_;[01;31m[K)[m[K{
[1.040s]       |                                                                       [01;31m[K^[m[K
[1.040s] [01m[K/home/dfx-rick/ctrl_ws/src/lqr.cpp:38:26:[m[K [01;31m[Kerror: [m[KISO C++ forbids declaration of ‘[01m[KupdateK[m[K’ with no type [[01;31m[K-fpermissive[m[K]
[1.040s]    38 | lqr::updateK(lss &system_[01;31m[K)[m[K{
[1.040s]       |                          [01;31m[K^[m[K
[1.040s] [01m[K/home/dfx-rick/ctrl_ws/src/lqr.cpp:38:1:[m[K [01;31m[Kerror: [m[Kno declaration matches ‘[01m[Kint lqr::updateK(lss&)[m[K’
[1.041s]    38 | [01;31m[Klqr[m[K::updateK(lss &system_){
[1.041s]       | [01;31m[K^~~[m[K
[1.041s] In file included from [01m[K/home/dfx-rick/ctrl_ws/src/lqr.cpp:1[m[K:
[1.041s] [01m[K/home/dfx-rick/ctrl_ws/include/lqr.h:30:7:[m[K [01;36m[Knote: [m[Kcandidate is: ‘[01m[Kvoid lqr::updateK(lss&)[m[K’
[1.041s]    30 |  void [01;36m[KupdateK[m[K(lss &system_);
[1.041s]       |       [01;36m[K^~~~~~~[m[K
[1.041s] [01m[K/home/dfx-rick/ctrl_ws/include/lqr.h:20:7:[m[K [01;36m[Knote: [m[K‘[01m[Kclass lqr[m[K’ defined here
[1.041s]    20 | class [01;36m[Klqr[m[K{
[1.041s]       |       [01;36m[K^~~[m[K
[1.163s] make[2]: *** [CMakeFiles/lqr_core.dir/build.make:63: CMakeFiles/lqr_core.dir/src/lqr.cpp.o] Error 1
[1.163s] make[1]: *** [CMakeFiles/Makefile2:78: CMakeFiles/lqr_core.dir/all] Error 2
[1.163s] make: *** [Makefile:141: all] Error 2
[1.168s] Invoked command in '/home/dfx-rick/ctrl_ws/build/ctrl_ws' returned '2': CMAKE_PREFIX_PATH=/opt/ros/foxy /usr/bin/cmake --build /home/dfx-rick/ctrl_ws/build/ctrl_ws -- -j4 -l4
