Re-run cmake no build system arguments
-- Found ament_cmake: 0.9.8 (/opt/ros/foxy/share/ament_cmake/cmake)
-- Using PYTHON_EXECUTABLE: /usr/bin/python3
-- Override CMake install command with custom implementation using symlinks instead of copying resources
-- Found rclcpp: 2.3.1 (/opt/ros/foxy/share/rclcpp/cmake)
-- Using all available rosidl_typesupport_c: rosidl_typesupport_fastrtps_c;rosidl_typesupport_introspection_c
-- Found rosidl_adapter: 1.2.1 (/opt/ros/foxy/share/rosidl_adapter/cmake)
-- Using all available rosidl_typesupport_cpp: rosidl_typesupport_fastrtps_cpp;rosidl_typesupport_introspection_cpp
-- Found rmw_implementation_cmake: 1.0.3 (/opt/ros/foxy/share/rmw_implementation_cmake/cmake)
-- Using RMW implementation 'rmw_fastrtps_cpp' as default
-- Found ament_lint_auto: 0.9.6 (/opt/ros/foxy/share/ament_lint_auto/cmake)
-- Added test 'copyright' to check source files copyright and LICENSE
-- Added test 'cppcheck' to perform static code analysis on C / C++ code
-- Configured cppcheck include dirs: /home/dfx-rick/ctrl_ws/include
-- Configured cppcheck exclude dirs and/or files: 
-- Added test 'cpplint' to check C / C++ code against the Google style
-- Configured cpplint exclude dirs and/or files: 
-- Added test 'flake8' to check Python code syntax and style conventions
-- Added test 'lint_cmake' to check CMake code style
-- Added test 'pep257' to check Python code against some of the style conventions in PEP 257
-- Added test 'uncrustify' to check C / C++ code style
-- Configured uncrustify additional arguments: 
-- Added test 'xmllint' to check XML markup files
-- Configuring done
-- Generating done
-- Build files have been written to: /home/dfx-rick/ctrl_ws/build/ctrl_ws
/usr/bin/make -f CMakeFiles/Makefile2 clean
make[1]: Entering directory '/home/dfx-rick/ctrl_ws/build/ctrl_ws'
/usr/bin/make -f CMakeFiles/lqr_implement.dir/build.make CMakeFiles/lqr_implement.dir/clean
make[2]: Entering directory '/home/dfx-rick/ctrl_ws/build/ctrl_ws'
/usr/bin/cmake -P CMakeFiles/lqr_implement.dir/cmake_clean.cmake
make[2]: Leaving directory '/home/dfx-rick/ctrl_ws/build/ctrl_ws'
/usr/bin/make -f CMakeFiles/lqr_base.dir/build.make CMakeFiles/lqr_base.dir/clean
make[2]: Entering directory '/home/dfx-rick/ctrl_ws/build/ctrl_ws'
/usr/bin/cmake -P CMakeFiles/lqr_base.dir/cmake_clean.cmake
make[2]: Leaving directory '/home/dfx-rick/ctrl_ws/build/ctrl_ws'
/usr/bin/make -f CMakeFiles/ctrl_ws_uninstall.dir/build.make CMakeFiles/ctrl_ws_uninstall.dir/clean
make[2]: Entering directory '/home/dfx-rick/ctrl_ws/build/ctrl_ws'
/usr/bin/cmake -P CMakeFiles/ctrl_ws_uninstall.dir/cmake_clean.cmake
make[2]: Leaving directory '/home/dfx-rick/ctrl_ws/build/ctrl_ws'
/usr/bin/make -f CMakeFiles/uninstall.dir/build.make CMakeFiles/uninstall.dir/clean
make[2]: Entering directory '/home/dfx-rick/ctrl_ws/build/ctrl_ws'
/usr/bin/cmake -P CMakeFiles/uninstall.dir/cmake_clean.cmake
make[2]: Leaving directory '/home/dfx-rick/ctrl_ws/build/ctrl_ws'
make[1]: Leaving directory '/home/dfx-rick/ctrl_ws/build/ctrl_ws'
/usr/bin/cmake -S/home/dfx-rick/ctrl_ws -B/home/dfx-rick/ctrl_ws/build/ctrl_ws --check-build-system CMakeFiles/Makefile.cmake 0
/usr/bin/cmake -E cmake_progress_start /home/dfx-rick/ctrl_ws/build/ctrl_ws/CMakeFiles /home/dfx-rick/ctrl_ws/build/ctrl_ws/CMakeFiles/progress.marks
/usr/bin/make -f CMakeFiles/Makefile2 all
make[1]: Entering directory '/home/dfx-rick/ctrl_ws/build/ctrl_ws'
/usr/bin/make -f CMakeFiles/lqr_base.dir/build.make CMakeFiles/lqr_base.dir/depend
make[2]: Entering directory '/home/dfx-rick/ctrl_ws/build/ctrl_ws'
cd /home/dfx-rick/ctrl_ws/build/ctrl_ws && /usr/bin/cmake -E cmake_depends "Unix Makefiles" /home/dfx-rick/ctrl_ws /home/dfx-rick/ctrl_ws /home/dfx-rick/ctrl_ws/build/ctrl_ws /home/dfx-rick/ctrl_ws/build/ctrl_ws /home/dfx-rick/ctrl_ws/build/ctrl_ws/CMakeFiles/lqr_base.dir/DependInfo.cmake --color=
make[2]: Leaving directory '/home/dfx-rick/ctrl_ws/build/ctrl_ws'
/usr/bin/make -f CMakeFiles/lqr_base.dir/build.make CMakeFiles/lqr_base.dir/build
make[2]: Entering directory '/home/dfx-rick/ctrl_ws/build/ctrl_ws'
[ 25%] [32mBuilding CXX object CMakeFiles/lqr_base.dir/src/lqr.cpp.o[0m
/usr/bin/c++  -Dlqr_base_EXPORTS -I/home/dfx-rick/ctrl_ws/include  -O3 -DNDEBUG -fPIC   -Wall -Wextra -Wpedantic -std=gnu++17 -o CMakeFiles/lqr_base.dir/src/lqr.cpp.o -c /home/dfx-rick/ctrl_ws/src/lqr.cpp
[ 50%] [32m[1mLinking CXX shared library liblqr_base.so[0m
/usr/bin/cmake -E cmake_link_script CMakeFiles/lqr_base.dir/link.txt --verbose=1
/usr/bin/c++ -fPIC -O3 -DNDEBUG  -shared -Wl,-soname,liblqr_base.so -o liblqr_base.so CMakeFiles/lqr_base.dir/src/lqr.cpp.o 
make[2]: Leaving directory '/home/dfx-rick/ctrl_ws/build/ctrl_ws'
[ 50%] Built target lqr_base
/usr/bin/make -f CMakeFiles/lqr_implement.dir/build.make CMakeFiles/lqr_implement.dir/depend
make[2]: Entering directory '/home/dfx-rick/ctrl_ws/build/ctrl_ws'
cd /home/dfx-rick/ctrl_ws/build/ctrl_ws && /usr/bin/cmake -E cmake_depends "Unix Makefiles" /home/dfx-rick/ctrl_ws /home/dfx-rick/ctrl_ws /home/dfx-rick/ctrl_ws/build/ctrl_ws /home/dfx-rick/ctrl_ws/build/ctrl_ws /home/dfx-rick/ctrl_ws/build/ctrl_ws/CMakeFiles/lqr_implement.dir/DependInfo.cmake --color=
make[2]: Leaving directory '/home/dfx-rick/ctrl_ws/build/ctrl_ws'
/usr/bin/make -f CMakeFiles/lqr_implement.dir/build.make CMakeFiles/lqr_implement.dir/build
make[2]: Entering directory '/home/dfx-rick/ctrl_ws/build/ctrl_ws'
[ 75%] [32mBuilding CXX object CMakeFiles/lqr_implement.dir/src/ctrl_node.cpp.o[0m
/usr/bin/c++  -DDEFAULT_RMW_IMPLEMENTATION=rmw_fastrtps_cpp -DRCUTILS_ENABLE_FAULT_INJECTION -DSPDLOG_COMPILED_LIB -I/home/dfx-rick/ctrl_ws/include -isystem /opt/ros/foxy/include  -O3 -DNDEBUG   -Wall -Wextra -Wpedantic -std=gnu++17 -o CMakeFiles/lqr_implement.dir/src/ctrl_node.cpp.o -c /home/dfx-rick/ctrl_ws/src/ctrl_node.cpp
[100%] [32m[1mLinking CXX executable lqr_implement[0m
/usr/bin/cmake -E cmake_link_script CMakeFiles/lqr_implement.dir/link.txt --verbose=1
/usr/bin/c++  -O3 -DNDEBUG   CMakeFiles/lqr_implement.dir/src/ctrl_node.cpp.o  -o lqr_implement  -Wl,-rpath,/opt/ros/foxy/lib:/home/dfx-rick/ctrl_ws/build/ctrl_ws /opt/ros/foxy/lib/librclcpp.so liblqr_base.so /opt/ros/foxy/lib/liblibstatistics_collector.so /opt/ros/foxy/lib/liblibstatistics_collector_test_msgs__rosidl_typesupport_introspection_c.so /opt/ros/foxy/lib/liblibstatistics_collector_test_msgs__rosidl_generator_c.so /opt/ros/foxy/lib/liblibstatistics_collector_test_msgs__rosidl_typesupport_c.so /opt/ros/foxy/lib/liblibstatistics_collector_test_msgs__rosidl_typesupport_introspection_cpp.so /opt/ros/foxy/lib/liblibstatistics_collector_test_msgs__rosidl_typesupport_cpp.so /opt/ros/foxy/lib/libstd_msgs__rosidl_typesupport_introspection_c.so /opt/ros/foxy/lib/libstd_msgs__rosidl_generator_c.so /opt/ros/foxy/lib/libstd_msgs__rosidl_typesupport_c.so /opt/ros/foxy/lib/libstd_msgs__rosidl_typesupport_introspection_cpp.so /opt/ros/foxy/lib/libstd_msgs__rosidl_typesupport_cpp.so /opt/ros/foxy/lib/librcl.so /opt/ros/foxy/lib/librcl_interfaces__rosidl_typesupport_introspection_c.so /opt/ros/foxy/lib/librcl_interfaces__rosidl_generator_c.so /opt/ros/foxy/lib/librcl_interfaces__rosidl_typesupport_c.so /opt/ros/foxy/lib/librcl_interfaces__rosidl_typesupport_introspection_cpp.so /opt/ros/foxy/lib/librcl_interfaces__rosidl_typesupport_cpp.so /opt/ros/foxy/lib/librmw_implementation.so /opt/ros/foxy/lib/librmw.so /opt/ros/foxy/lib/librcl_logging_spdlog.so /usr/lib/x86_64-linux-gnu/libspdlog.so.1.5.0 -lpthread /opt/ros/foxy/lib/librcl_yaml_param_parser.so /opt/ros/foxy/lib/libyaml.so /opt/ros/foxy/lib/librosgraph_msgs__rosidl_typesupport_introspection_c.so /opt/ros/foxy/lib/librosgraph_msgs__rosidl_generator_c.so /opt/ros/foxy/lib/librosgraph_msgs__rosidl_typesupport_c.so /opt/ros/foxy/lib/librosgraph_msgs__rosidl_typesupport_introspection_cpp.so /opt/ros/foxy/lib/librosgraph_msgs__rosidl_typesupport_cpp.so /opt/ros/foxy/lib/libstatistics_msgs__rosidl_typesupport_introspection_c.so /opt/ros/foxy/lib/libstatistics_msgs__rosidl_generator_c.so /opt/ros/foxy/lib/libstatistics_msgs__rosidl_typesupport_c.so /opt/ros/foxy/lib/libstatistics_msgs__rosidl_typesupport_introspection_cpp.so /opt/ros/foxy/lib/libstatistics_msgs__rosidl_typesupport_cpp.so /opt/ros/foxy/lib/libbuiltin_interfaces__rosidl_typesupport_introspection_c.so /opt/ros/foxy/lib/libbuiltin_interfaces__rosidl_generator_c.so /opt/ros/foxy/lib/libbuiltin_interfaces__rosidl_typesupport_c.so /opt/ros/foxy/lib/libbuiltin_interfaces__rosidl_typesupport_introspection_cpp.so /opt/ros/foxy/lib/librosidl_typesupport_introspection_cpp.so /opt/ros/foxy/lib/librosidl_typesupport_introspection_c.so /opt/ros/foxy/lib/libbuiltin_interfaces__rosidl_typesupport_cpp.so /opt/ros/foxy/lib/librosidl_typesupport_cpp.so /opt/ros/foxy/lib/librosidl_typesupport_c.so /opt/ros/foxy/lib/librcpputils.so /opt/ros/foxy/lib/librosidl_runtime_c.so /opt/ros/foxy/lib/librcutils.so -ldl /opt/ros/foxy/lib/libtracetools.so 
make[2]: Leaving directory '/home/dfx-rick/ctrl_ws/build/ctrl_ws'
[100%] Built target lqr_implement
make[1]: Leaving directory '/home/dfx-rick/ctrl_ws/build/ctrl_ws'
/usr/bin/cmake -E cmake_progress_start /home/dfx-rick/ctrl_ws/build/ctrl_ws/CMakeFiles 0
-- Install configuration: "Release"
-- Execute custom install script
-- Up-to-date symlink: /home/dfx-rick/ctrl_ws/install/ctrl_ws/include/lqr
-- Up-to-date symlink: /home/dfx-rick/ctrl_ws/install/ctrl_ws/include/lqr.h
-- Up-to-date symlink: /home/dfx-rick/ctrl_ws/install/ctrl_ws/share/ctrl_ws/script/irb140.lua
-- Up-to-date symlink: /home/dfx-rick/ctrl_ws/install/ctrl_ws/lib/ctrl_ws/liblqr_base.so
-- Up-to-date symlink: /home/dfx-rick/ctrl_ws/install/ctrl_ws/lib/ctrl_ws/lqr_implement
-- Up-to-date symlink: /home/dfx-rick/ctrl_ws/install/ctrl_ws/share/ctrl_ws/environment/library_path.sh
-- Up-to-date symlink: /home/dfx-rick/ctrl_ws/install/ctrl_ws/share/ctrl_ws/environment/library_path.dsv
-- Up-to-date symlink: /home/dfx-rick/ctrl_ws/install/ctrl_ws/share/ament_index/resource_index/package_run_dependencies/ctrl_ws
-- Up-to-date symlink: /home/dfx-rick/ctrl_ws/install/ctrl_ws/share/ament_index/resource_index/parent_prefix_path/ctrl_ws
-- Up-to-date symlink: /home/dfx-rick/ctrl_ws/install/ctrl_ws/share/ctrl_ws/environment/ament_prefix_path.sh
-- Up-to-date symlink: /home/dfx-rick/ctrl_ws/install/ctrl_ws/share/ctrl_ws/environment/ament_prefix_path.dsv
-- Up-to-date symlink: /home/dfx-rick/ctrl_ws/install/ctrl_ws/share/ctrl_ws/environment/path.sh
-- Up-to-date symlink: /home/dfx-rick/ctrl_ws/install/ctrl_ws/share/ctrl_ws/environment/path.dsv
-- Up-to-date symlink: /home/dfx-rick/ctrl_ws/install/ctrl_ws/share/ctrl_ws/local_setup.bash
-- Up-to-date symlink: /home/dfx-rick/ctrl_ws/install/ctrl_ws/share/ctrl_ws/local_setup.sh
-- Up-to-date symlink: /home/dfx-rick/ctrl_ws/install/ctrl_ws/share/ctrl_ws/local_setup.zsh
-- Up-to-date symlink: /home/dfx-rick/ctrl_ws/install/ctrl_ws/share/ctrl_ws/local_setup.dsv
-- Symlinking: /home/dfx-rick/ctrl_ws/install/ctrl_ws/share/ctrl_ws/package.dsv
-- Up-to-date symlink: /home/dfx-rick/ctrl_ws/install/ctrl_ws/share/ament_index/resource_index/packages/ctrl_ws
-- Up-to-date symlink: /home/dfx-rick/ctrl_ws/install/ctrl_ws/share/ctrl_ws/cmake/ament_cmake_export_include_directories-extras.cmake
-- Up-to-date symlink: /home/dfx-rick/ctrl_ws/install/ctrl_ws/share/ctrl_ws/cmake/ament_cmake_export_libraries-extras.cmake
-- Up-to-date symlink: /home/dfx-rick/ctrl_ws/install/ctrl_ws/share/ctrl_ws/cmake/ament_cmake_export_dependencies-extras.cmake
-- Up-to-date symlink: /home/dfx-rick/ctrl_ws/install/ctrl_ws/share/ctrl_ws/cmake/ctrl_wsConfig.cmake
-- Up-to-date symlink: /home/dfx-rick/ctrl_ws/install/ctrl_ws/share/ctrl_ws/cmake/ctrl_wsConfig-version.cmake
-- Up-to-date symlink: /home/dfx-rick/ctrl_ws/install/ctrl_ws/share/ctrl_ws/package.xml
-- Installing: /home/dfx-rick/ctrl_ws/install/ctrl_ws/lib/liblqr_base.so
