[0.011s] Invoking command in '/home/dfx-rick/ctrl_ws/build/ctrl_ws': CMAKE_PREFIX_PATH=/opt/ros/foxy /usr/bin/cmake --build /home/dfx-rick/ctrl_ws/build/ctrl_ws -- -j4 -l4
[0.050s] [35m[1mScanning dependencies of target lqr_test[0m
[0.059s] [ 50%] [32mBuilding CXX object CMakeFiles/lqr_test.dir/src/example.cpp.o[0m
[0.059s] [ 75%] Built target lqr_base
[1.002s] [01m[K/home/dfx-rick/ctrl_ws/src/example.cpp:[m[K In function ‘[01m[Kint main()[m[K’:
[1.003s] [01m[K/home/dfx-rick/ctrl_ws/src/example.cpp:10:25:[m[K [01;35m[Kwarning: [m[Kdivision by zero [[01;35m[K-Wdiv-by-zero[m[K]
[1.003s]    10 |  system.A<< 0,1,0,[01;35m[K-1.0/5/0[m[K;
[1.003s]       |                   [01;35m[K~~~~~~^~[m[K
[1.244s] [100%] [32m[1mLinking CXX shared library liblqr_test.so[0m
[1.320s] [100%] Built target lqr_test
[1.330s] Invoked command in '/home/dfx-rick/ctrl_ws/build/ctrl_ws' returned '0': CMAKE_PREFIX_PATH=/opt/ros/foxy /usr/bin/cmake --build /home/dfx-rick/ctrl_ws/build/ctrl_ws -- -j4 -l4
[1.362s] Invoking command in '/home/dfx-rick/ctrl_ws/build/ctrl_ws': CMAKE_PREFIX_PATH=/opt/ros/foxy /usr/bin/cmake --install /home/dfx-rick/ctrl_ws/build/ctrl_ws
[1.370s] -- Install configuration: ""
[1.370s] -- Up-to-date: /home/dfx-rick/ctrl_ws/install/ctrl_ws/include
[1.370s] -- Up-to-date: /home/dfx-rick/ctrl_ws/install/ctrl_ws/include/lqr.h
[1.370s] -- Up-to-date: /home/dfx-rick/ctrl_ws/install/ctrl_ws/include/lqr
[1.370s] -- Up-to-date: /home/dfx-rick/ctrl_ws/install/ctrl_ws/share/ctrl_ws/script
[1.370s] -- Installing: /home/dfx-rick/ctrl_ws/install/ctrl_ws/lib/liblqr_base.so
[1.376s] -- Up-to-date: /home/dfx-rick/ctrl_ws/install/ctrl_ws/share/ctrl_ws/environment/library_path.sh
[1.376s] -- Installing: /home/dfx-rick/ctrl_ws/install/ctrl_ws/share/ctrl_ws/environment/library_path.dsv
[1.376s] -- Up-to-date: /home/dfx-rick/ctrl_ws/install/ctrl_ws/share/ament_index/resource_index/package_run_dependencies/ctrl_ws
[1.376s] -- Up-to-date: /home/dfx-rick/ctrl_ws/install/ctrl_ws/share/ament_index/resource_index/parent_prefix_path/ctrl_ws
[1.376s] -- Up-to-date: /home/dfx-rick/ctrl_ws/install/ctrl_ws/share/ctrl_ws/environment/ament_prefix_path.sh
[1.376s] -- Installing: /home/dfx-rick/ctrl_ws/install/ctrl_ws/share/ctrl_ws/environment/ament_prefix_path.dsv
[1.377s] -- Up-to-date: /home/dfx-rick/ctrl_ws/install/ctrl_ws/share/ctrl_ws/environment/path.sh
[1.377s] -- Installing: /home/dfx-rick/ctrl_ws/install/ctrl_ws/share/ctrl_ws/environment/path.dsv
[1.377s] -- Up-to-date: /home/dfx-rick/ctrl_ws/install/ctrl_ws/share/ctrl_ws/local_setup.bash
[1.377s] -- Up-to-date: /home/dfx-rick/ctrl_ws/install/ctrl_ws/share/ctrl_ws/local_setup.sh
[1.377s] -- Up-to-date: /home/dfx-rick/ctrl_ws/install/ctrl_ws/share/ctrl_ws/local_setup.zsh
[1.377s] -- Installing: /home/dfx-rick/ctrl_ws/install/ctrl_ws/share/ctrl_ws/local_setup.dsv
[1.377s] -- Installing: /home/dfx-rick/ctrl_ws/install/ctrl_ws/share/ctrl_ws/package.dsv
[1.377s] -- Up-to-date: /home/dfx-rick/ctrl_ws/install/ctrl_ws/share/ament_index/resource_index/packages/ctrl_ws
[1.377s] -- Up-to-date: /home/dfx-rick/ctrl_ws/install/ctrl_ws/share/ctrl_ws/cmake/ament_cmake_export_include_directories-extras.cmake
[1.377s] -- Up-to-date: /home/dfx-rick/ctrl_ws/install/ctrl_ws/share/ctrl_ws/cmake/ament_cmake_export_libraries-extras.cmake
[1.377s] -- Up-to-date: /home/dfx-rick/ctrl_ws/install/ctrl_ws/share/ctrl_ws/cmake/ament_cmake_export_dependencies-extras.cmake
[1.378s] -- Up-to-date: /home/dfx-rick/ctrl_ws/install/ctrl_ws/share/ctrl_ws/cmake/ctrl_wsConfig.cmake
[1.378s] -- Up-to-date: /home/dfx-rick/ctrl_ws/install/ctrl_ws/share/ctrl_ws/cmake/ctrl_wsConfig-version.cmake
[1.378s] -- Up-to-date: /home/dfx-rick/ctrl_ws/install/ctrl_ws/share/ctrl_ws/package.xml
[1.380s] Invoked command in '/home/dfx-rick/ctrl_ws/build/ctrl_ws' returned '0': CMAKE_PREFIX_PATH=/opt/ros/foxy /usr/bin/cmake --install /home/dfx-rick/ctrl_ws/build/ctrl_ws
